2013-07-16 19:59:37 WebappLoader[/doc]: Deploying class repositories to work directory /home/freeze/water_monitor/African_Drought_Monitor/LIBRARIES/gds-2.0/tomcat4/work/Standalone/localhost/doc
2013-07-16 19:59:37 ContextConfig[/doc]: Missing application web.xml, using defaults only
2013-07-16 19:59:37 StandardManager[/doc]: Seeding random number generator class java.security.SecureRandom
2013-07-16 19:59:37 StandardManager[/doc]: Seeding of random number generator has been completed
2013-07-16 19:59:37 StandardWrapper[/doc:default]: Loading container servlet default
2013-07-16 19:59:37 StandardWrapper[/doc:invoker]: Loading container servlet invoker
2013-07-16 19:59:37 HostConfig[localhost]: Deploying web application directory ROOT
2013-07-16 19:59:37 StandardHost[localhost]: Installing web application at context path  from URL file:/home/freeze/water_monitor/African_Drought_Monitor/LIBRARIES/gds-2.0/tomcat4/webapps/ROOT
2013-07-16 19:59:37 WebappLoader[]: Deploying class repositories to work directory /home/freeze/water_monitor/African_Drought_Monitor/LIBRARIES/gds-2.0/tomcat4/work/Standalone/localhost/_
2013-07-16 19:59:37 StandardManager[]: Seeding random number generator class java.security.SecureRandom
2013-07-16 19:59:37 StandardManager[]: Seeding of random number generator has been completed
2013-07-16 19:59:37 StandardWrapper[:default]: Loading container servlet default
2013-07-16 19:59:37 StandardWrapper[:invoker]: Loading container servlet invoker
2013-07-16 19:59:37 HostConfig[localhost]: Deploying web application directory dods
2013-07-16 19:59:37 StandardHost[localhost]: Installing web application at context path /dods from URL file:/home/freeze/water_monitor/African_Drought_Monitor/LIBRARIES/gds-2.0/tomcat4/webapps/dods
2013-07-16 19:59:37 WebappLoader[/dods]: Deploying class repositories to work directory /home/freeze/water_monitor/African_Drought_Monitor/LIBRARIES/gds-2.0/tomcat4/work/Standalone/localhost/dods
2013-07-16 19:59:37 WebappLoader[/dods]: Deploy JAR /WEB-INF/lib/anagram.jar to /home/freeze/water_monitor/African_Drought_Monitor/LIBRARIES/gds-2.0/tomcat4/webapps/dods/WEB-INF/lib/anagram.jar
2013-07-16 19:59:37 WebappLoader[/dods]: Deploy JAR /WEB-INF/lib/dods-1.1.7.jar to /home/freeze/water_monitor/African_Drought_Monitor/LIBRARIES/gds-2.0/tomcat4/webapps/dods/WEB-INF/lib/dods-1.1.7.jar
2013-07-16 19:59:37 WebappLoader[/dods]: Deploy JAR /WEB-INF/lib/gds.jar to /home/freeze/water_monitor/African_Drought_Monitor/LIBRARIES/gds-2.0/tomcat4/webapps/dods/WEB-INF/lib/gds.jar
2013-07-16 19:59:37 WebappLoader[/dods]: Deploy JAR /WEB-INF/lib/gnu-getopt-1.0.6.jar to /home/freeze/water_monitor/African_Drought_Monitor/LIBRARIES/gds-2.0/tomcat4/webapps/dods/WEB-INF/lib/gnu-getopt-1.0.6.jar
2013-07-16 19:59:37 WebappLoader[/dods]: Deploy JAR /WEB-INF/lib/gnu-regexp-1.1.4.jar to /home/freeze/water_monitor/African_Drought_Monitor/LIBRARIES/gds-2.0/tomcat4/webapps/dods/WEB-INF/lib/gnu-regexp-1.1.4.jar
2013-07-16 19:59:37 StandardManager[/dods]: Seeding random number generator class java.security.SecureRandom
2013-07-16 19:59:37 StandardManager[/dods]: Seeding of random number generator has been completed
2013-07-16 19:59:37 StandardWrapper[/dods:default]: Loading container servlet default
2013-07-16 19:59:37 StandardContext[/dods]: Servlet /dods threw load() exception
javax.servlet.ServletException: 
	at org.iges.anagram.Server.fail(Server.java:310)
	at org.iges.anagram.Server.<init>(Server.java:247)
	at org.iges.anagram.AnagramServlet.init(AnagramServlet.java:138)
	at org.apache.catalina.core.StandardWrapper.loadServlet(StandardWrapper.java:934)
	at org.apache.catalina.core.StandardWrapper.load(StandardWrapper.java:821)
	at org.apache.catalina.core.StandardContext.loadOnStartup(StandardContext.java:3420)
	at org.apache.catalina.core.StandardContext.start(StandardContext.java:3608)
	at org.apache.catalina.core.ContainerBase.addChildInternal(ContainerBase.java:821)
	at org.apache.catalina.core.ContainerBase.addChild(ContainerBase.java:807)
	at org.apache.catalina.core.StandardHost.addChild(StandardHost.java:579)
	at org.apache.catalina.core.StandardHostDeployer.install(StandardHostDeployer.java:257)
	at org.apache.catalina.core.StandardHost.install(StandardHost.java:772)
	at org.apache.catalina.startup.HostConfig.deployDirectories(HostConfig.java:569)
	at org.apache.catalina.startup.HostConfig.deployApps(HostConfig.java:411)
	at org.apache.catalina.startup.HostConfig.start(HostConfig.java:879)
	at org.apache.catalina.startup.HostConfig.lifecycleEvent(HostConfig.java:368)
	at org.apache.catalina.util.LifecycleSupport.fireLifecycleEvent(LifecycleSupport.java:166)
	at org.apache.catalina.core.ContainerBase.start(ContainerBase.java:1196)
	at org.apache.catalina.core.StandardHost.start(StandardHost.java:738)
	at org.apache.catalina.core.ContainerBase.start(ContainerBase.java:1188)
	at org.apache.catalina.core.StandardEngine.start(StandardEngine.java:347)
	at org.apache.catalina.core.StandardService.start(StandardService.java:497)
	at org.apache.catalina.core.StandardServer.start(StandardServer.java:2189)
	at org.apache.catalina.startup.Catalina.start(Catalina.java:512)
	at org.apache.catalina.startup.Catalina.execute(Catalina.java:400)
	at org.apache.catalina.startup.Catalina.process(Catalina.java:180)
	at sun.reflect.NativeMethodAccessorImpl.invoke0(Native Method)
	at sun.reflect.NativeMethodAccessorImpl.invoke(NativeMethodAccessorImpl.java:57)
	at sun.reflect.DelegatingMethodAccessorImpl.invoke(DelegatingMethodAccessorImpl.java:43)
	at java.lang.reflect.Method.invoke(Method.java:601)
	at org.apache.catalina.startup.Bootstrap.main(Bootstrap.java:203)

2013-07-16 19:59:37 StandardWrapper[/dods:invoker]: Loading container servlet invoker
2013-07-16 19:59:39 StandardHost[localhost]: Removing web application at context path 
2013-07-16 19:59:39 StandardHost[localhost]: Removing web application at context path /dods
2013-07-16 19:59:39 StandardHost[localhost]: Removing web application at context path /doc
2013-07-16 20:02:38 WebappLoader[/doc]: Deploying class repositories to work directory /home/freeze/water_monitor/African_Drought_Monitor/LIBRARIES/gds-2.0/tomcat4/work/Standalone/localhost/doc
2013-07-16 20:02:38 ContextConfig[/doc]: Missing application web.xml, using defaults only
2013-07-16 20:02:38 StandardManager[/doc]: Seeding random number generator class java.security.SecureRandom
2013-07-16 20:02:38 StandardManager[/doc]: Seeding of random number generator has been completed
2013-07-16 20:02:38 StandardWrapper[/doc:default]: Loading container servlet default
2013-07-16 20:02:38 StandardWrapper[/doc:invoker]: Loading container servlet invoker
2013-07-16 20:02:38 HostConfig[localhost]: Deploying web application directory ROOT
2013-07-16 20:02:38 StandardHost[localhost]: Installing web application at context path  from URL file:/home/freeze/water_monitor/African_Drought_Monitor/LIBRARIES/gds-2.0/tomcat4/webapps/ROOT
2013-07-16 20:02:38 WebappLoader[]: Deploying class repositories to work directory /home/freeze/water_monitor/African_Drought_Monitor/LIBRARIES/gds-2.0/tomcat4/work/Standalone/localhost/_
2013-07-16 20:02:38 StandardManager[]: Seeding random number generator class java.security.SecureRandom
2013-07-16 20:02:38 StandardManager[]: Seeding of random number generator has been completed
2013-07-16 20:02:38 StandardWrapper[:default]: Loading container servlet default
2013-07-16 20:02:38 StandardWrapper[:invoker]: Loading container servlet invoker
2013-07-16 20:02:38 HostConfig[localhost]: Deploying web application directory dods
2013-07-16 20:02:38 StandardHost[localhost]: Installing web application at context path /dods from URL file:/home/freeze/water_monitor/African_Drought_Monitor/LIBRARIES/gds-2.0/tomcat4/webapps/dods
2013-07-16 20:02:38 WebappLoader[/dods]: Deploying class repositories to work directory /home/freeze/water_monitor/African_Drought_Monitor/LIBRARIES/gds-2.0/tomcat4/work/Standalone/localhost/dods
2013-07-16 20:02:38 WebappLoader[/dods]: Deploy JAR /WEB-INF/lib/anagram.jar to /home/freeze/water_monitor/African_Drought_Monitor/LIBRARIES/gds-2.0/tomcat4/webapps/dods/WEB-INF/lib/anagram.jar
2013-07-16 20:02:38 WebappLoader[/dods]: Deploy JAR /WEB-INF/lib/dods-1.1.7.jar to /home/freeze/water_monitor/African_Drought_Monitor/LIBRARIES/gds-2.0/tomcat4/webapps/dods/WEB-INF/lib/dods-1.1.7.jar
2013-07-16 20:02:38 WebappLoader[/dods]: Deploy JAR /WEB-INF/lib/gds.jar to /home/freeze/water_monitor/African_Drought_Monitor/LIBRARIES/gds-2.0/tomcat4/webapps/dods/WEB-INF/lib/gds.jar
2013-07-16 20:02:38 WebappLoader[/dods]: Deploy JAR /WEB-INF/lib/gnu-getopt-1.0.6.jar to /home/freeze/water_monitor/African_Drought_Monitor/LIBRARIES/gds-2.0/tomcat4/webapps/dods/WEB-INF/lib/gnu-getopt-1.0.6.jar
2013-07-16 20:02:38 WebappLoader[/dods]: Deploy JAR /WEB-INF/lib/gnu-regexp-1.1.4.jar to /home/freeze/water_monitor/African_Drought_Monitor/LIBRARIES/gds-2.0/tomcat4/webapps/dods/WEB-INF/lib/gnu-regexp-1.1.4.jar
2013-07-16 20:02:38 StandardManager[/dods]: Seeding random number generator class java.security.SecureRandom
2013-07-16 20:02:38 StandardManager[/dods]: Seeding of random number generator has been completed
2013-07-16 20:02:38 StandardWrapper[/dods:default]: Loading container servlet default
2013-07-16 20:02:38 StandardContext[/dods]: Servlet /dods threw load() exception
javax.servlet.ServletException: 
	at org.iges.anagram.Server.fail(Server.java:310)
	at org.iges.anagram.Server.<init>(Server.java:247)
	at org.iges.anagram.AnagramServlet.init(AnagramServlet.java:138)
	at org.apache.catalina.core.StandardWrapper.loadServlet(StandardWrapper.java:934)
	at org.apache.catalina.core.StandardWrapper.load(StandardWrapper.java:821)
	at org.apache.catalina.core.StandardContext.loadOnStartup(StandardContext.java:3420)
	at org.apache.catalina.core.StandardContext.start(StandardContext.java:3608)
	at org.apache.catalina.core.ContainerBase.addChildInternal(ContainerBase.java:821)
	at org.apache.catalina.core.ContainerBase.addChild(ContainerBase.java:807)
	at org.apache.catalina.core.StandardHost.addChild(StandardHost.java:579)
	at org.apache.catalina.core.StandardHostDeployer.install(StandardHostDeployer.java:257)
	at org.apache.catalina.core.StandardHost.install(StandardHost.java:772)
	at org.apache.catalina.startup.HostConfig.deployDirectories(HostConfig.java:569)
	at org.apache.catalina.startup.HostConfig.deployApps(HostConfig.java:411)
	at org.apache.catalina.startup.HostConfig.start(HostConfig.java:879)
	at org.apache.catalina.startup.HostConfig.lifecycleEvent(HostConfig.java:368)
	at org.apache.catalina.util.LifecycleSupport.fireLifecycleEvent(LifecycleSupport.java:166)
	at org.apache.catalina.core.ContainerBase.start(ContainerBase.java:1196)
	at org.apache.catalina.core.StandardHost.start(StandardHost.java:738)
	at org.apache.catalina.core.ContainerBase.start(ContainerBase.java:1188)
	at org.apache.catalina.core.StandardEngine.start(StandardEngine.java:347)
	at org.apache.catalina.core.StandardService.start(StandardService.java:497)
	at org.apache.catalina.core.StandardServer.start(StandardServer.java:2189)
	at org.apache.catalina.startup.Catalina.start(Catalina.java:512)
	at org.apache.catalina.startup.Catalina.execute(Catalina.java:400)
	at org.apache.catalina.startup.Catalina.process(Catalina.java:180)
	at sun.reflect.NativeMethodAccessorImpl.invoke0(Native Method)
	at sun.reflect.NativeMethodAccessorImpl.invoke(NativeMethodAccessorImpl.java:57)
	at sun.reflect.DelegatingMethodAccessorImpl.invoke(DelegatingMethodAccessorImpl.java:43)
	at java.lang.reflect.Method.invoke(Method.java:601)
	at org.apache.catalina.startup.Bootstrap.main(Bootstrap.java:203)

2013-07-16 20:02:38 StandardWrapper[/dods:invoker]: Loading container servlet invoker
2013-07-16 20:02:38 StandardHost[localhost]: Removing web application at context path 
2013-07-16 20:02:38 StandardHost[localhost]: Removing web application at context path /dods
2013-07-16 20:02:38 StandardHost[localhost]: Removing web application at context path /doc
2013-07-16 20:04:49 WebappLoader[/doc]: Deploying class repositories to work directory /home/freeze/water_monitor/African_Drought_Monitor/LIBRARIES/gds-2.0/tomcat4/work/Standalone/localhost/doc
2013-07-16 20:04:50 ContextConfig[/doc]: Missing application web.xml, using defaults only
2013-07-16 20:04:50 StandardManager[/doc]: Seeding random number generator class java.security.SecureRandom
2013-07-16 20:04:50 StandardManager[/doc]: Seeding of random number generator has been completed
2013-07-16 20:04:50 StandardWrapper[/doc:default]: Loading container servlet default
2013-07-16 20:04:50 StandardWrapper[/doc:invoker]: Loading container servlet invoker
2013-07-16 20:04:50 HostConfig[localhost]: Deploying web application directory ROOT
2013-07-16 20:04:50 StandardHost[localhost]: Installing web application at context path  from URL file:/home/freeze/water_monitor/African_Drought_Monitor/LIBRARIES/gds-2.0/tomcat4/webapps/ROOT
2013-07-16 20:04:50 WebappLoader[]: Deploying class repositories to work directory /home/freeze/water_monitor/African_Drought_Monitor/LIBRARIES/gds-2.0/tomcat4/work/Standalone/localhost/_
2013-07-16 20:04:50 StandardManager[]: Seeding random number generator class java.security.SecureRandom
2013-07-16 20:04:50 StandardManager[]: Seeding of random number generator has been completed
2013-07-16 20:04:50 StandardWrapper[:default]: Loading container servlet default
2013-07-16 20:04:50 StandardWrapper[:invoker]: Loading container servlet invoker
2013-07-16 20:04:50 HostConfig[localhost]: Deploying web application directory dods
2013-07-16 20:04:50 StandardHost[localhost]: Installing web application at context path /dods from URL file:/home/freeze/water_monitor/African_Drought_Monitor/LIBRARIES/gds-2.0/tomcat4/webapps/dods
2013-07-16 20:04:50 WebappLoader[/dods]: Deploying class repositories to work directory /home/freeze/water_monitor/African_Drought_Monitor/LIBRARIES/gds-2.0/tomcat4/work/Standalone/localhost/dods
2013-07-16 20:04:50 WebappLoader[/dods]: Deploy JAR /WEB-INF/lib/anagram.jar to /home/freeze/water_monitor/African_Drought_Monitor/LIBRARIES/gds-2.0/tomcat4/webapps/dods/WEB-INF/lib/anagram.jar
2013-07-16 20:04:50 WebappLoader[/dods]: Deploy JAR /WEB-INF/lib/dods-1.1.7.jar to /home/freeze/water_monitor/African_Drought_Monitor/LIBRARIES/gds-2.0/tomcat4/webapps/dods/WEB-INF/lib/dods-1.1.7.jar
2013-07-16 20:04:50 WebappLoader[/dods]: Deploy JAR /WEB-INF/lib/gds.jar to /home/freeze/water_monitor/African_Drought_Monitor/LIBRARIES/gds-2.0/tomcat4/webapps/dods/WEB-INF/lib/gds.jar
2013-07-16 20:04:50 WebappLoader[/dods]: Deploy JAR /WEB-INF/lib/gnu-getopt-1.0.6.jar to /home/freeze/water_monitor/African_Drought_Monitor/LIBRARIES/gds-2.0/tomcat4/webapps/dods/WEB-INF/lib/gnu-getopt-1.0.6.jar
2013-07-16 20:04:50 WebappLoader[/dods]: Deploy JAR /WEB-INF/lib/gnu-regexp-1.1.4.jar to /home/freeze/water_monitor/African_Drought_Monitor/LIBRARIES/gds-2.0/tomcat4/webapps/dods/WEB-INF/lib/gnu-regexp-1.1.4.jar
2013-07-16 20:04:50 StandardManager[/dods]: Seeding random number generator class java.security.SecureRandom
2013-07-16 20:04:50 StandardManager[/dods]: Seeding of random number generator has been completed
2013-07-16 20:04:50 StandardWrapper[/dods:default]: Loading container servlet default
2013-07-16 20:04:50 StandardContext[/dods]: Servlet /dods threw load() exception
javax.servlet.ServletException: 
	at org.iges.anagram.Server.fail(Server.java:310)
	at org.iges.anagram.Server.<init>(Server.java:247)
	at org.iges.anagram.AnagramServlet.init(AnagramServlet.java:138)
	at org.apache.catalina.core.StandardWrapper.loadServlet(StandardWrapper.java:934)
	at org.apache.catalina.core.StandardWrapper.load(StandardWrapper.java:821)
	at org.apache.catalina.core.StandardContext.loadOnStartup(StandardContext.java:3420)
	at org.apache.catalina.core.StandardContext.start(StandardContext.java:3608)
	at org.apache.catalina.core.ContainerBase.addChildInternal(ContainerBase.java:821)
	at org.apache.catalina.core.ContainerBase.addChild(ContainerBase.java:807)
	at org.apache.catalina.core.StandardHost.addChild(StandardHost.java:579)
	at org.apache.catalina.core.StandardHostDeployer.install(StandardHostDeployer.java:257)
	at org.apache.catalina.core.StandardHost.install(StandardHost.java:772)
	at org.apache.catalina.startup.HostConfig.deployDirectories(HostConfig.java:569)
	at org.apache.catalina.startup.HostConfig.deployApps(HostConfig.java:411)
	at org.apache.catalina.startup.HostConfig.start(HostConfig.java:879)
	at org.apache.catalina.startup.HostConfig.lifecycleEvent(HostConfig.java:368)
	at org.apache.catalina.util.LifecycleSupport.fireLifecycleEvent(LifecycleSupport.java:166)
	at org.apache.catalina.core.ContainerBase.start(ContainerBase.java:1196)
	at org.apache.catalina.core.StandardHost.start(StandardHost.java:738)
	at org.apache.catalina.core.ContainerBase.start(ContainerBase.java:1188)
	at org.apache.catalina.core.StandardEngine.start(StandardEngine.java:347)
	at org.apache.catalina.core.StandardService.start(StandardService.java:497)
	at org.apache.catalina.core.StandardServer.start(StandardServer.java:2189)
	at org.apache.catalina.startup.Catalina.start(Catalina.java:512)
	at org.apache.catalina.startup.Catalina.execute(Catalina.java:400)
	at org.apache.catalina.startup.Catalina.process(Catalina.java:180)
	at sun.reflect.NativeMethodAccessorImpl.invoke0(Native Method)
	at sun.reflect.NativeMethodAccessorImpl.invoke(NativeMethodAccessorImpl.java:57)
	at sun.reflect.DelegatingMethodAccessorImpl.invoke(DelegatingMethodAccessorImpl.java:43)
	at java.lang.reflect.Method.invoke(Method.java:601)
	at org.apache.catalina.startup.Bootstrap.main(Bootstrap.java:203)

2013-07-16 20:04:50 StandardWrapper[/dods:invoker]: Loading container servlet invoker
2013-07-16 20:04:50 StandardHost[localhost]: Removing web application at context path 
2013-07-16 20:04:50 StandardHost[localhost]: Removing web application at context path /dods
2013-07-16 20:04:50 StandardHost[localhost]: Removing web application at context path /doc
2013-07-16 20:06:26 WebappLoader[/doc]: Deploying class repositories to work directory /home/freeze/water_monitor/African_Drought_Monitor/LIBRARIES/gds-2.0/tomcat4/work/Standalone/localhost/doc
2013-07-16 20:06:26 ContextConfig[/doc]: Missing application web.xml, using defaults only
2013-07-16 20:06:26 StandardManager[/doc]: Seeding random number generator class java.security.SecureRandom
2013-07-16 20:06:26 StandardManager[/doc]: Seeding of random number generator has been completed
2013-07-16 20:06:26 StandardWrapper[/doc:default]: Loading container servlet default
2013-07-16 20:06:26 StandardWrapper[/doc:invoker]: Loading container servlet invoker
2013-07-16 20:06:26 HostConfig[localhost]: Deploying web application directory ROOT
2013-07-16 20:06:26 StandardHost[localhost]: Installing web application at context path  from URL file:/home/freeze/water_monitor/African_Drought_Monitor/LIBRARIES/gds-2.0/tomcat4/webapps/ROOT
2013-07-16 20:06:26 WebappLoader[]: Deploying class repositories to work directory /home/freeze/water_monitor/African_Drought_Monitor/LIBRARIES/gds-2.0/tomcat4/work/Standalone/localhost/_
2013-07-16 20:06:26 StandardManager[]: Seeding random number generator class java.security.SecureRandom
2013-07-16 20:06:26 StandardManager[]: Seeding of random number generator has been completed
2013-07-16 20:06:26 StandardWrapper[:default]: Loading container servlet default
2013-07-16 20:06:26 StandardWrapper[:invoker]: Loading container servlet invoker
2013-07-16 20:06:26 HostConfig[localhost]: Deploying web application directory dods
2013-07-16 20:06:26 StandardHost[localhost]: Installing web application at context path /dods from URL file:/home/freeze/water_monitor/African_Drought_Monitor/LIBRARIES/gds-2.0/tomcat4/webapps/dods
2013-07-16 20:06:26 WebappLoader[/dods]: Deploying class repositories to work directory /home/freeze/water_monitor/African_Drought_Monitor/LIBRARIES/gds-2.0/tomcat4/work/Standalone/localhost/dods
2013-07-16 20:06:26 WebappLoader[/dods]: Deploy JAR /WEB-INF/lib/anagram.jar to /home/freeze/water_monitor/African_Drought_Monitor/LIBRARIES/gds-2.0/tomcat4/webapps/dods/WEB-INF/lib/anagram.jar
2013-07-16 20:06:26 WebappLoader[/dods]: Deploy JAR /WEB-INF/lib/dods-1.1.7.jar to /home/freeze/water_monitor/African_Drought_Monitor/LIBRARIES/gds-2.0/tomcat4/webapps/dods/WEB-INF/lib/dods-1.1.7.jar
2013-07-16 20:06:26 WebappLoader[/dods]: Deploy JAR /WEB-INF/lib/gds.jar to /home/freeze/water_monitor/African_Drought_Monitor/LIBRARIES/gds-2.0/tomcat4/webapps/dods/WEB-INF/lib/gds.jar
2013-07-16 20:06:26 WebappLoader[/dods]: Deploy JAR /WEB-INF/lib/gnu-getopt-1.0.6.jar to /home/freeze/water_monitor/African_Drought_Monitor/LIBRARIES/gds-2.0/tomcat4/webapps/dods/WEB-INF/lib/gnu-getopt-1.0.6.jar
2013-07-16 20:06:26 WebappLoader[/dods]: Deploy JAR /WEB-INF/lib/gnu-regexp-1.1.4.jar to /home/freeze/water_monitor/African_Drought_Monitor/LIBRARIES/gds-2.0/tomcat4/webapps/dods/WEB-INF/lib/gnu-regexp-1.1.4.jar
2013-07-16 20:06:26 StandardManager[/dods]: Seeding random number generator class java.security.SecureRandom
2013-07-16 20:06:26 StandardManager[/dods]: Seeding of random number generator has been completed
2013-07-16 20:06:26 StandardWrapper[/dods:default]: Loading container servlet default
2013-07-16 20:06:26 StandardContext[/dods]: Servlet /dods threw load() exception
javax.servlet.ServletException: 
	at org.iges.anagram.Server.fail(Server.java:310)
	at org.iges.anagram.Server.<init>(Server.java:247)
	at org.iges.anagram.AnagramServlet.init(AnagramServlet.java:138)
	at org.apache.catalina.core.StandardWrapper.loadServlet(StandardWrapper.java:934)
	at org.apache.catalina.core.StandardWrapper.load(StandardWrapper.java:821)
	at org.apache.catalina.core.StandardContext.loadOnStartup(StandardContext.java:3420)
	at org.apache.catalina.core.StandardContext.start(StandardContext.java:3608)
	at org.apache.catalina.core.ContainerBase.addChildInternal(ContainerBase.java:821)
	at org.apache.catalina.core.ContainerBase.addChild(ContainerBase.java:807)
	at org.apache.catalina.core.StandardHost.addChild(StandardHost.java:579)
	at org.apache.catalina.core.StandardHostDeployer.install(StandardHostDeployer.java:257)
	at org.apache.catalina.core.StandardHost.install(StandardHost.java:772)
	at org.apache.catalina.startup.HostConfig.deployDirectories(HostConfig.java:569)
	at org.apache.catalina.startup.HostConfig.deployApps(HostConfig.java:411)
	at org.apache.catalina.startup.HostConfig.start(HostConfig.java:879)
	at org.apache.catalina.startup.HostConfig.lifecycleEvent(HostConfig.java:368)
	at org.apache.catalina.util.LifecycleSupport.fireLifecycleEvent(LifecycleSupport.java:166)
	at org.apache.catalina.core.ContainerBase.start(ContainerBase.java:1196)
	at org.apache.catalina.core.StandardHost.start(StandardHost.java:738)
	at org.apache.catalina.core.ContainerBase.start(ContainerBase.java:1188)
	at org.apache.catalina.core.StandardEngine.start(StandardEngine.java:347)
	at org.apache.catalina.core.StandardService.start(StandardService.java:497)
	at org.apache.catalina.core.StandardServer.start(StandardServer.java:2189)
	at org.apache.catalina.startup.Catalina.start(Catalina.java:512)
	at org.apache.catalina.startup.Catalina.execute(Catalina.java:400)
	at org.apache.catalina.startup.Catalina.process(Catalina.java:180)
	at sun.reflect.NativeMethodAccessorImpl.invoke0(Native Method)
	at sun.reflect.NativeMethodAccessorImpl.invoke(NativeMethodAccessorImpl.java:57)
	at sun.reflect.DelegatingMethodAccessorImpl.invoke(DelegatingMethodAccessorImpl.java:43)
	at java.lang.reflect.Method.invoke(Method.java:601)
	at org.apache.catalina.startup.Bootstrap.main(Bootstrap.java:203)

2013-07-16 20:06:26 StandardWrapper[/dods:invoker]: Loading container servlet invoker
2013-07-16 20:06:27 StandardHost[localhost]: Removing web application at context path 
2013-07-16 20:06:27 StandardHost[localhost]: Removing web application at context path /dods
2013-07-16 20:06:27 StandardHost[localhost]: Removing web application at context path /doc
2013-07-16 20:07:52 WebappLoader[/doc]: Deploying class repositories to work directory /home/freeze/water_monitor/African_Drought_Monitor/LIBRARIES/gds-2.0/tomcat4/work/Standalone/localhost/doc
2013-07-16 20:07:52 ContextConfig[/doc]: Missing application web.xml, using defaults only
2013-07-16 20:07:52 StandardManager[/doc]: Seeding random number generator class java.security.SecureRandom
2013-07-16 20:07:52 StandardManager[/doc]: Seeding of random number generator has been completed
2013-07-16 20:07:52 StandardWrapper[/doc:default]: Loading container servlet default
2013-07-16 20:07:52 StandardWrapper[/doc:invoker]: Loading container servlet invoker
2013-07-16 20:07:52 HostConfig[localhost]: Deploying web application directory ROOT
2013-07-16 20:07:52 StandardHost[localhost]: Installing web application at context path  from URL file:/home/freeze/water_monitor/African_Drought_Monitor/LIBRARIES/gds-2.0/tomcat4/webapps/ROOT
2013-07-16 20:07:52 WebappLoader[]: Deploying class repositories to work directory /home/freeze/water_monitor/African_Drought_Monitor/LIBRARIES/gds-2.0/tomcat4/work/Standalone/localhost/_
2013-07-16 20:07:52 StandardManager[]: Seeding random number generator class java.security.SecureRandom
2013-07-16 20:07:52 StandardManager[]: Seeding of random number generator has been completed
2013-07-16 20:07:52 StandardWrapper[:default]: Loading container servlet default
2013-07-16 20:07:52 StandardWrapper[:invoker]: Loading container servlet invoker
2013-07-16 20:07:52 HostConfig[localhost]: Deploying web application directory dods
2013-07-16 20:07:52 StandardHost[localhost]: Installing web application at context path /dods from URL file:/home/freeze/water_monitor/African_Drought_Monitor/LIBRARIES/gds-2.0/tomcat4/webapps/dods
2013-07-16 20:07:52 WebappLoader[/dods]: Deploying class repositories to work directory /home/freeze/water_monitor/African_Drought_Monitor/LIBRARIES/gds-2.0/tomcat4/work/Standalone/localhost/dods
2013-07-16 20:07:52 WebappLoader[/dods]: Deploy JAR /WEB-INF/lib/anagram.jar to /home/freeze/water_monitor/African_Drought_Monitor/LIBRARIES/gds-2.0/tomcat4/webapps/dods/WEB-INF/lib/anagram.jar
2013-07-16 20:07:52 WebappLoader[/dods]: Deploy JAR /WEB-INF/lib/dods-1.1.7.jar to /home/freeze/water_monitor/African_Drought_Monitor/LIBRARIES/gds-2.0/tomcat4/webapps/dods/WEB-INF/lib/dods-1.1.7.jar
2013-07-16 20:07:52 WebappLoader[/dods]: Deploy JAR /WEB-INF/lib/gds.jar to /home/freeze/water_monitor/African_Drought_Monitor/LIBRARIES/gds-2.0/tomcat4/webapps/dods/WEB-INF/lib/gds.jar
2013-07-16 20:07:52 WebappLoader[/dods]: Deploy JAR /WEB-INF/lib/gnu-getopt-1.0.6.jar to /home/freeze/water_monitor/African_Drought_Monitor/LIBRARIES/gds-2.0/tomcat4/webapps/dods/WEB-INF/lib/gnu-getopt-1.0.6.jar
2013-07-16 20:07:52 WebappLoader[/dods]: Deploy JAR /WEB-INF/lib/gnu-regexp-1.1.4.jar to /home/freeze/water_monitor/African_Drought_Monitor/LIBRARIES/gds-2.0/tomcat4/webapps/dods/WEB-INF/lib/gnu-regexp-1.1.4.jar
2013-07-16 20:07:52 StandardManager[/dods]: Seeding random number generator class java.security.SecureRandom
2013-07-16 20:07:52 StandardManager[/dods]: Seeding of random number generator has been completed
2013-07-16 20:07:52 StandardWrapper[/dods:default]: Loading container servlet default
2013-07-16 20:07:53 StandardWrapper[/dods:invoker]: Loading container servlet invoker
2013-07-16 20:08:23 StandardHost[localhost]: Removing web application at context path 
2013-07-16 20:08:23 StandardHost[localhost]: Removing web application at context path /dods
2013-07-16 20:08:23 StandardHost[localhost]: Removing web application at context path /doc
2013-07-16 20:08:28 WebappLoader[/doc]: Deploying class repositories to work directory /home/freeze/water_monitor/African_Drought_Monitor/LIBRARIES/gds-2.0/tomcat4/work/Standalone/localhost/doc
2013-07-16 20:08:28 ContextConfig[/doc]: Missing application web.xml, using defaults only
2013-07-16 20:08:28 StandardManager[/doc]: Seeding random number generator class java.security.SecureRandom
2013-07-16 20:08:28 StandardManager[/doc]: Seeding of random number generator has been completed
2013-07-16 20:08:28 StandardWrapper[/doc:default]: Loading container servlet default
2013-07-16 20:08:28 StandardWrapper[/doc:invoker]: Loading container servlet invoker
2013-07-16 20:08:28 HostConfig[localhost]: Deploying web application directory ROOT
2013-07-16 20:08:28 StandardHost[localhost]: Installing web application at context path  from URL file:/home/freeze/water_monitor/African_Drought_Monitor/LIBRARIES/gds-2.0/tomcat4/webapps/ROOT
2013-07-16 20:08:28 WebappLoader[]: Deploying class repositories to work directory /home/freeze/water_monitor/African_Drought_Monitor/LIBRARIES/gds-2.0/tomcat4/work/Standalone/localhost/_
2013-07-16 20:08:28 StandardManager[]: Seeding random number generator class java.security.SecureRandom
2013-07-16 20:08:28 StandardManager[]: Seeding of random number generator has been completed
2013-07-16 20:08:28 StandardWrapper[:default]: Loading container servlet default
2013-07-16 20:08:28 StandardWrapper[:invoker]: Loading container servlet invoker
2013-07-16 20:08:28 HostConfig[localhost]: Deploying web application directory dods
2013-07-16 20:08:28 StandardHost[localhost]: Installing web application at context path /dods from URL file:/home/freeze/water_monitor/African_Drought_Monitor/LIBRARIES/gds-2.0/tomcat4/webapps/dods
2013-07-16 20:08:28 WebappLoader[/dods]: Deploying class repositories to work directory /home/freeze/water_monitor/African_Drought_Monitor/LIBRARIES/gds-2.0/tomcat4/work/Standalone/localhost/dods
2013-07-16 20:08:28 WebappLoader[/dods]: Deploy JAR /WEB-INF/lib/anagram.jar to /home/freeze/water_monitor/African_Drought_Monitor/LIBRARIES/gds-2.0/tomcat4/webapps/dods/WEB-INF/lib/anagram.jar
2013-07-16 20:08:28 WebappLoader[/dods]: Deploy JAR /WEB-INF/lib/dods-1.1.7.jar to /home/freeze/water_monitor/African_Drought_Monitor/LIBRARIES/gds-2.0/tomcat4/webapps/dods/WEB-INF/lib/dods-1.1.7.jar
2013-07-16 20:08:28 WebappLoader[/dods]: Deploy JAR /WEB-INF/lib/gds.jar to /home/freeze/water_monitor/African_Drought_Monitor/LIBRARIES/gds-2.0/tomcat4/webapps/dods/WEB-INF/lib/gds.jar
2013-07-16 20:08:28 WebappLoader[/dods]: Deploy JAR /WEB-INF/lib/gnu-getopt-1.0.6.jar to /home/freeze/water_monitor/African_Drought_Monitor/LIBRARIES/gds-2.0/tomcat4/webapps/dods/WEB-INF/lib/gnu-getopt-1.0.6.jar
2013-07-16 20:08:28 WebappLoader[/dods]: Deploy JAR /WEB-INF/lib/gnu-regexp-1.1.4.jar to /home/freeze/water_monitor/African_Drought_Monitor/LIBRARIES/gds-2.0/tomcat4/webapps/dods/WEB-INF/lib/gnu-regexp-1.1.4.jar
2013-07-16 20:08:28 StandardManager[/dods]: Seeding random number generator class java.security.SecureRandom
2013-07-16 20:08:28 StandardManager[/dods]: Seeding of random number generator has been completed
2013-07-16 20:08:28 StandardWrapper[/dods:default]: Loading container servlet default
2013-07-16 20:08:28 StandardWrapper[/dods:invoker]: Loading container servlet invoker
2013-07-16 20:11:25 StandardHost[localhost]: Removing web application at context path 
2013-07-16 20:11:25 StandardHost[localhost]: Removing web application at context path /dods
2013-07-16 20:11:25 StandardHost[localhost]: Removing web application at context path /doc
2013-07-16 20:13:07 WebappLoader[/doc]: Deploying class repositories to work directory /home/freeze/water_monitor/African_Drought_Monitor/LIBRARIES/gds-2.0/tomcat4/work/Standalone/localhost/doc
2013-07-16 20:13:07 ContextConfig[/doc]: Missing application web.xml, using defaults only
2013-07-16 20:13:07 StandardManager[/doc]: Seeding random number generator class java.security.SecureRandom
2013-07-16 20:13:07 StandardManager[/doc]: Seeding of random number generator has been completed
2013-07-16 20:13:07 StandardWrapper[/doc:default]: Loading container servlet default
2013-07-16 20:13:07 StandardWrapper[/doc:invoker]: Loading container servlet invoker
2013-07-16 20:13:07 HostConfig[localhost]: Deploying web application directory ROOT
2013-07-16 20:13:07 StandardHost[localhost]: Installing web application at context path  from URL file:/home/freeze/water_monitor/African_Drought_Monitor/LIBRARIES/gds-2.0/tomcat4/webapps/ROOT
2013-07-16 20:13:07 WebappLoader[]: Deploying class repositories to work directory /home/freeze/water_monitor/African_Drought_Monitor/LIBRARIES/gds-2.0/tomcat4/work/Standalone/localhost/_
2013-07-16 20:13:07 StandardManager[]: Seeding random number generator class java.security.SecureRandom
2013-07-16 20:13:07 StandardManager[]: Seeding of random number generator has been completed
2013-07-16 20:13:07 StandardWrapper[:default]: Loading container servlet default
2013-07-16 20:13:07 StandardWrapper[:invoker]: Loading container servlet invoker
2013-07-16 20:13:07 HostConfig[localhost]: Deploying web application directory dods
2013-07-16 20:13:07 StandardHost[localhost]: Installing web application at context path /dods from URL file:/home/freeze/water_monitor/African_Drought_Monitor/LIBRARIES/gds-2.0/tomcat4/webapps/dods
2013-07-16 20:13:07 WebappLoader[/dods]: Deploying class repositories to work directory /home/freeze/water_monitor/African_Drought_Monitor/LIBRARIES/gds-2.0/tomcat4/work/Standalone/localhost/dods
2013-07-16 20:13:07 WebappLoader[/dods]: Deploy JAR /WEB-INF/lib/anagram.jar to /home/freeze/water_monitor/African_Drought_Monitor/LIBRARIES/gds-2.0/tomcat4/webapps/dods/WEB-INF/lib/anagram.jar
2013-07-16 20:13:07 WebappLoader[/dods]: Deploy JAR /WEB-INF/lib/dods-1.1.7.jar to /home/freeze/water_monitor/African_Drought_Monitor/LIBRARIES/gds-2.0/tomcat4/webapps/dods/WEB-INF/lib/dods-1.1.7.jar
2013-07-16 20:13:07 WebappLoader[/dods]: Deploy JAR /WEB-INF/lib/gds.jar to /home/freeze/water_monitor/African_Drought_Monitor/LIBRARIES/gds-2.0/tomcat4/webapps/dods/WEB-INF/lib/gds.jar
2013-07-16 20:13:07 WebappLoader[/dods]: Deploy JAR /WEB-INF/lib/gnu-getopt-1.0.6.jar to /home/freeze/water_monitor/African_Drought_Monitor/LIBRARIES/gds-2.0/tomcat4/webapps/dods/WEB-INF/lib/gnu-getopt-1.0.6.jar
2013-07-16 20:13:07 WebappLoader[/dods]: Deploy JAR /WEB-INF/lib/gnu-regexp-1.1.4.jar to /home/freeze/water_monitor/African_Drought_Monitor/LIBRARIES/gds-2.0/tomcat4/webapps/dods/WEB-INF/lib/gnu-regexp-1.1.4.jar
2013-07-16 20:13:07 StandardManager[/dods]: Seeding random number generator class java.security.SecureRandom
2013-07-16 20:13:07 StandardManager[/dods]: Seeding of random number generator has been completed
2013-07-16 20:13:07 StandardWrapper[/dods:default]: Loading container servlet default
2013-07-16 20:13:08 StandardWrapper[/dods:invoker]: Loading container servlet invoker
2013-07-16 20:23:53 StandardHost[localhost]: Removing web application at context path 
2013-07-16 20:23:53 StandardHost[localhost]: Removing web application at context path /dods
2013-07-16 20:23:53 StandardHost[localhost]: Removing web application at context path /doc
2013-07-16 20:23:54 WebappLoader[/doc]: Deploying class repositories to work directory /home/freeze/water_monitor/African_Drought_Monitor/LIBRARIES/gds-2.0/tomcat4/work/Standalone/localhost/doc
2013-07-16 20:23:54 ContextConfig[/doc]: Missing application web.xml, using defaults only
2013-07-16 20:23:54 StandardManager[/doc]: Seeding random number generator class java.security.SecureRandom
2013-07-16 20:23:54 StandardManager[/doc]: Seeding of random number generator has been completed
2013-07-16 20:23:54 StandardWrapper[/doc:default]: Loading container servlet default
2013-07-16 20:23:54 StandardWrapper[/doc:invoker]: Loading container servlet invoker
2013-07-16 20:23:54 HostConfig[localhost]: Deploying web application directory ROOT
2013-07-16 20:23:54 StandardHost[localhost]: Installing web application at context path  from URL file:/home/freeze/water_monitor/African_Drought_Monitor/LIBRARIES/gds-2.0/tomcat4/webapps/ROOT
2013-07-16 20:23:54 WebappLoader[]: Deploying class repositories to work directory /home/freeze/water_monitor/African_Drought_Monitor/LIBRARIES/gds-2.0/tomcat4/work/Standalone/localhost/_
2013-07-16 20:23:54 StandardManager[]: Seeding random number generator class java.security.SecureRandom
2013-07-16 20:23:54 StandardManager[]: Seeding of random number generator has been completed
2013-07-16 20:23:54 StandardWrapper[:default]: Loading container servlet default
2013-07-16 20:23:54 StandardWrapper[:invoker]: Loading container servlet invoker
2013-07-16 20:23:54 HostConfig[localhost]: Deploying web application directory dods
2013-07-16 20:23:54 StandardHost[localhost]: Installing web application at context path /dods from URL file:/home/freeze/water_monitor/African_Drought_Monitor/LIBRARIES/gds-2.0/tomcat4/webapps/dods
2013-07-16 20:23:54 WebappLoader[/dods]: Deploying class repositories to work directory /home/freeze/water_monitor/African_Drought_Monitor/LIBRARIES/gds-2.0/tomcat4/work/Standalone/localhost/dods
2013-07-16 20:23:54 WebappLoader[/dods]: Deploy JAR /WEB-INF/lib/anagram.jar to /home/freeze/water_monitor/African_Drought_Monitor/LIBRARIES/gds-2.0/tomcat4/webapps/dods/WEB-INF/lib/anagram.jar
2013-07-16 20:23:54 WebappLoader[/dods]: Deploy JAR /WEB-INF/lib/dods-1.1.7.jar to /home/freeze/water_monitor/African_Drought_Monitor/LIBRARIES/gds-2.0/tomcat4/webapps/dods/WEB-INF/lib/dods-1.1.7.jar
2013-07-16 20:23:54 WebappLoader[/dods]: Deploy JAR /WEB-INF/lib/gds.jar to /home/freeze/water_monitor/African_Drought_Monitor/LIBRARIES/gds-2.0/tomcat4/webapps/dods/WEB-INF/lib/gds.jar
2013-07-16 20:23:54 WebappLoader[/dods]: Deploy JAR /WEB-INF/lib/gnu-getopt-1.0.6.jar to /home/freeze/water_monitor/African_Drought_Monitor/LIBRARIES/gds-2.0/tomcat4/webapps/dods/WEB-INF/lib/gnu-getopt-1.0.6.jar
2013-07-16 20:23:54 WebappLoader[/dods]: Deploy JAR /WEB-INF/lib/gnu-regexp-1.1.4.jar to /home/freeze/water_monitor/African_Drought_Monitor/LIBRARIES/gds-2.0/tomcat4/webapps/dods/WEB-INF/lib/gnu-regexp-1.1.4.jar
2013-07-16 20:23:54 StandardManager[/dods]: Seeding random number generator class java.security.SecureRandom
2013-07-16 20:23:54 StandardManager[/dods]: Seeding of random number generator has been completed
2013-07-16 20:23:54 StandardWrapper[/dods:default]: Loading container servlet default
2013-07-16 20:23:54 StandardWrapper[/dods:invoker]: Loading container servlet invoker
2013-07-16 20:27:02 StandardHost[localhost]: Removing web application at context path 
2013-07-16 20:27:02 StandardHost[localhost]: Removing web application at context path /dods
2013-07-16 20:27:02 StandardHost[localhost]: Removing web application at context path /doc
2013-07-16 20:27:07 WebappLoader[/doc]: Deploying class repositories to work directory /home/freeze/water_monitor/African_Drought_Monitor/LIBRARIES/gds-2.0/tomcat4/work/Standalone/localhost/doc
2013-07-16 20:27:07 ContextConfig[/doc]: Missing application web.xml, using defaults only
2013-07-16 20:27:07 StandardManager[/doc]: Seeding random number generator class java.security.SecureRandom
2013-07-16 20:27:07 StandardManager[/doc]: Seeding of random number generator has been completed
2013-07-16 20:27:07 StandardWrapper[/doc:default]: Loading container servlet default
2013-07-16 20:27:07 StandardWrapper[/doc:invoker]: Loading container servlet invoker
2013-07-16 20:27:07 HostConfig[localhost]: Deploying web application directory ROOT
2013-07-16 20:27:07 StandardHost[localhost]: Installing web application at context path  from URL file:/home/freeze/water_monitor/African_Drought_Monitor/LIBRARIES/gds-2.0/tomcat4/webapps/ROOT
2013-07-16 20:27:07 WebappLoader[]: Deploying class repositories to work directory /home/freeze/water_monitor/African_Drought_Monitor/LIBRARIES/gds-2.0/tomcat4/work/Standalone/localhost/_
2013-07-16 20:27:07 StandardManager[]: Seeding random number generator class java.security.SecureRandom
2013-07-16 20:27:07 StandardManager[]: Seeding of random number generator has been completed
2013-07-16 20:27:07 StandardWrapper[:default]: Loading container servlet default
2013-07-16 20:27:07 StandardWrapper[:invoker]: Loading container servlet invoker
2013-07-16 20:27:07 HostConfig[localhost]: Deploying web application directory dods
2013-07-16 20:27:07 StandardHost[localhost]: Installing web application at context path /dods from URL file:/home/freeze/water_monitor/African_Drought_Monitor/LIBRARIES/gds-2.0/tomcat4/webapps/dods
2013-07-16 20:27:07 WebappLoader[/dods]: Deploying class repositories to work directory /home/freeze/water_monitor/African_Drought_Monitor/LIBRARIES/gds-2.0/tomcat4/work/Standalone/localhost/dods
2013-07-16 20:27:07 WebappLoader[/dods]: Deploy JAR /WEB-INF/lib/anagram.jar to /home/freeze/water_monitor/African_Drought_Monitor/LIBRARIES/gds-2.0/tomcat4/webapps/dods/WEB-INF/lib/anagram.jar
2013-07-16 20:27:07 WebappLoader[/dods]: Deploy JAR /WEB-INF/lib/dods-1.1.7.jar to /home/freeze/water_monitor/African_Drought_Monitor/LIBRARIES/gds-2.0/tomcat4/webapps/dods/WEB-INF/lib/dods-1.1.7.jar
2013-07-16 20:27:07 WebappLoader[/dods]: Deploy JAR /WEB-INF/lib/gds.jar to /home/freeze/water_monitor/African_Drought_Monitor/LIBRARIES/gds-2.0/tomcat4/webapps/dods/WEB-INF/lib/gds.jar
2013-07-16 20:27:07 WebappLoader[/dods]: Deploy JAR /WEB-INF/lib/gnu-getopt-1.0.6.jar to /home/freeze/water_monitor/African_Drought_Monitor/LIBRARIES/gds-2.0/tomcat4/webapps/dods/WEB-INF/lib/gnu-getopt-1.0.6.jar
2013-07-16 20:27:07 WebappLoader[/dods]: Deploy JAR /WEB-INF/lib/gnu-regexp-1.1.4.jar to /home/freeze/water_monitor/African_Drought_Monitor/LIBRARIES/gds-2.0/tomcat4/webapps/dods/WEB-INF/lib/gnu-regexp-1.1.4.jar
2013-07-16 20:27:07 StandardManager[/dods]: Seeding random number generator class java.security.SecureRandom
2013-07-16 20:27:07 StandardManager[/dods]: Seeding of random number generator has been completed
2013-07-16 20:27:07 StandardWrapper[/dods:default]: Loading container servlet default
2013-07-16 20:27:07 StandardWrapper[/dods:invoker]: Loading container servlet invoker
2013-07-16 20:28:17 StandardHost[localhost]: Removing web application at context path 
2013-07-16 20:28:17 StandardHost[localhost]: Removing web application at context path /dods
2013-07-16 20:28:17 StandardHost[localhost]: Removing web application at context path /doc
2013-07-16 20:28:19 WebappLoader[/doc]: Deploying class repositories to work directory /home/freeze/water_monitor/African_Drought_Monitor/LIBRARIES/gds-2.0/tomcat4/work/Standalone/localhost/doc
2013-07-16 20:28:19 ContextConfig[/doc]: Missing application web.xml, using defaults only
2013-07-16 20:28:19 StandardManager[/doc]: Seeding random number generator class java.security.SecureRandom
2013-07-16 20:28:19 StandardManager[/doc]: Seeding of random number generator has been completed
2013-07-16 20:28:19 StandardWrapper[/doc:default]: Loading container servlet default
2013-07-16 20:28:19 StandardWrapper[/doc:invoker]: Loading container servlet invoker
2013-07-16 20:28:19 HostConfig[localhost]: Deploying web application directory ROOT
2013-07-16 20:28:19 StandardHost[localhost]: Installing web application at context path  from URL file:/home/freeze/water_monitor/African_Drought_Monitor/LIBRARIES/gds-2.0/tomcat4/webapps/ROOT
2013-07-16 20:28:19 WebappLoader[]: Deploying class repositories to work directory /home/freeze/water_monitor/African_Drought_Monitor/LIBRARIES/gds-2.0/tomcat4/work/Standalone/localhost/_
2013-07-16 20:28:19 StandardManager[]: Seeding random number generator class java.security.SecureRandom
2013-07-16 20:28:19 StandardManager[]: Seeding of random number generator has been completed
2013-07-16 20:28:19 StandardWrapper[:default]: Loading container servlet default
2013-07-16 20:28:19 StandardWrapper[:invoker]: Loading container servlet invoker
2013-07-16 20:28:19 HostConfig[localhost]: Deploying web application directory dods
2013-07-16 20:28:19 StandardHost[localhost]: Installing web application at context path /dods from URL file:/home/freeze/water_monitor/African_Drought_Monitor/LIBRARIES/gds-2.0/tomcat4/webapps/dods
2013-07-16 20:28:19 WebappLoader[/dods]: Deploying class repositories to work directory /home/freeze/water_monitor/African_Drought_Monitor/LIBRARIES/gds-2.0/tomcat4/work/Standalone/localhost/dods
2013-07-16 20:28:19 WebappLoader[/dods]: Deploy JAR /WEB-INF/lib/anagram.jar to /home/freeze/water_monitor/African_Drought_Monitor/LIBRARIES/gds-2.0/tomcat4/webapps/dods/WEB-INF/lib/anagram.jar
2013-07-16 20:28:19 WebappLoader[/dods]: Deploy JAR /WEB-INF/lib/dods-1.1.7.jar to /home/freeze/water_monitor/African_Drought_Monitor/LIBRARIES/gds-2.0/tomcat4/webapps/dods/WEB-INF/lib/dods-1.1.7.jar
2013-07-16 20:28:19 WebappLoader[/dods]: Deploy JAR /WEB-INF/lib/gds.jar to /home/freeze/water_monitor/African_Drought_Monitor/LIBRARIES/gds-2.0/tomcat4/webapps/dods/WEB-INF/lib/gds.jar
2013-07-16 20:28:19 WebappLoader[/dods]: Deploy JAR /WEB-INF/lib/gnu-getopt-1.0.6.jar to /home/freeze/water_monitor/African_Drought_Monitor/LIBRARIES/gds-2.0/tomcat4/webapps/dods/WEB-INF/lib/gnu-getopt-1.0.6.jar
2013-07-16 20:28:19 WebappLoader[/dods]: Deploy JAR /WEB-INF/lib/gnu-regexp-1.1.4.jar to /home/freeze/water_monitor/African_Drought_Monitor/LIBRARIES/gds-2.0/tomcat4/webapps/dods/WEB-INF/lib/gnu-regexp-1.1.4.jar
2013-07-16 20:28:19 StandardManager[/dods]: Seeding random number generator class java.security.SecureRandom
2013-07-16 20:28:19 StandardManager[/dods]: Seeding of random number generator has been completed
2013-07-16 20:28:19 StandardWrapper[/dods:default]: Loading container servlet default
2013-07-16 20:28:19 StandardWrapper[/dods:invoker]: Loading container servlet invoker
2013-07-16 20:29:45 StandardHost[localhost]: Removing web application at context path 
2013-07-16 20:29:45 StandardHost[localhost]: Removing web application at context path /dods
2013-07-16 20:29:45 StandardHost[localhost]: Removing web application at context path /doc
