2013-07-23 15:33:52 StandardHost[localhost]: Removing web application at context path 
2013-07-23 15:33:52 StandardHost[localhost]: Removing web application at context path /dods
2013-07-23 15:33:52 StandardHost[localhost]: Removing web application at context path /doc
2013-07-23 15:41:32 WebappLoader[/doc]: Deploying class repositories to work directory /home/freeze/water_monitor/African_Drought_Monitor/LIBRARIES/gds-2.0/tomcat4/work/Standalone/localhost/doc
2013-07-23 15:41:32 ContextConfig[/doc]: Missing application web.xml, using defaults only
2013-07-23 15:41:32 StandardManager[/doc]: Seeding random number generator class java.security.SecureRandom
2013-07-23 15:41:32 StandardManager[/doc]: Seeding of random number generator has been completed
2013-07-23 15:41:32 StandardWrapper[/doc:default]: Loading container servlet default
2013-07-23 15:41:32 StandardWrapper[/doc:invoker]: Loading container servlet invoker
2013-07-23 15:41:32 HostConfig[localhost]: Deploying web application directory ROOT
2013-07-23 15:41:32 StandardHost[localhost]: Installing web application at context path  from URL file:/home/freeze/water_monitor/African_Drought_Monitor/LIBRARIES/gds-2.0/tomcat4/webapps/ROOT
2013-07-23 15:41:32 WebappLoader[]: Deploying class repositories to work directory /home/freeze/water_monitor/African_Drought_Monitor/LIBRARIES/gds-2.0/tomcat4/work/Standalone/localhost/_
2013-07-23 15:41:32 StandardManager[]: Seeding random number generator class java.security.SecureRandom
2013-07-23 15:41:32 StandardManager[]: Seeding of random number generator has been completed
2013-07-23 15:41:32 StandardWrapper[:default]: Loading container servlet default
2013-07-23 15:41:32 StandardWrapper[:invoker]: Loading container servlet invoker
2013-07-23 15:41:32 HostConfig[localhost]: Deploying web application directory dods
2013-07-23 15:41:32 StandardHost[localhost]: Installing web application at context path /dods from URL file:/home/freeze/water_monitor/African_Drought_Monitor/LIBRARIES/gds-2.0/tomcat4/webapps/dods
2013-07-23 15:41:32 WebappLoader[/dods]: Deploying class repositories to work directory /home/freeze/water_monitor/African_Drought_Monitor/LIBRARIES/gds-2.0/tomcat4/work/Standalone/localhost/dods
2013-07-23 15:41:32 WebappLoader[/dods]: Deploy JAR /WEB-INF/lib/anagram.jar to /home/freeze/water_monitor/African_Drought_Monitor/LIBRARIES/gds-2.0/tomcat4/webapps/dods/WEB-INF/lib/anagram.jar
2013-07-23 15:41:32 WebappLoader[/dods]: Deploy JAR /WEB-INF/lib/dods-1.1.7.jar to /home/freeze/water_monitor/African_Drought_Monitor/LIBRARIES/gds-2.0/tomcat4/webapps/dods/WEB-INF/lib/dods-1.1.7.jar
2013-07-23 15:41:32 WebappLoader[/dods]: Deploy JAR /WEB-INF/lib/gds.jar to /home/freeze/water_monitor/African_Drought_Monitor/LIBRARIES/gds-2.0/tomcat4/webapps/dods/WEB-INF/lib/gds.jar
2013-07-23 15:41:32 WebappLoader[/dods]: Deploy JAR /WEB-INF/lib/gnu-getopt-1.0.6.jar to /home/freeze/water_monitor/African_Drought_Monitor/LIBRARIES/gds-2.0/tomcat4/webapps/dods/WEB-INF/lib/gnu-getopt-1.0.6.jar
2013-07-23 15:41:32 WebappLoader[/dods]: Deploy JAR /WEB-INF/lib/gnu-regexp-1.1.4.jar to /home/freeze/water_monitor/African_Drought_Monitor/LIBRARIES/gds-2.0/tomcat4/webapps/dods/WEB-INF/lib/gnu-regexp-1.1.4.jar
2013-07-23 15:41:32 StandardManager[/dods]: Seeding random number generator class java.security.SecureRandom
2013-07-23 15:41:32 StandardManager[/dods]: Seeding of random number generator has been completed
2013-07-23 15:41:32 StandardWrapper[/dods:default]: Loading container servlet default
2013-07-23 15:41:32 StandardWrapper[/dods:invoker]: Loading container servlet invoker
2013-07-23 15:42:00 StandardHost[localhost]: Removing web application at context path 
2013-07-23 15:42:00 StandardHost[localhost]: Removing web application at context path /dods
2013-07-23 15:42:00 StandardHost[localhost]: Removing web application at context path /doc
2013-07-23 15:42:01 WebappLoader[/doc]: Deploying class repositories to work directory /home/freeze/water_monitor/African_Drought_Monitor/LIBRARIES/gds-2.0/tomcat4/work/Standalone/localhost/doc
2013-07-23 15:42:01 ContextConfig[/doc]: Missing application web.xml, using defaults only
2013-07-23 15:42:01 StandardManager[/doc]: Seeding random number generator class java.security.SecureRandom
2013-07-23 15:42:01 StandardManager[/doc]: Seeding of random number generator has been completed
2013-07-23 15:42:01 StandardWrapper[/doc:default]: Loading container servlet default
2013-07-23 15:42:01 StandardWrapper[/doc:invoker]: Loading container servlet invoker
2013-07-23 15:42:01 HostConfig[localhost]: Deploying web application directory ROOT
2013-07-23 15:42:01 StandardHost[localhost]: Installing web application at context path  from URL file:/home/freeze/water_monitor/African_Drought_Monitor/LIBRARIES/gds-2.0/tomcat4/webapps/ROOT
2013-07-23 15:42:01 WebappLoader[]: Deploying class repositories to work directory /home/freeze/water_monitor/African_Drought_Monitor/LIBRARIES/gds-2.0/tomcat4/work/Standalone/localhost/_
2013-07-23 15:42:01 StandardManager[]: Seeding random number generator class java.security.SecureRandom
2013-07-23 15:42:01 StandardManager[]: Seeding of random number generator has been completed
2013-07-23 15:42:01 StandardWrapper[:default]: Loading container servlet default
2013-07-23 15:42:01 StandardWrapper[:invoker]: Loading container servlet invoker
2013-07-23 15:42:01 HostConfig[localhost]: Deploying web application directory dods
2013-07-23 15:42:01 StandardHost[localhost]: Installing web application at context path /dods from URL file:/home/freeze/water_monitor/African_Drought_Monitor/LIBRARIES/gds-2.0/tomcat4/webapps/dods
2013-07-23 15:42:01 WebappLoader[/dods]: Deploying class repositories to work directory /home/freeze/water_monitor/African_Drought_Monitor/LIBRARIES/gds-2.0/tomcat4/work/Standalone/localhost/dods
2013-07-23 15:42:01 WebappLoader[/dods]: Deploy JAR /WEB-INF/lib/anagram.jar to /home/freeze/water_monitor/African_Drought_Monitor/LIBRARIES/gds-2.0/tomcat4/webapps/dods/WEB-INF/lib/anagram.jar
2013-07-23 15:42:01 WebappLoader[/dods]: Deploy JAR /WEB-INF/lib/dods-1.1.7.jar to /home/freeze/water_monitor/African_Drought_Monitor/LIBRARIES/gds-2.0/tomcat4/webapps/dods/WEB-INF/lib/dods-1.1.7.jar
2013-07-23 15:42:01 WebappLoader[/dods]: Deploy JAR /WEB-INF/lib/gds.jar to /home/freeze/water_monitor/African_Drought_Monitor/LIBRARIES/gds-2.0/tomcat4/webapps/dods/WEB-INF/lib/gds.jar
2013-07-23 15:42:01 WebappLoader[/dods]: Deploy JAR /WEB-INF/lib/gnu-getopt-1.0.6.jar to /home/freeze/water_monitor/African_Drought_Monitor/LIBRARIES/gds-2.0/tomcat4/webapps/dods/WEB-INF/lib/gnu-getopt-1.0.6.jar
2013-07-23 15:42:01 WebappLoader[/dods]: Deploy JAR /WEB-INF/lib/gnu-regexp-1.1.4.jar to /home/freeze/water_monitor/African_Drought_Monitor/LIBRARIES/gds-2.0/tomcat4/webapps/dods/WEB-INF/lib/gnu-regexp-1.1.4.jar
2013-07-23 15:42:02 StandardManager[/dods]: Seeding random number generator class java.security.SecureRandom
2013-07-23 15:42:02 StandardManager[/dods]: Seeding of random number generator has been completed
2013-07-23 15:42:02 StandardWrapper[/dods:default]: Loading container servlet default
2013-07-23 15:42:02 StandardWrapper[/dods:invoker]: Loading container servlet invoker
2013-07-23 15:42:52 StandardHost[localhost]: Removing web application at context path 
2013-07-23 15:42:52 StandardHost[localhost]: Removing web application at context path /dods
2013-07-23 15:42:52 StandardHost[localhost]: Removing web application at context path /doc
2013-07-23 15:42:54 WebappLoader[/doc]: Deploying class repositories to work directory /home/freeze/water_monitor/African_Drought_Monitor/LIBRARIES/gds-2.0/tomcat4/work/Standalone/localhost/doc
2013-07-23 15:42:54 ContextConfig[/doc]: Missing application web.xml, using defaults only
2013-07-23 15:42:54 StandardManager[/doc]: Seeding random number generator class java.security.SecureRandom
2013-07-23 15:42:54 StandardManager[/doc]: Seeding of random number generator has been completed
2013-07-23 15:42:54 StandardWrapper[/doc:default]: Loading container servlet default
2013-07-23 15:42:54 StandardWrapper[/doc:invoker]: Loading container servlet invoker
2013-07-23 15:42:54 HostConfig[localhost]: Deploying web application directory ROOT
2013-07-23 15:42:54 StandardHost[localhost]: Installing web application at context path  from URL file:/home/freeze/water_monitor/African_Drought_Monitor/LIBRARIES/gds-2.0/tomcat4/webapps/ROOT
2013-07-23 15:42:54 WebappLoader[]: Deploying class repositories to work directory /home/freeze/water_monitor/African_Drought_Monitor/LIBRARIES/gds-2.0/tomcat4/work/Standalone/localhost/_
2013-07-23 15:42:54 StandardManager[]: Seeding random number generator class java.security.SecureRandom
2013-07-23 15:42:54 StandardManager[]: Seeding of random number generator has been completed
2013-07-23 15:42:54 StandardWrapper[:default]: Loading container servlet default
2013-07-23 15:42:54 StandardWrapper[:invoker]: Loading container servlet invoker
2013-07-23 15:42:54 HostConfig[localhost]: Deploying web application directory dods
2013-07-23 15:42:54 StandardHost[localhost]: Installing web application at context path /dods from URL file:/home/freeze/water_monitor/African_Drought_Monitor/LIBRARIES/gds-2.0/tomcat4/webapps/dods
2013-07-23 15:42:54 WebappLoader[/dods]: Deploying class repositories to work directory /home/freeze/water_monitor/African_Drought_Monitor/LIBRARIES/gds-2.0/tomcat4/work/Standalone/localhost/dods
2013-07-23 15:42:54 WebappLoader[/dods]: Deploy JAR /WEB-INF/lib/anagram.jar to /home/freeze/water_monitor/African_Drought_Monitor/LIBRARIES/gds-2.0/tomcat4/webapps/dods/WEB-INF/lib/anagram.jar
2013-07-23 15:42:54 WebappLoader[/dods]: Deploy JAR /WEB-INF/lib/dods-1.1.7.jar to /home/freeze/water_monitor/African_Drought_Monitor/LIBRARIES/gds-2.0/tomcat4/webapps/dods/WEB-INF/lib/dods-1.1.7.jar
2013-07-23 15:42:54 WebappLoader[/dods]: Deploy JAR /WEB-INF/lib/gds.jar to /home/freeze/water_monitor/African_Drought_Monitor/LIBRARIES/gds-2.0/tomcat4/webapps/dods/WEB-INF/lib/gds.jar
2013-07-23 15:42:54 WebappLoader[/dods]: Deploy JAR /WEB-INF/lib/gnu-getopt-1.0.6.jar to /home/freeze/water_monitor/African_Drought_Monitor/LIBRARIES/gds-2.0/tomcat4/webapps/dods/WEB-INF/lib/gnu-getopt-1.0.6.jar
2013-07-23 15:42:54 WebappLoader[/dods]: Deploy JAR /WEB-INF/lib/gnu-regexp-1.1.4.jar to /home/freeze/water_monitor/African_Drought_Monitor/LIBRARIES/gds-2.0/tomcat4/webapps/dods/WEB-INF/lib/gnu-regexp-1.1.4.jar
2013-07-23 15:42:54 StandardManager[/dods]: Seeding random number generator class java.security.SecureRandom
2013-07-23 15:42:54 StandardManager[/dods]: Seeding of random number generator has been completed
2013-07-23 15:42:54 StandardWrapper[/dods:default]: Loading container servlet default
2013-07-23 15:46:47 StandardWrapper[/dods:invoker]: Loading container servlet invoker
2013-07-23 15:48:07 StandardHost[localhost]: Removing web application at context path 
2013-07-23 15:48:07 StandardHost[localhost]: Removing web application at context path /dods
2013-07-23 15:48:07 StandardHost[localhost]: Removing web application at context path /doc
2013-07-23 15:48:11 WebappLoader[/doc]: Deploying class repositories to work directory /home/freeze/water_monitor/African_Drought_Monitor/LIBRARIES/gds-2.0/tomcat4/work/Standalone/localhost/doc
2013-07-23 15:48:11 ContextConfig[/doc]: Missing application web.xml, using defaults only
2013-07-23 15:48:11 StandardManager[/doc]: Seeding random number generator class java.security.SecureRandom
2013-07-23 15:48:11 StandardManager[/doc]: Seeding of random number generator has been completed
2013-07-23 15:48:11 StandardWrapper[/doc:default]: Loading container servlet default
2013-07-23 15:48:11 StandardWrapper[/doc:invoker]: Loading container servlet invoker
2013-07-23 15:48:12 HostConfig[localhost]: Deploying web application directory ROOT
2013-07-23 15:48:12 StandardHost[localhost]: Installing web application at context path  from URL file:/home/freeze/water_monitor/African_Drought_Monitor/LIBRARIES/gds-2.0/tomcat4/webapps/ROOT
2013-07-23 15:48:12 WebappLoader[]: Deploying class repositories to work directory /home/freeze/water_monitor/African_Drought_Monitor/LIBRARIES/gds-2.0/tomcat4/work/Standalone/localhost/_
2013-07-23 15:48:12 StandardManager[]: Seeding random number generator class java.security.SecureRandom
2013-07-23 15:48:12 StandardManager[]: Seeding of random number generator has been completed
2013-07-23 15:48:12 StandardWrapper[:default]: Loading container servlet default
2013-07-23 15:48:12 StandardWrapper[:invoker]: Loading container servlet invoker
2013-07-23 15:48:12 HostConfig[localhost]: Deploying web application directory dods
2013-07-23 15:48:12 StandardHost[localhost]: Installing web application at context path /dods from URL file:/home/freeze/water_monitor/African_Drought_Monitor/LIBRARIES/gds-2.0/tomcat4/webapps/dods
2013-07-23 15:48:12 WebappLoader[/dods]: Deploying class repositories to work directory /home/freeze/water_monitor/African_Drought_Monitor/LIBRARIES/gds-2.0/tomcat4/work/Standalone/localhost/dods
2013-07-23 15:48:12 WebappLoader[/dods]: Deploy JAR /WEB-INF/lib/anagram.jar to /home/freeze/water_monitor/African_Drought_Monitor/LIBRARIES/gds-2.0/tomcat4/webapps/dods/WEB-INF/lib/anagram.jar
2013-07-23 15:48:12 WebappLoader[/dods]: Deploy JAR /WEB-INF/lib/dods-1.1.7.jar to /home/freeze/water_monitor/African_Drought_Monitor/LIBRARIES/gds-2.0/tomcat4/webapps/dods/WEB-INF/lib/dods-1.1.7.jar
2013-07-23 15:48:12 WebappLoader[/dods]: Deploy JAR /WEB-INF/lib/gds.jar to /home/freeze/water_monitor/African_Drought_Monitor/LIBRARIES/gds-2.0/tomcat4/webapps/dods/WEB-INF/lib/gds.jar
2013-07-23 15:48:12 WebappLoader[/dods]: Deploy JAR /WEB-INF/lib/gnu-getopt-1.0.6.jar to /home/freeze/water_monitor/African_Drought_Monitor/LIBRARIES/gds-2.0/tomcat4/webapps/dods/WEB-INF/lib/gnu-getopt-1.0.6.jar
2013-07-23 15:48:12 WebappLoader[/dods]: Deploy JAR /WEB-INF/lib/gnu-regexp-1.1.4.jar to /home/freeze/water_monitor/African_Drought_Monitor/LIBRARIES/gds-2.0/tomcat4/webapps/dods/WEB-INF/lib/gnu-regexp-1.1.4.jar
2013-07-23 15:48:12 StandardManager[/dods]: Seeding random number generator class java.security.SecureRandom
2013-07-23 15:48:12 StandardManager[/dods]: Seeding of random number generator has been completed
2013-07-23 15:48:12 StandardWrapper[/dods:default]: Loading container servlet default
2013-07-23 15:48:12 StandardWrapper[/dods:invoker]: Loading container servlet invoker
2013-07-23 15:48:37 StandardHost[localhost]: Removing web application at context path 
2013-07-23 15:48:37 StandardHost[localhost]: Removing web application at context path /dods
2013-07-23 15:48:37 StandardHost[localhost]: Removing web application at context path /doc
2013-07-23 15:48:39 WebappLoader[/doc]: Deploying class repositories to work directory /home/freeze/water_monitor/African_Drought_Monitor/LIBRARIES/gds-2.0/tomcat4/work/Standalone/localhost/doc
2013-07-23 15:48:39 ContextConfig[/doc]: Missing application web.xml, using defaults only
2013-07-23 15:48:39 StandardManager[/doc]: Seeding random number generator class java.security.SecureRandom
2013-07-23 15:48:39 StandardManager[/doc]: Seeding of random number generator has been completed
2013-07-23 15:48:39 StandardWrapper[/doc:default]: Loading container servlet default
2013-07-23 15:48:39 StandardWrapper[/doc:invoker]: Loading container servlet invoker
2013-07-23 15:48:39 HostConfig[localhost]: Deploying web application directory ROOT
2013-07-23 15:48:39 StandardHost[localhost]: Installing web application at context path  from URL file:/home/freeze/water_monitor/African_Drought_Monitor/LIBRARIES/gds-2.0/tomcat4/webapps/ROOT
2013-07-23 15:48:39 WebappLoader[]: Deploying class repositories to work directory /home/freeze/water_monitor/African_Drought_Monitor/LIBRARIES/gds-2.0/tomcat4/work/Standalone/localhost/_
2013-07-23 15:48:39 StandardManager[]: Seeding random number generator class java.security.SecureRandom
2013-07-23 15:48:39 StandardManager[]: Seeding of random number generator has been completed
2013-07-23 15:48:39 StandardWrapper[:default]: Loading container servlet default
2013-07-23 15:48:39 StandardWrapper[:invoker]: Loading container servlet invoker
2013-07-23 15:48:39 HostConfig[localhost]: Deploying web application directory dods
2013-07-23 15:48:39 StandardHost[localhost]: Installing web application at context path /dods from URL file:/home/freeze/water_monitor/African_Drought_Monitor/LIBRARIES/gds-2.0/tomcat4/webapps/dods
2013-07-23 15:48:39 WebappLoader[/dods]: Deploying class repositories to work directory /home/freeze/water_monitor/African_Drought_Monitor/LIBRARIES/gds-2.0/tomcat4/work/Standalone/localhost/dods
2013-07-23 15:48:39 WebappLoader[/dods]: Deploy JAR /WEB-INF/lib/anagram.jar to /home/freeze/water_monitor/African_Drought_Monitor/LIBRARIES/gds-2.0/tomcat4/webapps/dods/WEB-INF/lib/anagram.jar
2013-07-23 15:48:39 WebappLoader[/dods]: Deploy JAR /WEB-INF/lib/dods-1.1.7.jar to /home/freeze/water_monitor/African_Drought_Monitor/LIBRARIES/gds-2.0/tomcat4/webapps/dods/WEB-INF/lib/dods-1.1.7.jar
2013-07-23 15:48:39 WebappLoader[/dods]: Deploy JAR /WEB-INF/lib/gds.jar to /home/freeze/water_monitor/African_Drought_Monitor/LIBRARIES/gds-2.0/tomcat4/webapps/dods/WEB-INF/lib/gds.jar
2013-07-23 15:48:39 WebappLoader[/dods]: Deploy JAR /WEB-INF/lib/gnu-getopt-1.0.6.jar to /home/freeze/water_monitor/African_Drought_Monitor/LIBRARIES/gds-2.0/tomcat4/webapps/dods/WEB-INF/lib/gnu-getopt-1.0.6.jar
2013-07-23 15:48:39 WebappLoader[/dods]: Deploy JAR /WEB-INF/lib/gnu-regexp-1.1.4.jar to /home/freeze/water_monitor/African_Drought_Monitor/LIBRARIES/gds-2.0/tomcat4/webapps/dods/WEB-INF/lib/gnu-regexp-1.1.4.jar
2013-07-23 15:48:39 StandardManager[/dods]: Seeding random number generator class java.security.SecureRandom
2013-07-23 15:48:39 StandardManager[/dods]: Seeding of random number generator has been completed
2013-07-23 15:48:39 StandardWrapper[/dods:default]: Loading container servlet default
2013-07-23 15:48:39 StandardWrapper[/dods:invoker]: Loading container servlet invoker
2013-07-23 15:53:47 StandardHost[localhost]: Removing web application at context path 
2013-07-23 15:53:47 StandardHost[localhost]: Removing web application at context path /dods
2013-07-23 15:53:47 StandardHost[localhost]: Removing web application at context path /doc
2013-07-23 15:53:49 WebappLoader[/doc]: Deploying class repositories to work directory /home/freeze/water_monitor/African_Drought_Monitor/LIBRARIES/gds-2.0/tomcat4/work/Standalone/localhost/doc
2013-07-23 15:53:49 ContextConfig[/doc]: Missing application web.xml, using defaults only
2013-07-23 15:53:49 StandardManager[/doc]: Seeding random number generator class java.security.SecureRandom
2013-07-23 15:53:49 StandardManager[/doc]: Seeding of random number generator has been completed
2013-07-23 15:53:49 StandardWrapper[/doc:default]: Loading container servlet default
2013-07-23 15:53:49 StandardWrapper[/doc:invoker]: Loading container servlet invoker
2013-07-23 15:53:49 HostConfig[localhost]: Deploying web application directory ROOT
2013-07-23 15:53:49 StandardHost[localhost]: Installing web application at context path  from URL file:/home/freeze/water_monitor/African_Drought_Monitor/LIBRARIES/gds-2.0/tomcat4/webapps/ROOT
2013-07-23 15:53:49 WebappLoader[]: Deploying class repositories to work directory /home/freeze/water_monitor/African_Drought_Monitor/LIBRARIES/gds-2.0/tomcat4/work/Standalone/localhost/_
2013-07-23 15:53:49 StandardManager[]: Seeding random number generator class java.security.SecureRandom
2013-07-23 15:53:49 StandardManager[]: Seeding of random number generator has been completed
2013-07-23 15:53:49 StandardWrapper[:default]: Loading container servlet default
2013-07-23 15:53:49 StandardWrapper[:invoker]: Loading container servlet invoker
2013-07-23 15:53:49 HostConfig[localhost]: Deploying web application directory dods
2013-07-23 15:53:49 StandardHost[localhost]: Installing web application at context path /dods from URL file:/home/freeze/water_monitor/African_Drought_Monitor/LIBRARIES/gds-2.0/tomcat4/webapps/dods
2013-07-23 15:53:49 WebappLoader[/dods]: Deploying class repositories to work directory /home/freeze/water_monitor/African_Drought_Monitor/LIBRARIES/gds-2.0/tomcat4/work/Standalone/localhost/dods
2013-07-23 15:53:49 WebappLoader[/dods]: Deploy JAR /WEB-INF/lib/anagram.jar to /home/freeze/water_monitor/African_Drought_Monitor/LIBRARIES/gds-2.0/tomcat4/webapps/dods/WEB-INF/lib/anagram.jar
2013-07-23 15:53:49 WebappLoader[/dods]: Deploy JAR /WEB-INF/lib/dods-1.1.7.jar to /home/freeze/water_monitor/African_Drought_Monitor/LIBRARIES/gds-2.0/tomcat4/webapps/dods/WEB-INF/lib/dods-1.1.7.jar
2013-07-23 15:53:49 WebappLoader[/dods]: Deploy JAR /WEB-INF/lib/gds.jar to /home/freeze/water_monitor/African_Drought_Monitor/LIBRARIES/gds-2.0/tomcat4/webapps/dods/WEB-INF/lib/gds.jar
2013-07-23 15:53:49 WebappLoader[/dods]: Deploy JAR /WEB-INF/lib/gnu-getopt-1.0.6.jar to /home/freeze/water_monitor/African_Drought_Monitor/LIBRARIES/gds-2.0/tomcat4/webapps/dods/WEB-INF/lib/gnu-getopt-1.0.6.jar
2013-07-23 15:53:49 WebappLoader[/dods]: Deploy JAR /WEB-INF/lib/gnu-regexp-1.1.4.jar to /home/freeze/water_monitor/African_Drought_Monitor/LIBRARIES/gds-2.0/tomcat4/webapps/dods/WEB-INF/lib/gnu-regexp-1.1.4.jar
2013-07-23 15:53:49 StandardManager[/dods]: Seeding random number generator class java.security.SecureRandom
2013-07-23 15:53:49 StandardManager[/dods]: Seeding of random number generator has been completed
2013-07-23 15:53:49 StandardWrapper[/dods:default]: Loading container servlet default
2013-07-23 15:53:49 StandardWrapper[/dods:invoker]: Loading container servlet invoker
2013-07-23 15:58:46 StandardHost[localhost]: Removing web application at context path 
2013-07-23 15:58:46 StandardHost[localhost]: Removing web application at context path /dods
2013-07-23 15:58:46 StandardHost[localhost]: Removing web application at context path /doc
2013-07-23 16:13:43 WebappLoader[/doc]: Deploying class repositories to work directory /home/freeze/water_monitor/African_Drought_Monitor/LIBRARIES/gds-2.0/tomcat4/work/Standalone/localhost/doc
2013-07-23 16:13:43 ContextConfig[/doc]: Missing application web.xml, using defaults only
2013-07-23 16:13:43 StandardManager[/doc]: Seeding random number generator class java.security.SecureRandom
2013-07-23 16:13:43 StandardManager[/doc]: Seeding of random number generator has been completed
2013-07-23 16:13:43 StandardWrapper[/doc:default]: Loading container servlet default
2013-07-23 16:13:43 StandardWrapper[/doc:invoker]: Loading container servlet invoker
2013-07-23 16:13:43 HostConfig[localhost]: Deploying web application directory ROOT
2013-07-23 16:13:43 StandardHost[localhost]: Installing web application at context path  from URL file:/home/freeze/water_monitor/African_Drought_Monitor/LIBRARIES/gds-2.0/tomcat4/webapps/ROOT
2013-07-23 16:13:43 WebappLoader[]: Deploying class repositories to work directory /home/freeze/water_monitor/African_Drought_Monitor/LIBRARIES/gds-2.0/tomcat4/work/Standalone/localhost/_
2013-07-23 16:13:43 StandardManager[]: Seeding random number generator class java.security.SecureRandom
2013-07-23 16:13:43 StandardManager[]: Seeding of random number generator has been completed
2013-07-23 16:13:43 StandardWrapper[:default]: Loading container servlet default
2013-07-23 16:13:43 StandardWrapper[:invoker]: Loading container servlet invoker
2013-07-23 16:13:43 HostConfig[localhost]: Deploying web application directory dods
2013-07-23 16:13:43 StandardHost[localhost]: Installing web application at context path /dods from URL file:/home/freeze/water_monitor/African_Drought_Monitor/LIBRARIES/gds-2.0/tomcat4/webapps/dods
2013-07-23 16:13:43 WebappLoader[/dods]: Deploying class repositories to work directory /home/freeze/water_monitor/African_Drought_Monitor/LIBRARIES/gds-2.0/tomcat4/work/Standalone/localhost/dods
2013-07-23 16:13:43 WebappLoader[/dods]: Deploy JAR /WEB-INF/lib/anagram.jar to /home/freeze/water_monitor/African_Drought_Monitor/LIBRARIES/gds-2.0/tomcat4/webapps/dods/WEB-INF/lib/anagram.jar
2013-07-23 16:13:43 WebappLoader[/dods]: Deploy JAR /WEB-INF/lib/dods-1.1.7.jar to /home/freeze/water_monitor/African_Drought_Monitor/LIBRARIES/gds-2.0/tomcat4/webapps/dods/WEB-INF/lib/dods-1.1.7.jar
2013-07-23 16:13:43 WebappLoader[/dods]: Deploy JAR /WEB-INF/lib/gds.jar to /home/freeze/water_monitor/African_Drought_Monitor/LIBRARIES/gds-2.0/tomcat4/webapps/dods/WEB-INF/lib/gds.jar
2013-07-23 16:13:43 WebappLoader[/dods]: Deploy JAR /WEB-INF/lib/gnu-getopt-1.0.6.jar to /home/freeze/water_monitor/African_Drought_Monitor/LIBRARIES/gds-2.0/tomcat4/webapps/dods/WEB-INF/lib/gnu-getopt-1.0.6.jar
2013-07-23 16:13:43 WebappLoader[/dods]: Deploy JAR /WEB-INF/lib/gnu-regexp-1.1.4.jar to /home/freeze/water_monitor/African_Drought_Monitor/LIBRARIES/gds-2.0/tomcat4/webapps/dods/WEB-INF/lib/gnu-regexp-1.1.4.jar
2013-07-23 16:13:43 StandardManager[/dods]: Seeding random number generator class java.security.SecureRandom
2013-07-23 16:13:43 StandardManager[/dods]: Seeding of random number generator has been completed
2013-07-23 16:13:43 StandardWrapper[/dods:default]: Loading container servlet default
2013-07-23 16:13:44 StandardWrapper[/dods:invoker]: Loading container servlet invoker
2013-07-23 16:13:51 StandardHost[localhost]: Removing web application at context path 
2013-07-23 16:13:51 StandardHost[localhost]: Removing web application at context path /dods
2013-07-23 16:13:51 StandardHost[localhost]: Removing web application at context path /doc
2013-07-23 16:14:00 WebappLoader[/doc]: Deploying class repositories to work directory /home/freeze/water_monitor/African_Drought_Monitor/LIBRARIES/gds-2.0/tomcat4/work/Standalone/localhost/doc
2013-07-23 16:14:00 ContextConfig[/doc]: Missing application web.xml, using defaults only
2013-07-23 16:14:00 StandardManager[/doc]: Seeding random number generator class java.security.SecureRandom
2013-07-23 16:14:00 StandardManager[/doc]: Seeding of random number generator has been completed
2013-07-23 16:14:00 StandardWrapper[/doc:default]: Loading container servlet default
2013-07-23 16:14:00 StandardWrapper[/doc:invoker]: Loading container servlet invoker
2013-07-23 16:14:00 HostConfig[localhost]: Deploying web application directory ROOT
2013-07-23 16:14:00 StandardHost[localhost]: Installing web application at context path  from URL file:/home/freeze/water_monitor/African_Drought_Monitor/LIBRARIES/gds-2.0/tomcat4/webapps/ROOT
2013-07-23 16:14:00 WebappLoader[]: Deploying class repositories to work directory /home/freeze/water_monitor/African_Drought_Monitor/LIBRARIES/gds-2.0/tomcat4/work/Standalone/localhost/_
2013-07-23 16:14:00 StandardManager[]: Seeding random number generator class java.security.SecureRandom
2013-07-23 16:14:00 StandardManager[]: Seeding of random number generator has been completed
2013-07-23 16:14:00 StandardWrapper[:default]: Loading container servlet default
2013-07-23 16:14:00 StandardWrapper[:invoker]: Loading container servlet invoker
2013-07-23 16:14:00 HostConfig[localhost]: Deploying web application directory dods
2013-07-23 16:14:00 StandardHost[localhost]: Installing web application at context path /dods from URL file:/home/freeze/water_monitor/African_Drought_Monitor/LIBRARIES/gds-2.0/tomcat4/webapps/dods
2013-07-23 16:14:00 WebappLoader[/dods]: Deploying class repositories to work directory /home/freeze/water_monitor/African_Drought_Monitor/LIBRARIES/gds-2.0/tomcat4/work/Standalone/localhost/dods
2013-07-23 16:14:00 WebappLoader[/dods]: Deploy JAR /WEB-INF/lib/anagram.jar to /home/freeze/water_monitor/African_Drought_Monitor/LIBRARIES/gds-2.0/tomcat4/webapps/dods/WEB-INF/lib/anagram.jar
2013-07-23 16:14:00 WebappLoader[/dods]: Deploy JAR /WEB-INF/lib/dods-1.1.7.jar to /home/freeze/water_monitor/African_Drought_Monitor/LIBRARIES/gds-2.0/tomcat4/webapps/dods/WEB-INF/lib/dods-1.1.7.jar
2013-07-23 16:14:00 WebappLoader[/dods]: Deploy JAR /WEB-INF/lib/gds.jar to /home/freeze/water_monitor/African_Drought_Monitor/LIBRARIES/gds-2.0/tomcat4/webapps/dods/WEB-INF/lib/gds.jar
2013-07-23 16:14:00 WebappLoader[/dods]: Deploy JAR /WEB-INF/lib/gnu-getopt-1.0.6.jar to /home/freeze/water_monitor/African_Drought_Monitor/LIBRARIES/gds-2.0/tomcat4/webapps/dods/WEB-INF/lib/gnu-getopt-1.0.6.jar
2013-07-23 16:14:00 WebappLoader[/dods]: Deploy JAR /WEB-INF/lib/gnu-regexp-1.1.4.jar to /home/freeze/water_monitor/African_Drought_Monitor/LIBRARIES/gds-2.0/tomcat4/webapps/dods/WEB-INF/lib/gnu-regexp-1.1.4.jar
2013-07-23 16:14:00 StandardManager[/dods]: Seeding random number generator class java.security.SecureRandom
2013-07-23 16:14:00 StandardManager[/dods]: Seeding of random number generator has been completed
2013-07-23 16:14:00 StandardWrapper[/dods:default]: Loading container servlet default
2013-07-23 16:14:00 StandardWrapper[/dods:invoker]: Loading container servlet invoker
2013-07-23 16:18:26 StandardHost[localhost]: Removing web application at context path 
2013-07-23 16:18:26 StandardHost[localhost]: Removing web application at context path /dods
2013-07-23 16:18:26 StandardHost[localhost]: Removing web application at context path /doc
2013-07-23 16:18:27 WebappLoader[/doc]: Deploying class repositories to work directory /home/freeze/water_monitor/African_Drought_Monitor/LIBRARIES/gds-2.0/tomcat4/work/Standalone/localhost/doc
2013-07-23 16:18:27 ContextConfig[/doc]: Missing application web.xml, using defaults only
2013-07-23 16:18:27 StandardManager[/doc]: Seeding random number generator class java.security.SecureRandom
2013-07-23 16:18:27 StandardManager[/doc]: Seeding of random number generator has been completed
2013-07-23 16:18:27 StandardWrapper[/doc:default]: Loading container servlet default
2013-07-23 16:18:27 StandardWrapper[/doc:invoker]: Loading container servlet invoker
2013-07-23 16:18:27 HostConfig[localhost]: Deploying web application directory ROOT
2013-07-23 16:18:27 StandardHost[localhost]: Installing web application at context path  from URL file:/home/freeze/water_monitor/African_Drought_Monitor/LIBRARIES/gds-2.0/tomcat4/webapps/ROOT
2013-07-23 16:18:27 WebappLoader[]: Deploying class repositories to work directory /home/freeze/water_monitor/African_Drought_Monitor/LIBRARIES/gds-2.0/tomcat4/work/Standalone/localhost/_
2013-07-23 16:18:27 StandardManager[]: Seeding random number generator class java.security.SecureRandom
2013-07-23 16:18:27 StandardManager[]: Seeding of random number generator has been completed
2013-07-23 16:18:27 StandardWrapper[:default]: Loading container servlet default
2013-07-23 16:18:27 StandardWrapper[:invoker]: Loading container servlet invoker
2013-07-23 16:18:27 HostConfig[localhost]: Deploying web application directory dods
2013-07-23 16:18:27 StandardHost[localhost]: Installing web application at context path /dods from URL file:/home/freeze/water_monitor/African_Drought_Monitor/LIBRARIES/gds-2.0/tomcat4/webapps/dods
2013-07-23 16:18:27 WebappLoader[/dods]: Deploying class repositories to work directory /home/freeze/water_monitor/African_Drought_Monitor/LIBRARIES/gds-2.0/tomcat4/work/Standalone/localhost/dods
2013-07-23 16:18:27 WebappLoader[/dods]: Deploy JAR /WEB-INF/lib/anagram.jar to /home/freeze/water_monitor/African_Drought_Monitor/LIBRARIES/gds-2.0/tomcat4/webapps/dods/WEB-INF/lib/anagram.jar
2013-07-23 16:18:27 WebappLoader[/dods]: Deploy JAR /WEB-INF/lib/dods-1.1.7.jar to /home/freeze/water_monitor/African_Drought_Monitor/LIBRARIES/gds-2.0/tomcat4/webapps/dods/WEB-INF/lib/dods-1.1.7.jar
2013-07-23 16:18:27 WebappLoader[/dods]: Deploy JAR /WEB-INF/lib/gds.jar to /home/freeze/water_monitor/African_Drought_Monitor/LIBRARIES/gds-2.0/tomcat4/webapps/dods/WEB-INF/lib/gds.jar
2013-07-23 16:18:27 WebappLoader[/dods]: Deploy JAR /WEB-INF/lib/gnu-getopt-1.0.6.jar to /home/freeze/water_monitor/African_Drought_Monitor/LIBRARIES/gds-2.0/tomcat4/webapps/dods/WEB-INF/lib/gnu-getopt-1.0.6.jar
2013-07-23 16:18:27 WebappLoader[/dods]: Deploy JAR /WEB-INF/lib/gnu-regexp-1.1.4.jar to /home/freeze/water_monitor/African_Drought_Monitor/LIBRARIES/gds-2.0/tomcat4/webapps/dods/WEB-INF/lib/gnu-regexp-1.1.4.jar
2013-07-23 16:18:27 StandardManager[/dods]: Seeding random number generator class java.security.SecureRandom
2013-07-23 16:18:27 StandardManager[/dods]: Seeding of random number generator has been completed
2013-07-23 16:18:27 StandardWrapper[/dods:default]: Loading container servlet default
2013-07-23 16:18:28 StandardWrapper[/dods:invoker]: Loading container servlet invoker
2013-07-23 16:18:57 StandardHost[localhost]: Removing web application at context path 
2013-07-23 16:18:57 StandardHost[localhost]: Removing web application at context path /dods
2013-07-23 16:18:57 StandardHost[localhost]: Removing web application at context path /doc
2013-07-23 16:18:58 WebappLoader[/doc]: Deploying class repositories to work directory /home/freeze/water_monitor/African_Drought_Monitor/LIBRARIES/gds-2.0/tomcat4/work/Standalone/localhost/doc
2013-07-23 16:18:58 ContextConfig[/doc]: Missing application web.xml, using defaults only
2013-07-23 16:18:58 StandardManager[/doc]: Seeding random number generator class java.security.SecureRandom
2013-07-23 16:18:58 StandardManager[/doc]: Seeding of random number generator has been completed
2013-07-23 16:18:58 StandardWrapper[/doc:default]: Loading container servlet default
2013-07-23 16:18:58 StandardWrapper[/doc:invoker]: Loading container servlet invoker
2013-07-23 16:18:58 HostConfig[localhost]: Deploying web application directory ROOT
2013-07-23 16:18:58 StandardHost[localhost]: Installing web application at context path  from URL file:/home/freeze/water_monitor/African_Drought_Monitor/LIBRARIES/gds-2.0/tomcat4/webapps/ROOT
2013-07-23 16:18:58 WebappLoader[]: Deploying class repositories to work directory /home/freeze/water_monitor/African_Drought_Monitor/LIBRARIES/gds-2.0/tomcat4/work/Standalone/localhost/_
2013-07-23 16:18:58 StandardManager[]: Seeding random number generator class java.security.SecureRandom
2013-07-23 16:18:58 StandardManager[]: Seeding of random number generator has been completed
2013-07-23 16:18:58 StandardWrapper[:default]: Loading container servlet default
2013-07-23 16:18:58 StandardWrapper[:invoker]: Loading container servlet invoker
2013-07-23 16:18:58 HostConfig[localhost]: Deploying web application directory dods
2013-07-23 16:18:58 StandardHost[localhost]: Installing web application at context path /dods from URL file:/home/freeze/water_monitor/African_Drought_Monitor/LIBRARIES/gds-2.0/tomcat4/webapps/dods
2013-07-23 16:18:58 WebappLoader[/dods]: Deploying class repositories to work directory /home/freeze/water_monitor/African_Drought_Monitor/LIBRARIES/gds-2.0/tomcat4/work/Standalone/localhost/dods
2013-07-23 16:18:58 WebappLoader[/dods]: Deploy JAR /WEB-INF/lib/anagram.jar to /home/freeze/water_monitor/African_Drought_Monitor/LIBRARIES/gds-2.0/tomcat4/webapps/dods/WEB-INF/lib/anagram.jar
2013-07-23 16:18:58 WebappLoader[/dods]: Deploy JAR /WEB-INF/lib/dods-1.1.7.jar to /home/freeze/water_monitor/African_Drought_Monitor/LIBRARIES/gds-2.0/tomcat4/webapps/dods/WEB-INF/lib/dods-1.1.7.jar
2013-07-23 16:18:58 WebappLoader[/dods]: Deploy JAR /WEB-INF/lib/gds.jar to /home/freeze/water_monitor/African_Drought_Monitor/LIBRARIES/gds-2.0/tomcat4/webapps/dods/WEB-INF/lib/gds.jar
2013-07-23 16:18:58 WebappLoader[/dods]: Deploy JAR /WEB-INF/lib/gnu-getopt-1.0.6.jar to /home/freeze/water_monitor/African_Drought_Monitor/LIBRARIES/gds-2.0/tomcat4/webapps/dods/WEB-INF/lib/gnu-getopt-1.0.6.jar
2013-07-23 16:18:58 WebappLoader[/dods]: Deploy JAR /WEB-INF/lib/gnu-regexp-1.1.4.jar to /home/freeze/water_monitor/African_Drought_Monitor/LIBRARIES/gds-2.0/tomcat4/webapps/dods/WEB-INF/lib/gnu-regexp-1.1.4.jar
2013-07-23 16:18:58 StandardManager[/dods]: Seeding random number generator class java.security.SecureRandom
2013-07-23 16:18:58 StandardManager[/dods]: Seeding of random number generator has been completed
2013-07-23 16:18:58 StandardWrapper[/dods:default]: Loading container servlet default
2013-07-23 16:18:59 StandardWrapper[/dods:invoker]: Loading container servlet invoker
2013-07-23 16:19:26 StandardHost[localhost]: Removing web application at context path 
2013-07-23 16:19:26 StandardHost[localhost]: Removing web application at context path /dods
2013-07-23 16:19:26 StandardHost[localhost]: Removing web application at context path /doc
2013-07-23 16:19:27 WebappLoader[/doc]: Deploying class repositories to work directory /home/freeze/water_monitor/African_Drought_Monitor/LIBRARIES/gds-2.0/tomcat4/work/Standalone/localhost/doc
2013-07-23 16:19:27 ContextConfig[/doc]: Missing application web.xml, using defaults only
2013-07-23 16:19:28 StandardManager[/doc]: Seeding random number generator class java.security.SecureRandom
2013-07-23 16:19:28 StandardManager[/doc]: Seeding of random number generator has been completed
2013-07-23 16:19:28 StandardWrapper[/doc:default]: Loading container servlet default
2013-07-23 16:19:28 StandardWrapper[/doc:invoker]: Loading container servlet invoker
2013-07-23 16:19:28 HostConfig[localhost]: Deploying web application directory ROOT
2013-07-23 16:19:28 StandardHost[localhost]: Installing web application at context path  from URL file:/home/freeze/water_monitor/African_Drought_Monitor/LIBRARIES/gds-2.0/tomcat4/webapps/ROOT
2013-07-23 16:19:28 WebappLoader[]: Deploying class repositories to work directory /home/freeze/water_monitor/African_Drought_Monitor/LIBRARIES/gds-2.0/tomcat4/work/Standalone/localhost/_
2013-07-23 16:19:28 StandardManager[]: Seeding random number generator class java.security.SecureRandom
2013-07-23 16:19:28 StandardManager[]: Seeding of random number generator has been completed
2013-07-23 16:19:28 StandardWrapper[:default]: Loading container servlet default
2013-07-23 16:19:28 StandardWrapper[:invoker]: Loading container servlet invoker
2013-07-23 16:19:28 HostConfig[localhost]: Deploying web application directory dods
2013-07-23 16:19:28 StandardHost[localhost]: Installing web application at context path /dods from URL file:/home/freeze/water_monitor/African_Drought_Monitor/LIBRARIES/gds-2.0/tomcat4/webapps/dods
2013-07-23 16:19:28 WebappLoader[/dods]: Deploying class repositories to work directory /home/freeze/water_monitor/African_Drought_Monitor/LIBRARIES/gds-2.0/tomcat4/work/Standalone/localhost/dods
2013-07-23 16:19:28 WebappLoader[/dods]: Deploy JAR /WEB-INF/lib/anagram.jar to /home/freeze/water_monitor/African_Drought_Monitor/LIBRARIES/gds-2.0/tomcat4/webapps/dods/WEB-INF/lib/anagram.jar
2013-07-23 16:19:28 WebappLoader[/dods]: Deploy JAR /WEB-INF/lib/dods-1.1.7.jar to /home/freeze/water_monitor/African_Drought_Monitor/LIBRARIES/gds-2.0/tomcat4/webapps/dods/WEB-INF/lib/dods-1.1.7.jar
2013-07-23 16:19:28 WebappLoader[/dods]: Deploy JAR /WEB-INF/lib/gds.jar to /home/freeze/water_monitor/African_Drought_Monitor/LIBRARIES/gds-2.0/tomcat4/webapps/dods/WEB-INF/lib/gds.jar
2013-07-23 16:19:28 WebappLoader[/dods]: Deploy JAR /WEB-INF/lib/gnu-getopt-1.0.6.jar to /home/freeze/water_monitor/African_Drought_Monitor/LIBRARIES/gds-2.0/tomcat4/webapps/dods/WEB-INF/lib/gnu-getopt-1.0.6.jar
2013-07-23 16:19:28 WebappLoader[/dods]: Deploy JAR /WEB-INF/lib/gnu-regexp-1.1.4.jar to /home/freeze/water_monitor/African_Drought_Monitor/LIBRARIES/gds-2.0/tomcat4/webapps/dods/WEB-INF/lib/gnu-regexp-1.1.4.jar
2013-07-23 16:19:28 StandardManager[/dods]: Seeding random number generator class java.security.SecureRandom
2013-07-23 16:19:28 StandardManager[/dods]: Seeding of random number generator has been completed
2013-07-23 16:19:28 StandardWrapper[/dods:default]: Loading container servlet default
2013-07-23 16:19:28 StandardWrapper[/dods:invoker]: Loading container servlet invoker
2013-07-23 16:19:47 StandardHost[localhost]: Removing web application at context path 
2013-07-23 16:19:47 StandardHost[localhost]: Removing web application at context path /dods
2013-07-23 16:19:47 StandardHost[localhost]: Removing web application at context path /doc
2013-07-23 16:19:49 WebappLoader[/doc]: Deploying class repositories to work directory /home/freeze/water_monitor/African_Drought_Monitor/LIBRARIES/gds-2.0/tomcat4/work/Standalone/localhost/doc
2013-07-23 16:19:49 ContextConfig[/doc]: Missing application web.xml, using defaults only
2013-07-23 16:19:49 StandardManager[/doc]: Seeding random number generator class java.security.SecureRandom
2013-07-23 16:19:49 StandardManager[/doc]: Seeding of random number generator has been completed
2013-07-23 16:19:49 StandardWrapper[/doc:default]: Loading container servlet default
2013-07-23 16:19:49 StandardWrapper[/doc:invoker]: Loading container servlet invoker
2013-07-23 16:19:49 HostConfig[localhost]: Deploying web application directory ROOT
2013-07-23 16:19:49 StandardHost[localhost]: Installing web application at context path  from URL file:/home/freeze/water_monitor/African_Drought_Monitor/LIBRARIES/gds-2.0/tomcat4/webapps/ROOT
2013-07-23 16:19:49 WebappLoader[]: Deploying class repositories to work directory /home/freeze/water_monitor/African_Drought_Monitor/LIBRARIES/gds-2.0/tomcat4/work/Standalone/localhost/_
2013-07-23 16:19:49 StandardManager[]: Seeding random number generator class java.security.SecureRandom
2013-07-23 16:19:49 StandardManager[]: Seeding of random number generator has been completed
2013-07-23 16:19:49 StandardWrapper[:default]: Loading container servlet default
2013-07-23 16:19:49 StandardWrapper[:invoker]: Loading container servlet invoker
2013-07-23 16:19:49 HostConfig[localhost]: Deploying web application directory dods
2013-07-23 16:19:49 StandardHost[localhost]: Installing web application at context path /dods from URL file:/home/freeze/water_monitor/African_Drought_Monitor/LIBRARIES/gds-2.0/tomcat4/webapps/dods
2013-07-23 16:19:49 WebappLoader[/dods]: Deploying class repositories to work directory /home/freeze/water_monitor/African_Drought_Monitor/LIBRARIES/gds-2.0/tomcat4/work/Standalone/localhost/dods
2013-07-23 16:19:49 WebappLoader[/dods]: Deploy JAR /WEB-INF/lib/anagram.jar to /home/freeze/water_monitor/African_Drought_Monitor/LIBRARIES/gds-2.0/tomcat4/webapps/dods/WEB-INF/lib/anagram.jar
2013-07-23 16:19:49 WebappLoader[/dods]: Deploy JAR /WEB-INF/lib/dods-1.1.7.jar to /home/freeze/water_monitor/African_Drought_Monitor/LIBRARIES/gds-2.0/tomcat4/webapps/dods/WEB-INF/lib/dods-1.1.7.jar
2013-07-23 16:19:49 WebappLoader[/dods]: Deploy JAR /WEB-INF/lib/gds.jar to /home/freeze/water_monitor/African_Drought_Monitor/LIBRARIES/gds-2.0/tomcat4/webapps/dods/WEB-INF/lib/gds.jar
2013-07-23 16:19:49 WebappLoader[/dods]: Deploy JAR /WEB-INF/lib/gnu-getopt-1.0.6.jar to /home/freeze/water_monitor/African_Drought_Monitor/LIBRARIES/gds-2.0/tomcat4/webapps/dods/WEB-INF/lib/gnu-getopt-1.0.6.jar
2013-07-23 16:19:49 WebappLoader[/dods]: Deploy JAR /WEB-INF/lib/gnu-regexp-1.1.4.jar to /home/freeze/water_monitor/African_Drought_Monitor/LIBRARIES/gds-2.0/tomcat4/webapps/dods/WEB-INF/lib/gnu-regexp-1.1.4.jar
2013-07-23 16:19:49 StandardManager[/dods]: Seeding random number generator class java.security.SecureRandom
2013-07-23 16:19:49 StandardManager[/dods]: Seeding of random number generator has been completed
2013-07-23 16:19:49 StandardWrapper[/dods:default]: Loading container servlet default
2013-07-23 16:19:49 StandardWrapper[/dods:invoker]: Loading container servlet invoker
2013-07-23 16:20:09 StandardHost[localhost]: Removing web application at context path 
2013-07-23 16:20:09 StandardHost[localhost]: Removing web application at context path /dods
2013-07-23 16:20:09 StandardHost[localhost]: Removing web application at context path /doc
2013-07-23 16:20:11 WebappLoader[/doc]: Deploying class repositories to work directory /home/freeze/water_monitor/African_Drought_Monitor/LIBRARIES/gds-2.0/tomcat4/work/Standalone/localhost/doc
2013-07-23 16:20:11 ContextConfig[/doc]: Missing application web.xml, using defaults only
2013-07-23 16:20:11 StandardManager[/doc]: Seeding random number generator class java.security.SecureRandom
2013-07-23 16:20:11 StandardManager[/doc]: Seeding of random number generator has been completed
2013-07-23 16:20:11 StandardWrapper[/doc:default]: Loading container servlet default
2013-07-23 16:20:11 StandardWrapper[/doc:invoker]: Loading container servlet invoker
2013-07-23 16:20:11 HostConfig[localhost]: Deploying web application directory ROOT
2013-07-23 16:20:11 StandardHost[localhost]: Installing web application at context path  from URL file:/home/freeze/water_monitor/African_Drought_Monitor/LIBRARIES/gds-2.0/tomcat4/webapps/ROOT
2013-07-23 16:20:11 WebappLoader[]: Deploying class repositories to work directory /home/freeze/water_monitor/African_Drought_Monitor/LIBRARIES/gds-2.0/tomcat4/work/Standalone/localhost/_
2013-07-23 16:20:11 StandardManager[]: Seeding random number generator class java.security.SecureRandom
2013-07-23 16:20:11 StandardManager[]: Seeding of random number generator has been completed
2013-07-23 16:20:11 StandardWrapper[:default]: Loading container servlet default
2013-07-23 16:20:11 StandardWrapper[:invoker]: Loading container servlet invoker
2013-07-23 16:20:11 HostConfig[localhost]: Deploying web application directory dods
2013-07-23 16:20:11 StandardHost[localhost]: Installing web application at context path /dods from URL file:/home/freeze/water_monitor/African_Drought_Monitor/LIBRARIES/gds-2.0/tomcat4/webapps/dods
2013-07-23 16:20:11 WebappLoader[/dods]: Deploying class repositories to work directory /home/freeze/water_monitor/African_Drought_Monitor/LIBRARIES/gds-2.0/tomcat4/work/Standalone/localhost/dods
2013-07-23 16:20:11 WebappLoader[/dods]: Deploy JAR /WEB-INF/lib/anagram.jar to /home/freeze/water_monitor/African_Drought_Monitor/LIBRARIES/gds-2.0/tomcat4/webapps/dods/WEB-INF/lib/anagram.jar
2013-07-23 16:20:11 WebappLoader[/dods]: Deploy JAR /WEB-INF/lib/dods-1.1.7.jar to /home/freeze/water_monitor/African_Drought_Monitor/LIBRARIES/gds-2.0/tomcat4/webapps/dods/WEB-INF/lib/dods-1.1.7.jar
2013-07-23 16:20:11 WebappLoader[/dods]: Deploy JAR /WEB-INF/lib/gds.jar to /home/freeze/water_monitor/African_Drought_Monitor/LIBRARIES/gds-2.0/tomcat4/webapps/dods/WEB-INF/lib/gds.jar
2013-07-23 16:20:11 WebappLoader[/dods]: Deploy JAR /WEB-INF/lib/gnu-getopt-1.0.6.jar to /home/freeze/water_monitor/African_Drought_Monitor/LIBRARIES/gds-2.0/tomcat4/webapps/dods/WEB-INF/lib/gnu-getopt-1.0.6.jar
2013-07-23 16:20:11 WebappLoader[/dods]: Deploy JAR /WEB-INF/lib/gnu-regexp-1.1.4.jar to /home/freeze/water_monitor/African_Drought_Monitor/LIBRARIES/gds-2.0/tomcat4/webapps/dods/WEB-INF/lib/gnu-regexp-1.1.4.jar
2013-07-23 16:20:11 StandardManager[/dods]: Seeding random number generator class java.security.SecureRandom
2013-07-23 16:20:11 StandardManager[/dods]: Seeding of random number generator has been completed
2013-07-23 16:20:11 StandardWrapper[/dods:default]: Loading container servlet default
2013-07-23 16:20:12 StandardWrapper[/dods:invoker]: Loading container servlet invoker
2013-07-23 16:47:31 StandardHost[localhost]: Removing web application at context path 
2013-07-23 16:47:31 StandardHost[localhost]: Removing web application at context path /dods
2013-07-23 16:47:31 StandardHost[localhost]: Removing web application at context path /doc
2013-07-23 17:10:19 WebappLoader[/doc]: Deploying class repositories to work directory /home/freeze/water_monitor/African_Drought_Monitor/LIBRARIES/gds-2.0/tomcat4/work/Standalone/localhost/doc
2013-07-23 17:10:19 ContextConfig[/doc]: Missing application web.xml, using defaults only
2013-07-23 17:10:19 StandardManager[/doc]: Seeding random number generator class java.security.SecureRandom
2013-07-23 17:10:19 StandardManager[/doc]: Seeding of random number generator has been completed
2013-07-23 17:10:19 StandardWrapper[/doc:default]: Loading container servlet default
2013-07-23 17:10:19 StandardWrapper[/doc:invoker]: Loading container servlet invoker
2013-07-23 17:10:19 HostConfig[localhost]: Deploying web application directory ROOT
2013-07-23 17:10:19 StandardHost[localhost]: Installing web application at context path  from URL file:/home/freeze/water_monitor/African_Drought_Monitor/LIBRARIES/gds-2.0/tomcat4/webapps/ROOT
2013-07-23 17:10:19 WebappLoader[]: Deploying class repositories to work directory /home/freeze/water_monitor/African_Drought_Monitor/LIBRARIES/gds-2.0/tomcat4/work/Standalone/localhost/_
2013-07-23 17:10:19 StandardManager[]: Seeding random number generator class java.security.SecureRandom
2013-07-23 17:10:19 StandardManager[]: Seeding of random number generator has been completed
2013-07-23 17:10:19 StandardWrapper[:default]: Loading container servlet default
2013-07-23 17:10:19 StandardWrapper[:invoker]: Loading container servlet invoker
2013-07-23 17:10:19 HostConfig[localhost]: Deploying web application directory dods
2013-07-23 17:10:19 StandardHost[localhost]: Installing web application at context path /dods from URL file:/home/freeze/water_monitor/African_Drought_Monitor/LIBRARIES/gds-2.0/tomcat4/webapps/dods
2013-07-23 17:10:19 WebappLoader[/dods]: Deploying class repositories to work directory /home/freeze/water_monitor/African_Drought_Monitor/LIBRARIES/gds-2.0/tomcat4/work/Standalone/localhost/dods
2013-07-23 17:10:19 WebappLoader[/dods]: Deploy JAR /WEB-INF/lib/anagram.jar to /home/freeze/water_monitor/African_Drought_Monitor/LIBRARIES/gds-2.0/tomcat4/webapps/dods/WEB-INF/lib/anagram.jar
2013-07-23 17:10:19 WebappLoader[/dods]: Deploy JAR /WEB-INF/lib/dods-1.1.7.jar to /home/freeze/water_monitor/African_Drought_Monitor/LIBRARIES/gds-2.0/tomcat4/webapps/dods/WEB-INF/lib/dods-1.1.7.jar
2013-07-23 17:10:19 WebappLoader[/dods]: Deploy JAR /WEB-INF/lib/gds.jar to /home/freeze/water_monitor/African_Drought_Monitor/LIBRARIES/gds-2.0/tomcat4/webapps/dods/WEB-INF/lib/gds.jar
2013-07-23 17:10:19 WebappLoader[/dods]: Deploy JAR /WEB-INF/lib/gnu-getopt-1.0.6.jar to /home/freeze/water_monitor/African_Drought_Monitor/LIBRARIES/gds-2.0/tomcat4/webapps/dods/WEB-INF/lib/gnu-getopt-1.0.6.jar
2013-07-23 17:10:19 WebappLoader[/dods]: Deploy JAR /WEB-INF/lib/gnu-regexp-1.1.4.jar to /home/freeze/water_monitor/African_Drought_Monitor/LIBRARIES/gds-2.0/tomcat4/webapps/dods/WEB-INF/lib/gnu-regexp-1.1.4.jar
2013-07-23 17:10:20 StandardManager[/dods]: Seeding random number generator class java.security.SecureRandom
2013-07-23 17:10:20 StandardManager[/dods]: Seeding of random number generator has been completed
2013-07-23 17:10:20 StandardWrapper[/dods:default]: Loading container servlet default
2013-07-23 17:10:20 StandardWrapper[/dods:invoker]: Loading container servlet invoker
2013-07-23 17:23:50 StandardHost[localhost]: Removing web application at context path 
2013-07-23 17:23:50 StandardHost[localhost]: Removing web application at context path /dods
2013-07-23 17:23:50 StandardHost[localhost]: Removing web application at context path /doc
2013-07-23 17:39:34 WebappLoader[/doc]: Deploying class repositories to work directory /home/freeze/water_monitor/African_Drought_Monitor/LIBRARIES/gds-2.0/tomcat4/work/Standalone/localhost/doc
2013-07-23 17:39:34 ContextConfig[/doc]: Missing application web.xml, using defaults only
2013-07-23 17:39:34 StandardManager[/doc]: Seeding random number generator class java.security.SecureRandom
2013-07-23 17:39:34 StandardManager[/doc]: Seeding of random number generator has been completed
2013-07-23 17:39:34 StandardWrapper[/doc:default]: Loading container servlet default
2013-07-23 17:39:34 StandardWrapper[/doc:invoker]: Loading container servlet invoker
2013-07-23 17:39:34 HostConfig[localhost]: Deploying web application directory ROOT
2013-07-23 17:39:34 StandardHost[localhost]: Installing web application at context path  from URL file:/home/freeze/water_monitor/African_Drought_Monitor/LIBRARIES/gds-2.0/tomcat4/webapps/ROOT
2013-07-23 17:39:34 WebappLoader[]: Deploying class repositories to work directory /home/freeze/water_monitor/African_Drought_Monitor/LIBRARIES/gds-2.0/tomcat4/work/Standalone/localhost/_
2013-07-23 17:39:34 StandardManager[]: Seeding random number generator class java.security.SecureRandom
2013-07-23 17:39:34 StandardManager[]: Seeding of random number generator has been completed
2013-07-23 17:39:34 StandardWrapper[:default]: Loading container servlet default
2013-07-23 17:39:34 StandardWrapper[:invoker]: Loading container servlet invoker
2013-07-23 17:39:34 HostConfig[localhost]: Deploying web application directory dods
2013-07-23 17:39:34 StandardHost[localhost]: Installing web application at context path /dods from URL file:/home/freeze/water_monitor/African_Drought_Monitor/LIBRARIES/gds-2.0/tomcat4/webapps/dods
2013-07-23 17:39:34 WebappLoader[/dods]: Deploying class repositories to work directory /home/freeze/water_monitor/African_Drought_Monitor/LIBRARIES/gds-2.0/tomcat4/work/Standalone/localhost/dods
2013-07-23 17:39:34 WebappLoader[/dods]: Deploy JAR /WEB-INF/lib/anagram.jar to /home/freeze/water_monitor/African_Drought_Monitor/LIBRARIES/gds-2.0/tomcat4/webapps/dods/WEB-INF/lib/anagram.jar
2013-07-23 17:39:34 WebappLoader[/dods]: Deploy JAR /WEB-INF/lib/dods-1.1.7.jar to /home/freeze/water_monitor/African_Drought_Monitor/LIBRARIES/gds-2.0/tomcat4/webapps/dods/WEB-INF/lib/dods-1.1.7.jar
2013-07-23 17:39:34 WebappLoader[/dods]: Deploy JAR /WEB-INF/lib/gds.jar to /home/freeze/water_monitor/African_Drought_Monitor/LIBRARIES/gds-2.0/tomcat4/webapps/dods/WEB-INF/lib/gds.jar
2013-07-23 17:39:34 WebappLoader[/dods]: Deploy JAR /WEB-INF/lib/gnu-getopt-1.0.6.jar to /home/freeze/water_monitor/African_Drought_Monitor/LIBRARIES/gds-2.0/tomcat4/webapps/dods/WEB-INF/lib/gnu-getopt-1.0.6.jar
2013-07-23 17:39:34 WebappLoader[/dods]: Deploy JAR /WEB-INF/lib/gnu-regexp-1.1.4.jar to /home/freeze/water_monitor/African_Drought_Monitor/LIBRARIES/gds-2.0/tomcat4/webapps/dods/WEB-INF/lib/gnu-regexp-1.1.4.jar
2013-07-23 17:39:34 StandardManager[/dods]: Seeding random number generator class java.security.SecureRandom
2013-07-23 17:39:34 StandardManager[/dods]: Seeding of random number generator has been completed
2013-07-23 17:39:34 StandardWrapper[/dods:default]: Loading container servlet default
2013-07-23 17:39:34 StandardWrapper[/dods:invoker]: Loading container servlet invoker
