2013-08-07 07:14:21 StandardHost[localhost]: Removing web application at context path 
2013-08-07 07:14:21 StandardHost[localhost]: Removing web application at context path /dods
2013-08-07 07:14:21 StandardHost[localhost]: Removing web application at context path /doc
2013-08-07 07:14:23 WebappLoader[/doc]: Deploying class repositories to work directory /home/freeze/water_monitor/African_Drought_Monitor/LIBRARIES/gds-2.0/tomcat4/work/Standalone/localhost/doc
2013-08-07 07:14:23 ContextConfig[/doc]: Missing application web.xml, using defaults only
2013-08-07 07:14:23 StandardManager[/doc]: Seeding random number generator class java.security.SecureRandom
2013-08-07 07:14:23 StandardManager[/doc]: Seeding of random number generator has been completed
2013-08-07 07:14:23 StandardWrapper[/doc:default]: Loading container servlet default
2013-08-07 07:14:23 StandardWrapper[/doc:invoker]: Loading container servlet invoker
2013-08-07 07:14:23 HostConfig[localhost]: Deploying web application directory ROOT
2013-08-07 07:14:23 StandardHost[localhost]: Installing web application at context path  from URL file:/home/freeze/water_monitor/African_Drought_Monitor/LIBRARIES/gds-2.0/tomcat4/webapps/ROOT
2013-08-07 07:14:23 WebappLoader[]: Deploying class repositories to work directory /home/freeze/water_monitor/African_Drought_Monitor/LIBRARIES/gds-2.0/tomcat4/work/Standalone/localhost/_
2013-08-07 07:14:23 StandardManager[]: Seeding random number generator class java.security.SecureRandom
2013-08-07 07:14:23 StandardManager[]: Seeding of random number generator has been completed
2013-08-07 07:14:23 StandardWrapper[:default]: Loading container servlet default
2013-08-07 07:14:23 StandardWrapper[:invoker]: Loading container servlet invoker
2013-08-07 07:14:23 HostConfig[localhost]: Deploying web application directory dods
2013-08-07 07:14:23 StandardHost[localhost]: Installing web application at context path /dods from URL file:/home/freeze/water_monitor/African_Drought_Monitor/LIBRARIES/gds-2.0/tomcat4/webapps/dods
2013-08-07 07:14:23 WebappLoader[/dods]: Deploying class repositories to work directory /home/freeze/water_monitor/African_Drought_Monitor/LIBRARIES/gds-2.0/tomcat4/work/Standalone/localhost/dods
2013-08-07 07:14:23 WebappLoader[/dods]: Deploy JAR /WEB-INF/lib/anagram.jar to /home/freeze/water_monitor/African_Drought_Monitor/LIBRARIES/gds-2.0/tomcat4/webapps/dods/WEB-INF/lib/anagram.jar
2013-08-07 07:14:23 WebappLoader[/dods]: Deploy JAR /WEB-INF/lib/dods-1.1.7.jar to /home/freeze/water_monitor/African_Drought_Monitor/LIBRARIES/gds-2.0/tomcat4/webapps/dods/WEB-INF/lib/dods-1.1.7.jar
2013-08-07 07:14:23 WebappLoader[/dods]: Deploy JAR /WEB-INF/lib/gds.jar to /home/freeze/water_monitor/African_Drought_Monitor/LIBRARIES/gds-2.0/tomcat4/webapps/dods/WEB-INF/lib/gds.jar
2013-08-07 07:14:23 WebappLoader[/dods]: Deploy JAR /WEB-INF/lib/gnu-getopt-1.0.6.jar to /home/freeze/water_monitor/African_Drought_Monitor/LIBRARIES/gds-2.0/tomcat4/webapps/dods/WEB-INF/lib/gnu-getopt-1.0.6.jar
2013-08-07 07:14:23 WebappLoader[/dods]: Deploy JAR /WEB-INF/lib/gnu-regexp-1.1.4.jar to /home/freeze/water_monitor/African_Drought_Monitor/LIBRARIES/gds-2.0/tomcat4/webapps/dods/WEB-INF/lib/gnu-regexp-1.1.4.jar
2013-08-07 07:14:23 StandardManager[/dods]: Seeding random number generator class java.security.SecureRandom
2013-08-07 07:14:23 StandardManager[/dods]: Seeding of random number generator has been completed
2013-08-07 07:14:23 StandardWrapper[/dods:default]: Loading container servlet default
2013-08-07 07:14:24 StandardWrapper[/dods:invoker]: Loading container servlet invoker
2013-08-07 07:15:30 StandardHost[localhost]: Removing web application at context path 
2013-08-07 07:15:30 StandardHost[localhost]: Removing web application at context path /dods
2013-08-07 07:15:30 StandardHost[localhost]: Removing web application at context path /doc
2013-08-07 07:15:32 WebappLoader[/doc]: Deploying class repositories to work directory /home/freeze/water_monitor/African_Drought_Monitor/LIBRARIES/gds-2.0/tomcat4/work/Standalone/localhost/doc
2013-08-07 07:15:32 ContextConfig[/doc]: Missing application web.xml, using defaults only
2013-08-07 07:15:32 StandardManager[/doc]: Seeding random number generator class java.security.SecureRandom
2013-08-07 07:15:32 StandardManager[/doc]: Seeding of random number generator has been completed
2013-08-07 07:15:32 StandardWrapper[/doc:default]: Loading container servlet default
2013-08-07 07:15:32 StandardWrapper[/doc:invoker]: Loading container servlet invoker
2013-08-07 07:15:32 HostConfig[localhost]: Deploying web application directory ROOT
2013-08-07 07:15:32 StandardHost[localhost]: Installing web application at context path  from URL file:/home/freeze/water_monitor/African_Drought_Monitor/LIBRARIES/gds-2.0/tomcat4/webapps/ROOT
2013-08-07 07:15:32 WebappLoader[]: Deploying class repositories to work directory /home/freeze/water_monitor/African_Drought_Monitor/LIBRARIES/gds-2.0/tomcat4/work/Standalone/localhost/_
2013-08-07 07:15:32 StandardManager[]: Seeding random number generator class java.security.SecureRandom
2013-08-07 07:15:32 StandardManager[]: Seeding of random number generator has been completed
2013-08-07 07:15:32 StandardWrapper[:default]: Loading container servlet default
2013-08-07 07:15:32 StandardWrapper[:invoker]: Loading container servlet invoker
2013-08-07 07:15:32 HostConfig[localhost]: Deploying web application directory dods
2013-08-07 07:15:32 StandardHost[localhost]: Installing web application at context path /dods from URL file:/home/freeze/water_monitor/African_Drought_Monitor/LIBRARIES/gds-2.0/tomcat4/webapps/dods
2013-08-07 07:15:32 WebappLoader[/dods]: Deploying class repositories to work directory /home/freeze/water_monitor/African_Drought_Monitor/LIBRARIES/gds-2.0/tomcat4/work/Standalone/localhost/dods
2013-08-07 07:15:32 WebappLoader[/dods]: Deploy JAR /WEB-INF/lib/anagram.jar to /home/freeze/water_monitor/African_Drought_Monitor/LIBRARIES/gds-2.0/tomcat4/webapps/dods/WEB-INF/lib/anagram.jar
2013-08-07 07:15:32 WebappLoader[/dods]: Deploy JAR /WEB-INF/lib/dods-1.1.7.jar to /home/freeze/water_monitor/African_Drought_Monitor/LIBRARIES/gds-2.0/tomcat4/webapps/dods/WEB-INF/lib/dods-1.1.7.jar
2013-08-07 07:15:32 WebappLoader[/dods]: Deploy JAR /WEB-INF/lib/gds.jar to /home/freeze/water_monitor/African_Drought_Monitor/LIBRARIES/gds-2.0/tomcat4/webapps/dods/WEB-INF/lib/gds.jar
2013-08-07 07:15:32 WebappLoader[/dods]: Deploy JAR /WEB-INF/lib/gnu-getopt-1.0.6.jar to /home/freeze/water_monitor/African_Drought_Monitor/LIBRARIES/gds-2.0/tomcat4/webapps/dods/WEB-INF/lib/gnu-getopt-1.0.6.jar
2013-08-07 07:15:32 WebappLoader[/dods]: Deploy JAR /WEB-INF/lib/gnu-regexp-1.1.4.jar to /home/freeze/water_monitor/African_Drought_Monitor/LIBRARIES/gds-2.0/tomcat4/webapps/dods/WEB-INF/lib/gnu-regexp-1.1.4.jar
2013-08-07 07:15:32 StandardManager[/dods]: Seeding random number generator class java.security.SecureRandom
2013-08-07 07:15:32 StandardManager[/dods]: Seeding of random number generator has been completed
2013-08-07 07:15:32 StandardWrapper[/dods:default]: Loading container servlet default
2013-08-07 07:15:32 StandardWrapper[/dods:invoker]: Loading container servlet invoker
2013-08-07 07:16:03 StandardHost[localhost]: Removing web application at context path 
2013-08-07 07:16:03 StandardHost[localhost]: Removing web application at context path /dods
2013-08-07 07:16:03 StandardHost[localhost]: Removing web application at context path /doc
2013-08-07 07:16:04 WebappLoader[/doc]: Deploying class repositories to work directory /home/freeze/water_monitor/African_Drought_Monitor/LIBRARIES/gds-2.0/tomcat4/work/Standalone/localhost/doc
2013-08-07 07:16:04 ContextConfig[/doc]: Missing application web.xml, using defaults only
2013-08-07 07:16:04 StandardManager[/doc]: Seeding random number generator class java.security.SecureRandom
2013-08-07 07:16:04 StandardManager[/doc]: Seeding of random number generator has been completed
2013-08-07 07:16:04 StandardWrapper[/doc:default]: Loading container servlet default
2013-08-07 07:16:04 StandardWrapper[/doc:invoker]: Loading container servlet invoker
2013-08-07 07:16:04 HostConfig[localhost]: Deploying web application directory ROOT
2013-08-07 07:16:04 StandardHost[localhost]: Installing web application at context path  from URL file:/home/freeze/water_monitor/African_Drought_Monitor/LIBRARIES/gds-2.0/tomcat4/webapps/ROOT
2013-08-07 07:16:04 WebappLoader[]: Deploying class repositories to work directory /home/freeze/water_monitor/African_Drought_Monitor/LIBRARIES/gds-2.0/tomcat4/work/Standalone/localhost/_
2013-08-07 07:16:05 StandardManager[]: Seeding random number generator class java.security.SecureRandom
2013-08-07 07:16:05 StandardManager[]: Seeding of random number generator has been completed
2013-08-07 07:16:05 StandardWrapper[:default]: Loading container servlet default
2013-08-07 07:16:05 StandardWrapper[:invoker]: Loading container servlet invoker
2013-08-07 07:16:05 HostConfig[localhost]: Deploying web application directory dods
2013-08-07 07:16:05 StandardHost[localhost]: Installing web application at context path /dods from URL file:/home/freeze/water_monitor/African_Drought_Monitor/LIBRARIES/gds-2.0/tomcat4/webapps/dods
2013-08-07 07:16:05 WebappLoader[/dods]: Deploying class repositories to work directory /home/freeze/water_monitor/African_Drought_Monitor/LIBRARIES/gds-2.0/tomcat4/work/Standalone/localhost/dods
2013-08-07 07:16:05 WebappLoader[/dods]: Deploy JAR /WEB-INF/lib/anagram.jar to /home/freeze/water_monitor/African_Drought_Monitor/LIBRARIES/gds-2.0/tomcat4/webapps/dods/WEB-INF/lib/anagram.jar
2013-08-07 07:16:05 WebappLoader[/dods]: Deploy JAR /WEB-INF/lib/dods-1.1.7.jar to /home/freeze/water_monitor/African_Drought_Monitor/LIBRARIES/gds-2.0/tomcat4/webapps/dods/WEB-INF/lib/dods-1.1.7.jar
2013-08-07 07:16:05 WebappLoader[/dods]: Deploy JAR /WEB-INF/lib/gds.jar to /home/freeze/water_monitor/African_Drought_Monitor/LIBRARIES/gds-2.0/tomcat4/webapps/dods/WEB-INF/lib/gds.jar
2013-08-07 07:16:05 WebappLoader[/dods]: Deploy JAR /WEB-INF/lib/gnu-getopt-1.0.6.jar to /home/freeze/water_monitor/African_Drought_Monitor/LIBRARIES/gds-2.0/tomcat4/webapps/dods/WEB-INF/lib/gnu-getopt-1.0.6.jar
2013-08-07 07:16:05 WebappLoader[/dods]: Deploy JAR /WEB-INF/lib/gnu-regexp-1.1.4.jar to /home/freeze/water_monitor/African_Drought_Monitor/LIBRARIES/gds-2.0/tomcat4/webapps/dods/WEB-INF/lib/gnu-regexp-1.1.4.jar
2013-08-07 07:16:05 StandardManager[/dods]: Seeding random number generator class java.security.SecureRandom
2013-08-07 07:16:05 StandardManager[/dods]: Seeding of random number generator has been completed
2013-08-07 07:16:05 StandardWrapper[/dods:default]: Loading container servlet default
2013-08-07 07:16:05 StandardWrapper[/dods:invoker]: Loading container servlet invoker
2013-08-07 07:16:28 StandardHost[localhost]: Removing web application at context path 
2013-08-07 07:16:28 StandardHost[localhost]: Removing web application at context path /dods
2013-08-07 07:16:28 StandardHost[localhost]: Removing web application at context path /doc
2013-08-07 07:16:30 WebappLoader[/doc]: Deploying class repositories to work directory /home/freeze/water_monitor/African_Drought_Monitor/LIBRARIES/gds-2.0/tomcat4/work/Standalone/localhost/doc
2013-08-07 07:16:30 ContextConfig[/doc]: Missing application web.xml, using defaults only
2013-08-07 07:16:30 StandardManager[/doc]: Seeding random number generator class java.security.SecureRandom
2013-08-07 07:16:30 StandardManager[/doc]: Seeding of random number generator has been completed
2013-08-07 07:16:30 StandardWrapper[/doc:default]: Loading container servlet default
2013-08-07 07:16:30 StandardWrapper[/doc:invoker]: Loading container servlet invoker
2013-08-07 07:16:30 HostConfig[localhost]: Deploying web application directory ROOT
2013-08-07 07:16:30 StandardHost[localhost]: Installing web application at context path  from URL file:/home/freeze/water_monitor/African_Drought_Monitor/LIBRARIES/gds-2.0/tomcat4/webapps/ROOT
2013-08-07 07:16:30 WebappLoader[]: Deploying class repositories to work directory /home/freeze/water_monitor/African_Drought_Monitor/LIBRARIES/gds-2.0/tomcat4/work/Standalone/localhost/_
2013-08-07 07:16:30 StandardManager[]: Seeding random number generator class java.security.SecureRandom
2013-08-07 07:16:30 StandardManager[]: Seeding of random number generator has been completed
2013-08-07 07:16:30 StandardWrapper[:default]: Loading container servlet default
2013-08-07 07:16:30 StandardWrapper[:invoker]: Loading container servlet invoker
2013-08-07 07:16:30 HostConfig[localhost]: Deploying web application directory dods
2013-08-07 07:16:30 StandardHost[localhost]: Installing web application at context path /dods from URL file:/home/freeze/water_monitor/African_Drought_Monitor/LIBRARIES/gds-2.0/tomcat4/webapps/dods
2013-08-07 07:16:30 WebappLoader[/dods]: Deploying class repositories to work directory /home/freeze/water_monitor/African_Drought_Monitor/LIBRARIES/gds-2.0/tomcat4/work/Standalone/localhost/dods
2013-08-07 07:16:30 WebappLoader[/dods]: Deploy JAR /WEB-INF/lib/anagram.jar to /home/freeze/water_monitor/African_Drought_Monitor/LIBRARIES/gds-2.0/tomcat4/webapps/dods/WEB-INF/lib/anagram.jar
2013-08-07 07:16:30 WebappLoader[/dods]: Deploy JAR /WEB-INF/lib/dods-1.1.7.jar to /home/freeze/water_monitor/African_Drought_Monitor/LIBRARIES/gds-2.0/tomcat4/webapps/dods/WEB-INF/lib/dods-1.1.7.jar
2013-08-07 07:16:30 WebappLoader[/dods]: Deploy JAR /WEB-INF/lib/gds.jar to /home/freeze/water_monitor/African_Drought_Monitor/LIBRARIES/gds-2.0/tomcat4/webapps/dods/WEB-INF/lib/gds.jar
2013-08-07 07:16:30 WebappLoader[/dods]: Deploy JAR /WEB-INF/lib/gnu-getopt-1.0.6.jar to /home/freeze/water_monitor/African_Drought_Monitor/LIBRARIES/gds-2.0/tomcat4/webapps/dods/WEB-INF/lib/gnu-getopt-1.0.6.jar
2013-08-07 07:16:30 WebappLoader[/dods]: Deploy JAR /WEB-INF/lib/gnu-regexp-1.1.4.jar to /home/freeze/water_monitor/African_Drought_Monitor/LIBRARIES/gds-2.0/tomcat4/webapps/dods/WEB-INF/lib/gnu-regexp-1.1.4.jar
2013-08-07 07:16:30 StandardManager[/dods]: Seeding random number generator class java.security.SecureRandom
2013-08-07 07:16:30 StandardManager[/dods]: Seeding of random number generator has been completed
2013-08-07 07:16:30 StandardWrapper[/dods:default]: Loading container servlet default
2013-08-07 07:16:30 StandardWrapper[/dods:invoker]: Loading container servlet invoker
2013-08-07 07:18:15 StandardHost[localhost]: Removing web application at context path 
2013-08-07 07:18:15 StandardHost[localhost]: Removing web application at context path /dods
2013-08-07 07:18:15 StandardHost[localhost]: Removing web application at context path /doc
2013-08-07 07:18:17 WebappLoader[/doc]: Deploying class repositories to work directory /home/freeze/water_monitor/African_Drought_Monitor/LIBRARIES/gds-2.0/tomcat4/work/Standalone/localhost/doc
2013-08-07 07:18:17 ContextConfig[/doc]: Missing application web.xml, using defaults only
2013-08-07 07:18:17 StandardManager[/doc]: Seeding random number generator class java.security.SecureRandom
2013-08-07 07:18:17 StandardManager[/doc]: Seeding of random number generator has been completed
2013-08-07 07:18:17 StandardWrapper[/doc:default]: Loading container servlet default
2013-08-07 07:18:17 StandardWrapper[/doc:invoker]: Loading container servlet invoker
2013-08-07 07:18:17 HostConfig[localhost]: Deploying web application directory ROOT
2013-08-07 07:18:17 StandardHost[localhost]: Installing web application at context path  from URL file:/home/freeze/water_monitor/African_Drought_Monitor/LIBRARIES/gds-2.0/tomcat4/webapps/ROOT
2013-08-07 07:18:17 WebappLoader[]: Deploying class repositories to work directory /home/freeze/water_monitor/African_Drought_Monitor/LIBRARIES/gds-2.0/tomcat4/work/Standalone/localhost/_
2013-08-07 07:18:17 StandardManager[]: Seeding random number generator class java.security.SecureRandom
2013-08-07 07:18:17 StandardManager[]: Seeding of random number generator has been completed
2013-08-07 07:18:17 StandardWrapper[:default]: Loading container servlet default
2013-08-07 07:18:17 StandardWrapper[:invoker]: Loading container servlet invoker
2013-08-07 07:18:17 HostConfig[localhost]: Deploying web application directory dods
2013-08-07 07:18:17 StandardHost[localhost]: Installing web application at context path /dods from URL file:/home/freeze/water_monitor/African_Drought_Monitor/LIBRARIES/gds-2.0/tomcat4/webapps/dods
2013-08-07 07:18:17 WebappLoader[/dods]: Deploying class repositories to work directory /home/freeze/water_monitor/African_Drought_Monitor/LIBRARIES/gds-2.0/tomcat4/work/Standalone/localhost/dods
2013-08-07 07:18:17 WebappLoader[/dods]: Deploy JAR /WEB-INF/lib/anagram.jar to /home/freeze/water_monitor/African_Drought_Monitor/LIBRARIES/gds-2.0/tomcat4/webapps/dods/WEB-INF/lib/anagram.jar
2013-08-07 07:18:17 WebappLoader[/dods]: Deploy JAR /WEB-INF/lib/dods-1.1.7.jar to /home/freeze/water_monitor/African_Drought_Monitor/LIBRARIES/gds-2.0/tomcat4/webapps/dods/WEB-INF/lib/dods-1.1.7.jar
2013-08-07 07:18:17 WebappLoader[/dods]: Deploy JAR /WEB-INF/lib/gds.jar to /home/freeze/water_monitor/African_Drought_Monitor/LIBRARIES/gds-2.0/tomcat4/webapps/dods/WEB-INF/lib/gds.jar
2013-08-07 07:18:17 WebappLoader[/dods]: Deploy JAR /WEB-INF/lib/gnu-getopt-1.0.6.jar to /home/freeze/water_monitor/African_Drought_Monitor/LIBRARIES/gds-2.0/tomcat4/webapps/dods/WEB-INF/lib/gnu-getopt-1.0.6.jar
2013-08-07 07:18:17 WebappLoader[/dods]: Deploy JAR /WEB-INF/lib/gnu-regexp-1.1.4.jar to /home/freeze/water_monitor/African_Drought_Monitor/LIBRARIES/gds-2.0/tomcat4/webapps/dods/WEB-INF/lib/gnu-regexp-1.1.4.jar
2013-08-07 07:18:17 StandardManager[/dods]: Seeding random number generator class java.security.SecureRandom
2013-08-07 07:18:17 StandardManager[/dods]: Seeding of random number generator has been completed
2013-08-07 07:18:17 StandardWrapper[/dods:default]: Loading container servlet default
2013-08-07 07:18:17 StandardWrapper[/dods:invoker]: Loading container servlet invoker
2013-08-07 07:21:38 StandardHost[localhost]: Removing web application at context path 
2013-08-07 07:21:38 StandardHost[localhost]: Removing web application at context path /dods
2013-08-07 07:21:38 StandardHost[localhost]: Removing web application at context path /doc
2013-08-07 07:21:40 WebappLoader[/doc]: Deploying class repositories to work directory /home/freeze/water_monitor/African_Drought_Monitor/LIBRARIES/gds-2.0/tomcat4/work/Standalone/localhost/doc
2013-08-07 07:21:40 ContextConfig[/doc]: Missing application web.xml, using defaults only
2013-08-07 07:21:40 StandardManager[/doc]: Seeding random number generator class java.security.SecureRandom
2013-08-07 07:21:40 StandardManager[/doc]: Seeding of random number generator has been completed
2013-08-07 07:21:40 StandardWrapper[/doc:default]: Loading container servlet default
2013-08-07 07:21:40 StandardWrapper[/doc:invoker]: Loading container servlet invoker
2013-08-07 07:21:40 HostConfig[localhost]: Deploying web application directory ROOT
2013-08-07 07:21:40 StandardHost[localhost]: Installing web application at context path  from URL file:/home/freeze/water_monitor/African_Drought_Monitor/LIBRARIES/gds-2.0/tomcat4/webapps/ROOT
2013-08-07 07:21:40 WebappLoader[]: Deploying class repositories to work directory /home/freeze/water_monitor/African_Drought_Monitor/LIBRARIES/gds-2.0/tomcat4/work/Standalone/localhost/_
2013-08-07 07:21:40 StandardManager[]: Seeding random number generator class java.security.SecureRandom
2013-08-07 07:21:40 StandardManager[]: Seeding of random number generator has been completed
2013-08-07 07:21:40 StandardWrapper[:default]: Loading container servlet default
2013-08-07 07:21:40 StandardWrapper[:invoker]: Loading container servlet invoker
2013-08-07 07:21:40 HostConfig[localhost]: Deploying web application directory dods
2013-08-07 07:21:40 StandardHost[localhost]: Installing web application at context path /dods from URL file:/home/freeze/water_monitor/African_Drought_Monitor/LIBRARIES/gds-2.0/tomcat4/webapps/dods
2013-08-07 07:21:40 WebappLoader[/dods]: Deploying class repositories to work directory /home/freeze/water_monitor/African_Drought_Monitor/LIBRARIES/gds-2.0/tomcat4/work/Standalone/localhost/dods
2013-08-07 07:21:40 WebappLoader[/dods]: Deploy JAR /WEB-INF/lib/anagram.jar to /home/freeze/water_monitor/African_Drought_Monitor/LIBRARIES/gds-2.0/tomcat4/webapps/dods/WEB-INF/lib/anagram.jar
2013-08-07 07:21:40 WebappLoader[/dods]: Deploy JAR /WEB-INF/lib/dods-1.1.7.jar to /home/freeze/water_monitor/African_Drought_Monitor/LIBRARIES/gds-2.0/tomcat4/webapps/dods/WEB-INF/lib/dods-1.1.7.jar
2013-08-07 07:21:40 WebappLoader[/dods]: Deploy JAR /WEB-INF/lib/gds.jar to /home/freeze/water_monitor/African_Drought_Monitor/LIBRARIES/gds-2.0/tomcat4/webapps/dods/WEB-INF/lib/gds.jar
2013-08-07 07:21:40 WebappLoader[/dods]: Deploy JAR /WEB-INF/lib/gnu-getopt-1.0.6.jar to /home/freeze/water_monitor/African_Drought_Monitor/LIBRARIES/gds-2.0/tomcat4/webapps/dods/WEB-INF/lib/gnu-getopt-1.0.6.jar
2013-08-07 07:21:40 WebappLoader[/dods]: Deploy JAR /WEB-INF/lib/gnu-regexp-1.1.4.jar to /home/freeze/water_monitor/African_Drought_Monitor/LIBRARIES/gds-2.0/tomcat4/webapps/dods/WEB-INF/lib/gnu-regexp-1.1.4.jar
2013-08-07 07:21:40 StandardManager[/dods]: Seeding random number generator class java.security.SecureRandom
2013-08-07 07:21:40 StandardManager[/dods]: Seeding of random number generator has been completed
2013-08-07 07:21:40 StandardWrapper[/dods:default]: Loading container servlet default
2013-08-07 07:21:42 StandardWrapper[/dods:invoker]: Loading container servlet invoker
