2013-07-22 18:53:22 WebappLoader[/doc]: Deploying class repositories to work directory /home/freeze/water_monitor/African_Drought_Monitor/LIBRARIES/gds-2.0/tomcat4/work/Standalone/localhost/doc
2013-07-22 18:53:22 ContextConfig[/doc]: Missing application web.xml, using defaults only
2013-07-22 18:53:22 StandardManager[/doc]: Seeding random number generator class java.security.SecureRandom
2013-07-22 18:53:22 StandardManager[/doc]: Seeding of random number generator has been completed
2013-07-22 18:53:22 StandardWrapper[/doc:default]: Loading container servlet default
2013-07-22 18:53:22 StandardWrapper[/doc:invoker]: Loading container servlet invoker
2013-07-22 18:53:22 HostConfig[localhost]: Deploying web application directory ROOT
2013-07-22 18:53:22 StandardHost[localhost]: Installing web application at context path  from URL file:/home/freeze/water_monitor/African_Drought_Monitor/LIBRARIES/gds-2.0/tomcat4/webapps/ROOT
2013-07-22 18:53:22 WebappLoader[]: Deploying class repositories to work directory /home/freeze/water_monitor/African_Drought_Monitor/LIBRARIES/gds-2.0/tomcat4/work/Standalone/localhost/_
2013-07-22 18:53:22 StandardManager[]: Seeding random number generator class java.security.SecureRandom
2013-07-22 18:53:22 StandardManager[]: Seeding of random number generator has been completed
2013-07-22 18:53:22 StandardWrapper[:default]: Loading container servlet default
2013-07-22 18:53:22 StandardWrapper[:invoker]: Loading container servlet invoker
2013-07-22 18:53:22 HostConfig[localhost]: Deploying web application directory dods
2013-07-22 18:53:22 StandardHost[localhost]: Installing web application at context path /dods from URL file:/home/freeze/water_monitor/African_Drought_Monitor/LIBRARIES/gds-2.0/tomcat4/webapps/dods
2013-07-22 18:53:22 WebappLoader[/dods]: Deploying class repositories to work directory /home/freeze/water_monitor/African_Drought_Monitor/LIBRARIES/gds-2.0/tomcat4/work/Standalone/localhost/dods
2013-07-22 18:53:22 WebappLoader[/dods]: Deploy JAR /WEB-INF/lib/anagram.jar to /home/freeze/water_monitor/African_Drought_Monitor/LIBRARIES/gds-2.0/tomcat4/webapps/dods/WEB-INF/lib/anagram.jar
2013-07-22 18:53:22 WebappLoader[/dods]: Deploy JAR /WEB-INF/lib/dods-1.1.7.jar to /home/freeze/water_monitor/African_Drought_Monitor/LIBRARIES/gds-2.0/tomcat4/webapps/dods/WEB-INF/lib/dods-1.1.7.jar
2013-07-22 18:53:22 WebappLoader[/dods]: Deploy JAR /WEB-INF/lib/gds.jar to /home/freeze/water_monitor/African_Drought_Monitor/LIBRARIES/gds-2.0/tomcat4/webapps/dods/WEB-INF/lib/gds.jar
2013-07-22 18:53:22 WebappLoader[/dods]: Deploy JAR /WEB-INF/lib/gnu-getopt-1.0.6.jar to /home/freeze/water_monitor/African_Drought_Monitor/LIBRARIES/gds-2.0/tomcat4/webapps/dods/WEB-INF/lib/gnu-getopt-1.0.6.jar
2013-07-22 18:53:22 WebappLoader[/dods]: Deploy JAR /WEB-INF/lib/gnu-regexp-1.1.4.jar to /home/freeze/water_monitor/African_Drought_Monitor/LIBRARIES/gds-2.0/tomcat4/webapps/dods/WEB-INF/lib/gnu-regexp-1.1.4.jar
2013-07-22 18:53:22 StandardManager[/dods]: Seeding random number generator class java.security.SecureRandom
2013-07-22 18:53:22 StandardManager[/dods]: Seeding of random number generator has been completed
2013-07-22 18:53:22 StandardWrapper[/dods:default]: Loading container servlet default
2013-07-22 18:53:22 StandardWrapper[/dods:invoker]: Loading container servlet invoker
2013-07-22 18:54:54 StandardHost[localhost]: Removing web application at context path 
2013-07-22 18:54:54 StandardHost[localhost]: Removing web application at context path /dods
2013-07-22 18:54:54 StandardHost[localhost]: Removing web application at context path /doc
2013-07-22 18:54:58 WebappLoader[/doc]: Deploying class repositories to work directory /home/freeze/water_monitor/African_Drought_Monitor/LIBRARIES/gds-2.0/tomcat4/work/Standalone/localhost/doc
2013-07-22 18:54:58 ContextConfig[/doc]: Missing application web.xml, using defaults only
2013-07-22 18:54:58 StandardManager[/doc]: Seeding random number generator class java.security.SecureRandom
2013-07-22 18:54:58 StandardManager[/doc]: Seeding of random number generator has been completed
2013-07-22 18:54:58 StandardWrapper[/doc:default]: Loading container servlet default
2013-07-22 18:54:58 StandardWrapper[/doc:invoker]: Loading container servlet invoker
2013-07-22 18:54:58 HostConfig[localhost]: Deploying web application directory ROOT
2013-07-22 18:54:58 StandardHost[localhost]: Installing web application at context path  from URL file:/home/freeze/water_monitor/African_Drought_Monitor/LIBRARIES/gds-2.0/tomcat4/webapps/ROOT
2013-07-22 18:54:58 WebappLoader[]: Deploying class repositories to work directory /home/freeze/water_monitor/African_Drought_Monitor/LIBRARIES/gds-2.0/tomcat4/work/Standalone/localhost/_
2013-07-22 18:54:58 StandardManager[]: Seeding random number generator class java.security.SecureRandom
2013-07-22 18:54:58 StandardManager[]: Seeding of random number generator has been completed
2013-07-22 18:54:58 StandardWrapper[:default]: Loading container servlet default
2013-07-22 18:54:58 StandardWrapper[:invoker]: Loading container servlet invoker
2013-07-22 18:54:58 HostConfig[localhost]: Deploying web application directory dods
2013-07-22 18:54:58 StandardHost[localhost]: Installing web application at context path /dods from URL file:/home/freeze/water_monitor/African_Drought_Monitor/LIBRARIES/gds-2.0/tomcat4/webapps/dods
2013-07-22 18:54:58 WebappLoader[/dods]: Deploying class repositories to work directory /home/freeze/water_monitor/African_Drought_Monitor/LIBRARIES/gds-2.0/tomcat4/work/Standalone/localhost/dods
2013-07-22 18:54:58 WebappLoader[/dods]: Deploy JAR /WEB-INF/lib/anagram.jar to /home/freeze/water_monitor/African_Drought_Monitor/LIBRARIES/gds-2.0/tomcat4/webapps/dods/WEB-INF/lib/anagram.jar
2013-07-22 18:54:58 WebappLoader[/dods]: Deploy JAR /WEB-INF/lib/dods-1.1.7.jar to /home/freeze/water_monitor/African_Drought_Monitor/LIBRARIES/gds-2.0/tomcat4/webapps/dods/WEB-INF/lib/dods-1.1.7.jar
2013-07-22 18:54:58 WebappLoader[/dods]: Deploy JAR /WEB-INF/lib/gds.jar to /home/freeze/water_monitor/African_Drought_Monitor/LIBRARIES/gds-2.0/tomcat4/webapps/dods/WEB-INF/lib/gds.jar
2013-07-22 18:54:58 WebappLoader[/dods]: Deploy JAR /WEB-INF/lib/gnu-getopt-1.0.6.jar to /home/freeze/water_monitor/African_Drought_Monitor/LIBRARIES/gds-2.0/tomcat4/webapps/dods/WEB-INF/lib/gnu-getopt-1.0.6.jar
2013-07-22 18:54:58 WebappLoader[/dods]: Deploy JAR /WEB-INF/lib/gnu-regexp-1.1.4.jar to /home/freeze/water_monitor/African_Drought_Monitor/LIBRARIES/gds-2.0/tomcat4/webapps/dods/WEB-INF/lib/gnu-regexp-1.1.4.jar
2013-07-22 18:54:58 StandardManager[/dods]: Seeding random number generator class java.security.SecureRandom
2013-07-22 18:54:58 StandardManager[/dods]: Seeding of random number generator has been completed
2013-07-22 18:54:58 StandardWrapper[/dods:default]: Loading container servlet default
2013-07-22 18:54:58 StandardWrapper[/dods:invoker]: Loading container servlet invoker
2013-07-22 18:56:30 StandardHost[localhost]: Removing web application at context path 
2013-07-22 18:56:30 StandardHost[localhost]: Removing web application at context path /dods
2013-07-22 18:56:30 StandardHost[localhost]: Removing web application at context path /doc
2013-07-22 18:56:34 WebappLoader[/doc]: Deploying class repositories to work directory /home/freeze/water_monitor/African_Drought_Monitor/LIBRARIES/gds-2.0/tomcat4/work/Standalone/localhost/doc
2013-07-22 18:56:34 ContextConfig[/doc]: Missing application web.xml, using defaults only
2013-07-22 18:56:34 StandardManager[/doc]: Seeding random number generator class java.security.SecureRandom
2013-07-22 18:56:34 StandardManager[/doc]: Seeding of random number generator has been completed
2013-07-22 18:56:34 StandardWrapper[/doc:default]: Loading container servlet default
2013-07-22 18:56:34 StandardWrapper[/doc:invoker]: Loading container servlet invoker
2013-07-22 18:56:34 HostConfig[localhost]: Deploying web application directory ROOT
2013-07-22 18:56:34 StandardHost[localhost]: Installing web application at context path  from URL file:/home/freeze/water_monitor/African_Drought_Monitor/LIBRARIES/gds-2.0/tomcat4/webapps/ROOT
2013-07-22 18:56:34 WebappLoader[]: Deploying class repositories to work directory /home/freeze/water_monitor/African_Drought_Monitor/LIBRARIES/gds-2.0/tomcat4/work/Standalone/localhost/_
2013-07-22 18:56:34 StandardManager[]: Seeding random number generator class java.security.SecureRandom
2013-07-22 18:56:34 StandardManager[]: Seeding of random number generator has been completed
2013-07-22 18:56:34 StandardWrapper[:default]: Loading container servlet default
2013-07-22 18:56:34 StandardWrapper[:invoker]: Loading container servlet invoker
2013-07-22 18:56:34 HostConfig[localhost]: Deploying web application directory dods
2013-07-22 18:56:34 StandardHost[localhost]: Installing web application at context path /dods from URL file:/home/freeze/water_monitor/African_Drought_Monitor/LIBRARIES/gds-2.0/tomcat4/webapps/dods
2013-07-22 18:56:34 WebappLoader[/dods]: Deploying class repositories to work directory /home/freeze/water_monitor/African_Drought_Monitor/LIBRARIES/gds-2.0/tomcat4/work/Standalone/localhost/dods
2013-07-22 18:56:34 WebappLoader[/dods]: Deploy JAR /WEB-INF/lib/anagram.jar to /home/freeze/water_monitor/African_Drought_Monitor/LIBRARIES/gds-2.0/tomcat4/webapps/dods/WEB-INF/lib/anagram.jar
2013-07-22 18:56:34 WebappLoader[/dods]: Deploy JAR /WEB-INF/lib/dods-1.1.7.jar to /home/freeze/water_monitor/African_Drought_Monitor/LIBRARIES/gds-2.0/tomcat4/webapps/dods/WEB-INF/lib/dods-1.1.7.jar
2013-07-22 18:56:34 WebappLoader[/dods]: Deploy JAR /WEB-INF/lib/gds.jar to /home/freeze/water_monitor/African_Drought_Monitor/LIBRARIES/gds-2.0/tomcat4/webapps/dods/WEB-INF/lib/gds.jar
2013-07-22 18:56:34 WebappLoader[/dods]: Deploy JAR /WEB-INF/lib/gnu-getopt-1.0.6.jar to /home/freeze/water_monitor/African_Drought_Monitor/LIBRARIES/gds-2.0/tomcat4/webapps/dods/WEB-INF/lib/gnu-getopt-1.0.6.jar
2013-07-22 18:56:34 WebappLoader[/dods]: Deploy JAR /WEB-INF/lib/gnu-regexp-1.1.4.jar to /home/freeze/water_monitor/African_Drought_Monitor/LIBRARIES/gds-2.0/tomcat4/webapps/dods/WEB-INF/lib/gnu-regexp-1.1.4.jar
2013-07-22 18:56:34 StandardManager[/dods]: Seeding random number generator class java.security.SecureRandom
2013-07-22 18:56:34 StandardManager[/dods]: Seeding of random number generator has been completed
2013-07-22 18:56:34 StandardWrapper[/dods:default]: Loading container servlet default
2013-07-22 18:56:34 StandardWrapper[/dods:invoker]: Loading container servlet invoker
2013-07-22 18:59:22 StandardHost[localhost]: Removing web application at context path 
2013-07-22 18:59:22 StandardHost[localhost]: Removing web application at context path /dods
2013-07-22 18:59:22 StandardHost[localhost]: Removing web application at context path /doc
2013-07-22 18:59:41 WebappLoader[/doc]: Deploying class repositories to work directory /home/freeze/water_monitor/African_Drought_Monitor/LIBRARIES/gds-2.0/tomcat4/work/Standalone/localhost/doc
2013-07-22 18:59:42 ContextConfig[/doc]: Missing application web.xml, using defaults only
2013-07-22 18:59:42 StandardManager[/doc]: Seeding random number generator class java.security.SecureRandom
2013-07-22 18:59:42 StandardManager[/doc]: Seeding of random number generator has been completed
2013-07-22 18:59:42 StandardWrapper[/doc:default]: Loading container servlet default
2013-07-22 18:59:42 StandardWrapper[/doc:invoker]: Loading container servlet invoker
2013-07-22 18:59:42 HostConfig[localhost]: Deploying web application directory ROOT
2013-07-22 18:59:42 StandardHost[localhost]: Installing web application at context path  from URL file:/home/freeze/water_monitor/African_Drought_Monitor/LIBRARIES/gds-2.0/tomcat4/webapps/ROOT
2013-07-22 18:59:42 WebappLoader[]: Deploying class repositories to work directory /home/freeze/water_monitor/African_Drought_Monitor/LIBRARIES/gds-2.0/tomcat4/work/Standalone/localhost/_
2013-07-22 18:59:42 StandardManager[]: Seeding random number generator class java.security.SecureRandom
2013-07-22 18:59:42 StandardManager[]: Seeding of random number generator has been completed
2013-07-22 18:59:42 StandardWrapper[:default]: Loading container servlet default
2013-07-22 18:59:42 StandardWrapper[:invoker]: Loading container servlet invoker
2013-07-22 18:59:42 HostConfig[localhost]: Deploying web application directory dods
2013-07-22 18:59:42 StandardHost[localhost]: Installing web application at context path /dods from URL file:/home/freeze/water_monitor/African_Drought_Monitor/LIBRARIES/gds-2.0/tomcat4/webapps/dods
2013-07-22 18:59:42 WebappLoader[/dods]: Deploying class repositories to work directory /home/freeze/water_monitor/African_Drought_Monitor/LIBRARIES/gds-2.0/tomcat4/work/Standalone/localhost/dods
2013-07-22 18:59:42 WebappLoader[/dods]: Deploy JAR /WEB-INF/lib/anagram.jar to /home/freeze/water_monitor/African_Drought_Monitor/LIBRARIES/gds-2.0/tomcat4/webapps/dods/WEB-INF/lib/anagram.jar
2013-07-22 18:59:42 WebappLoader[/dods]: Deploy JAR /WEB-INF/lib/dods-1.1.7.jar to /home/freeze/water_monitor/African_Drought_Monitor/LIBRARIES/gds-2.0/tomcat4/webapps/dods/WEB-INF/lib/dods-1.1.7.jar
2013-07-22 18:59:42 WebappLoader[/dods]: Deploy JAR /WEB-INF/lib/gds.jar to /home/freeze/water_monitor/African_Drought_Monitor/LIBRARIES/gds-2.0/tomcat4/webapps/dods/WEB-INF/lib/gds.jar
2013-07-22 18:59:42 WebappLoader[/dods]: Deploy JAR /WEB-INF/lib/gnu-getopt-1.0.6.jar to /home/freeze/water_monitor/African_Drought_Monitor/LIBRARIES/gds-2.0/tomcat4/webapps/dods/WEB-INF/lib/gnu-getopt-1.0.6.jar
2013-07-22 18:59:42 WebappLoader[/dods]: Deploy JAR /WEB-INF/lib/gnu-regexp-1.1.4.jar to /home/freeze/water_monitor/African_Drought_Monitor/LIBRARIES/gds-2.0/tomcat4/webapps/dods/WEB-INF/lib/gnu-regexp-1.1.4.jar
2013-07-22 18:59:42 StandardManager[/dods]: Seeding random number generator class java.security.SecureRandom
2013-07-22 18:59:42 StandardManager[/dods]: Seeding of random number generator has been completed
2013-07-22 18:59:42 StandardWrapper[/dods:default]: Loading container servlet default
2013-07-22 18:59:42 StandardContext[/dods]: Servlet /dods threw load() exception
javax.servlet.ServletException: 
	at org.iges.anagram.Server.fail(Server.java:310)
	at org.iges.anagram.Server.<init>(Server.java:247)
	at org.iges.anagram.AnagramServlet.init(AnagramServlet.java:138)
	at org.apache.catalina.core.StandardWrapper.loadServlet(StandardWrapper.java:934)
	at org.apache.catalina.core.StandardWrapper.load(StandardWrapper.java:821)
	at org.apache.catalina.core.StandardContext.loadOnStartup(StandardContext.java:3420)
	at org.apache.catalina.core.StandardContext.start(StandardContext.java:3608)
	at org.apache.catalina.core.ContainerBase.addChildInternal(ContainerBase.java:821)
	at org.apache.catalina.core.ContainerBase.addChild(ContainerBase.java:807)
	at org.apache.catalina.core.StandardHost.addChild(StandardHost.java:579)
	at org.apache.catalina.core.StandardHostDeployer.install(StandardHostDeployer.java:257)
	at org.apache.catalina.core.StandardHost.install(StandardHost.java:772)
	at org.apache.catalina.startup.HostConfig.deployDirectories(HostConfig.java:569)
	at org.apache.catalina.startup.HostConfig.deployApps(HostConfig.java:411)
	at org.apache.catalina.startup.HostConfig.start(HostConfig.java:879)
	at org.apache.catalina.startup.HostConfig.lifecycleEvent(HostConfig.java:368)
	at org.apache.catalina.util.LifecycleSupport.fireLifecycleEvent(LifecycleSupport.java:166)
	at org.apache.catalina.core.ContainerBase.start(ContainerBase.java:1196)
	at org.apache.catalina.core.StandardHost.start(StandardHost.java:738)
	at org.apache.catalina.core.ContainerBase.start(ContainerBase.java:1188)
	at org.apache.catalina.core.StandardEngine.start(StandardEngine.java:347)
	at org.apache.catalina.core.StandardService.start(StandardService.java:497)
	at org.apache.catalina.core.StandardServer.start(StandardServer.java:2189)
	at org.apache.catalina.startup.Catalina.start(Catalina.java:512)
	at org.apache.catalina.startup.Catalina.execute(Catalina.java:400)
	at org.apache.catalina.startup.Catalina.process(Catalina.java:180)
	at sun.reflect.NativeMethodAccessorImpl.invoke0(Native Method)
	at sun.reflect.NativeMethodAccessorImpl.invoke(NativeMethodAccessorImpl.java:57)
	at sun.reflect.DelegatingMethodAccessorImpl.invoke(DelegatingMethodAccessorImpl.java:43)
	at java.lang.reflect.Method.invoke(Method.java:601)
	at org.apache.catalina.startup.Bootstrap.main(Bootstrap.java:203)

2013-07-22 18:59:42 StandardWrapper[/dods:invoker]: Loading container servlet invoker
2013-07-22 18:59:42 StandardHost[localhost]: Removing web application at context path 
2013-07-22 18:59:42 StandardHost[localhost]: Removing web application at context path /dods
2013-07-22 18:59:42 StandardHost[localhost]: Removing web application at context path /doc
2013-07-22 18:59:50 WebappLoader[/doc]: Deploying class repositories to work directory /home/freeze/water_monitor/African_Drought_Monitor/LIBRARIES/gds-2.0/tomcat4/work/Standalone/localhost/doc
2013-07-22 18:59:50 ContextConfig[/doc]: Missing application web.xml, using defaults only
2013-07-22 18:59:50 StandardManager[/doc]: Seeding random number generator class java.security.SecureRandom
2013-07-22 18:59:50 StandardManager[/doc]: Seeding of random number generator has been completed
2013-07-22 18:59:50 StandardWrapper[/doc:default]: Loading container servlet default
2013-07-22 18:59:50 StandardWrapper[/doc:invoker]: Loading container servlet invoker
2013-07-22 18:59:50 HostConfig[localhost]: Deploying web application directory ROOT
2013-07-22 18:59:50 StandardHost[localhost]: Installing web application at context path  from URL file:/home/freeze/water_monitor/African_Drought_Monitor/LIBRARIES/gds-2.0/tomcat4/webapps/ROOT
2013-07-22 18:59:50 WebappLoader[]: Deploying class repositories to work directory /home/freeze/water_monitor/African_Drought_Monitor/LIBRARIES/gds-2.0/tomcat4/work/Standalone/localhost/_
2013-07-22 18:59:50 StandardManager[]: Seeding random number generator class java.security.SecureRandom
2013-07-22 18:59:50 StandardManager[]: Seeding of random number generator has been completed
2013-07-22 18:59:50 StandardWrapper[:default]: Loading container servlet default
2013-07-22 18:59:50 StandardWrapper[:invoker]: Loading container servlet invoker
2013-07-22 18:59:50 HostConfig[localhost]: Deploying web application directory dods
2013-07-22 18:59:50 StandardHost[localhost]: Installing web application at context path /dods from URL file:/home/freeze/water_monitor/African_Drought_Monitor/LIBRARIES/gds-2.0/tomcat4/webapps/dods
2013-07-22 18:59:50 WebappLoader[/dods]: Deploying class repositories to work directory /home/freeze/water_monitor/African_Drought_Monitor/LIBRARIES/gds-2.0/tomcat4/work/Standalone/localhost/dods
2013-07-22 18:59:50 WebappLoader[/dods]: Deploy JAR /WEB-INF/lib/anagram.jar to /home/freeze/water_monitor/African_Drought_Monitor/LIBRARIES/gds-2.0/tomcat4/webapps/dods/WEB-INF/lib/anagram.jar
2013-07-22 18:59:50 WebappLoader[/dods]: Deploy JAR /WEB-INF/lib/dods-1.1.7.jar to /home/freeze/water_monitor/African_Drought_Monitor/LIBRARIES/gds-2.0/tomcat4/webapps/dods/WEB-INF/lib/dods-1.1.7.jar
2013-07-22 18:59:50 WebappLoader[/dods]: Deploy JAR /WEB-INF/lib/gds.jar to /home/freeze/water_monitor/African_Drought_Monitor/LIBRARIES/gds-2.0/tomcat4/webapps/dods/WEB-INF/lib/gds.jar
2013-07-22 18:59:50 WebappLoader[/dods]: Deploy JAR /WEB-INF/lib/gnu-getopt-1.0.6.jar to /home/freeze/water_monitor/African_Drought_Monitor/LIBRARIES/gds-2.0/tomcat4/webapps/dods/WEB-INF/lib/gnu-getopt-1.0.6.jar
2013-07-22 18:59:50 WebappLoader[/dods]: Deploy JAR /WEB-INF/lib/gnu-regexp-1.1.4.jar to /home/freeze/water_monitor/African_Drought_Monitor/LIBRARIES/gds-2.0/tomcat4/webapps/dods/WEB-INF/lib/gnu-regexp-1.1.4.jar
2013-07-22 18:59:50 StandardManager[/dods]: Seeding random number generator class java.security.SecureRandom
2013-07-22 18:59:50 StandardManager[/dods]: Seeding of random number generator has been completed
2013-07-22 18:59:50 StandardWrapper[/dods:default]: Loading container servlet default
2013-07-22 18:59:50 StandardContext[/dods]: Servlet /dods threw load() exception
javax.servlet.ServletException: 
	at org.iges.anagram.Server.fail(Server.java:310)
	at org.iges.anagram.Server.<init>(Server.java:247)
	at org.iges.anagram.AnagramServlet.init(AnagramServlet.java:138)
	at org.apache.catalina.core.StandardWrapper.loadServlet(StandardWrapper.java:934)
	at org.apache.catalina.core.StandardWrapper.load(StandardWrapper.java:821)
	at org.apache.catalina.core.StandardContext.loadOnStartup(StandardContext.java:3420)
	at org.apache.catalina.core.StandardContext.start(StandardContext.java:3608)
	at org.apache.catalina.core.ContainerBase.addChildInternal(ContainerBase.java:821)
	at org.apache.catalina.core.ContainerBase.addChild(ContainerBase.java:807)
	at org.apache.catalina.core.StandardHost.addChild(StandardHost.java:579)
	at org.apache.catalina.core.StandardHostDeployer.install(StandardHostDeployer.java:257)
	at org.apache.catalina.core.StandardHost.install(StandardHost.java:772)
	at org.apache.catalina.startup.HostConfig.deployDirectories(HostConfig.java:569)
	at org.apache.catalina.startup.HostConfig.deployApps(HostConfig.java:411)
	at org.apache.catalina.startup.HostConfig.start(HostConfig.java:879)
	at org.apache.catalina.startup.HostConfig.lifecycleEvent(HostConfig.java:368)
	at org.apache.catalina.util.LifecycleSupport.fireLifecycleEvent(LifecycleSupport.java:166)
	at org.apache.catalina.core.ContainerBase.start(ContainerBase.java:1196)
	at org.apache.catalina.core.StandardHost.start(StandardHost.java:738)
	at org.apache.catalina.core.ContainerBase.start(ContainerBase.java:1188)
	at org.apache.catalina.core.StandardEngine.start(StandardEngine.java:347)
	at org.apache.catalina.core.StandardService.start(StandardService.java:497)
	at org.apache.catalina.core.StandardServer.start(StandardServer.java:2189)
	at org.apache.catalina.startup.Catalina.start(Catalina.java:512)
	at org.apache.catalina.startup.Catalina.execute(Catalina.java:400)
	at org.apache.catalina.startup.Catalina.process(Catalina.java:180)
	at sun.reflect.NativeMethodAccessorImpl.invoke0(Native Method)
	at sun.reflect.NativeMethodAccessorImpl.invoke(NativeMethodAccessorImpl.java:57)
	at sun.reflect.DelegatingMethodAccessorImpl.invoke(DelegatingMethodAccessorImpl.java:43)
	at java.lang.reflect.Method.invoke(Method.java:601)
	at org.apache.catalina.startup.Bootstrap.main(Bootstrap.java:203)

2013-07-22 18:59:50 StandardWrapper[/dods:invoker]: Loading container servlet invoker
2013-07-22 18:59:50 StandardHost[localhost]: Removing web application at context path 
2013-07-22 18:59:50 StandardHost[localhost]: Removing web application at context path /dods
2013-07-22 18:59:50 StandardHost[localhost]: Removing web application at context path /doc
2013-07-22 19:00:32 WebappLoader[/doc]: Deploying class repositories to work directory /home/freeze/water_monitor/African_Drought_Monitor/LIBRARIES/gds-2.0/tomcat4/work/Standalone/localhost/doc
2013-07-22 19:00:32 ContextConfig[/doc]: Missing application web.xml, using defaults only
2013-07-22 19:00:32 StandardManager[/doc]: Seeding random number generator class java.security.SecureRandom
2013-07-22 19:00:32 StandardManager[/doc]: Seeding of random number generator has been completed
2013-07-22 19:00:32 StandardWrapper[/doc:default]: Loading container servlet default
2013-07-22 19:00:32 StandardWrapper[/doc:invoker]: Loading container servlet invoker
2013-07-22 19:00:32 HostConfig[localhost]: Deploying web application directory ROOT
2013-07-22 19:00:32 StandardHost[localhost]: Installing web application at context path  from URL file:/home/freeze/water_monitor/African_Drought_Monitor/LIBRARIES/gds-2.0/tomcat4/webapps/ROOT
2013-07-22 19:00:32 WebappLoader[]: Deploying class repositories to work directory /home/freeze/water_monitor/African_Drought_Monitor/LIBRARIES/gds-2.0/tomcat4/work/Standalone/localhost/_
2013-07-22 19:00:32 StandardManager[]: Seeding random number generator class java.security.SecureRandom
2013-07-22 19:00:32 StandardManager[]: Seeding of random number generator has been completed
2013-07-22 19:00:32 StandardWrapper[:default]: Loading container servlet default
2013-07-22 19:00:32 StandardWrapper[:invoker]: Loading container servlet invoker
2013-07-22 19:00:32 HostConfig[localhost]: Deploying web application directory dods
2013-07-22 19:00:32 StandardHost[localhost]: Installing web application at context path /dods from URL file:/home/freeze/water_monitor/African_Drought_Monitor/LIBRARIES/gds-2.0/tomcat4/webapps/dods
2013-07-22 19:00:32 WebappLoader[/dods]: Deploying class repositories to work directory /home/freeze/water_monitor/African_Drought_Monitor/LIBRARIES/gds-2.0/tomcat4/work/Standalone/localhost/dods
2013-07-22 19:00:32 WebappLoader[/dods]: Deploy JAR /WEB-INF/lib/anagram.jar to /home/freeze/water_monitor/African_Drought_Monitor/LIBRARIES/gds-2.0/tomcat4/webapps/dods/WEB-INF/lib/anagram.jar
2013-07-22 19:00:32 WebappLoader[/dods]: Deploy JAR /WEB-INF/lib/dods-1.1.7.jar to /home/freeze/water_monitor/African_Drought_Monitor/LIBRARIES/gds-2.0/tomcat4/webapps/dods/WEB-INF/lib/dods-1.1.7.jar
2013-07-22 19:00:32 WebappLoader[/dods]: Deploy JAR /WEB-INF/lib/gds.jar to /home/freeze/water_monitor/African_Drought_Monitor/LIBRARIES/gds-2.0/tomcat4/webapps/dods/WEB-INF/lib/gds.jar
2013-07-22 19:00:32 WebappLoader[/dods]: Deploy JAR /WEB-INF/lib/gnu-getopt-1.0.6.jar to /home/freeze/water_monitor/African_Drought_Monitor/LIBRARIES/gds-2.0/tomcat4/webapps/dods/WEB-INF/lib/gnu-getopt-1.0.6.jar
2013-07-22 19:00:32 WebappLoader[/dods]: Deploy JAR /WEB-INF/lib/gnu-regexp-1.1.4.jar to /home/freeze/water_monitor/African_Drought_Monitor/LIBRARIES/gds-2.0/tomcat4/webapps/dods/WEB-INF/lib/gnu-regexp-1.1.4.jar
2013-07-22 19:00:32 StandardManager[/dods]: Seeding random number generator class java.security.SecureRandom
2013-07-22 19:00:32 StandardManager[/dods]: Seeding of random number generator has been completed
2013-07-22 19:00:32 StandardWrapper[/dods:default]: Loading container servlet default
2013-07-22 19:00:32 StandardWrapper[/dods:invoker]: Loading container servlet invoker
2013-07-22 20:48:32 StandardHost[localhost]: Removing web application at context path 
2013-07-22 20:48:32 StandardHost[localhost]: Removing web application at context path /dods
2013-07-22 20:48:32 StandardHost[localhost]: Removing web application at context path /doc
2013-07-22 20:48:37 WebappLoader[/doc]: Deploying class repositories to work directory /home/freeze/water_monitor/African_Drought_Monitor/LIBRARIES/gds-2.0/tomcat4/work/Standalone/localhost/doc
2013-07-22 20:48:38 ContextConfig[/doc]: Missing application web.xml, using defaults only
2013-07-22 20:48:38 StandardManager[/doc]: Seeding random number generator class java.security.SecureRandom
2013-07-22 20:48:38 StandardManager[/doc]: Seeding of random number generator has been completed
2013-07-22 20:48:38 StandardWrapper[/doc:default]: Loading container servlet default
2013-07-22 20:48:38 StandardWrapper[/doc:invoker]: Loading container servlet invoker
2013-07-22 20:48:38 HostConfig[localhost]: Deploying web application directory ROOT
2013-07-22 20:48:38 StandardHost[localhost]: Installing web application at context path  from URL file:/home/freeze/water_monitor/African_Drought_Monitor/LIBRARIES/gds-2.0/tomcat4/webapps/ROOT
2013-07-22 20:48:38 WebappLoader[]: Deploying class repositories to work directory /home/freeze/water_monitor/African_Drought_Monitor/LIBRARIES/gds-2.0/tomcat4/work/Standalone/localhost/_
2013-07-22 20:48:38 StandardManager[]: Seeding random number generator class java.security.SecureRandom
2013-07-22 20:48:38 StandardManager[]: Seeding of random number generator has been completed
2013-07-22 20:48:38 StandardWrapper[:default]: Loading container servlet default
2013-07-22 20:48:38 StandardWrapper[:invoker]: Loading container servlet invoker
2013-07-22 20:48:38 HostConfig[localhost]: Deploying web application directory dods
2013-07-22 20:48:38 StandardHost[localhost]: Installing web application at context path /dods from URL file:/home/freeze/water_monitor/African_Drought_Monitor/LIBRARIES/gds-2.0/tomcat4/webapps/dods
2013-07-22 20:48:38 WebappLoader[/dods]: Deploying class repositories to work directory /home/freeze/water_monitor/African_Drought_Monitor/LIBRARIES/gds-2.0/tomcat4/work/Standalone/localhost/dods
2013-07-22 20:48:38 WebappLoader[/dods]: Deploy JAR /WEB-INF/lib/anagram.jar to /home/freeze/water_monitor/African_Drought_Monitor/LIBRARIES/gds-2.0/tomcat4/webapps/dods/WEB-INF/lib/anagram.jar
2013-07-22 20:48:38 WebappLoader[/dods]: Deploy JAR /WEB-INF/lib/dods-1.1.7.jar to /home/freeze/water_monitor/African_Drought_Monitor/LIBRARIES/gds-2.0/tomcat4/webapps/dods/WEB-INF/lib/dods-1.1.7.jar
2013-07-22 20:48:38 WebappLoader[/dods]: Deploy JAR /WEB-INF/lib/gds.jar to /home/freeze/water_monitor/African_Drought_Monitor/LIBRARIES/gds-2.0/tomcat4/webapps/dods/WEB-INF/lib/gds.jar
2013-07-22 20:48:38 WebappLoader[/dods]: Deploy JAR /WEB-INF/lib/gnu-getopt-1.0.6.jar to /home/freeze/water_monitor/African_Drought_Monitor/LIBRARIES/gds-2.0/tomcat4/webapps/dods/WEB-INF/lib/gnu-getopt-1.0.6.jar
2013-07-22 20:48:38 WebappLoader[/dods]: Deploy JAR /WEB-INF/lib/gnu-regexp-1.1.4.jar to /home/freeze/water_monitor/African_Drought_Monitor/LIBRARIES/gds-2.0/tomcat4/webapps/dods/WEB-INF/lib/gnu-regexp-1.1.4.jar
2013-07-22 20:48:38 StandardManager[/dods]: Seeding random number generator class java.security.SecureRandom
2013-07-22 20:48:38 StandardManager[/dods]: Seeding of random number generator has been completed
2013-07-22 20:48:38 StandardWrapper[/dods:default]: Loading container servlet default
2013-07-22 20:48:38 StandardWrapper[/dods:invoker]: Loading container servlet invoker
2013-07-22 20:50:50 StandardHost[localhost]: Removing web application at context path 
2013-07-22 20:50:50 StandardHost[localhost]: Removing web application at context path /dods
2013-07-22 20:50:50 StandardHost[localhost]: Removing web application at context path /doc
2013-07-22 20:50:52 WebappLoader[/doc]: Deploying class repositories to work directory /home/freeze/water_monitor/African_Drought_Monitor/LIBRARIES/gds-2.0/tomcat4/work/Standalone/localhost/doc
2013-07-22 20:50:52 ContextConfig[/doc]: Missing application web.xml, using defaults only
2013-07-22 20:50:52 StandardManager[/doc]: Seeding random number generator class java.security.SecureRandom
2013-07-22 20:50:52 StandardManager[/doc]: Seeding of random number generator has been completed
2013-07-22 20:50:52 StandardWrapper[/doc:default]: Loading container servlet default
2013-07-22 20:50:52 StandardWrapper[/doc:invoker]: Loading container servlet invoker
2013-07-22 20:50:52 HostConfig[localhost]: Deploying web application directory ROOT
2013-07-22 20:50:52 StandardHost[localhost]: Installing web application at context path  from URL file:/home/freeze/water_monitor/African_Drought_Monitor/LIBRARIES/gds-2.0/tomcat4/webapps/ROOT
2013-07-22 20:50:52 WebappLoader[]: Deploying class repositories to work directory /home/freeze/water_monitor/African_Drought_Monitor/LIBRARIES/gds-2.0/tomcat4/work/Standalone/localhost/_
2013-07-22 20:50:52 StandardManager[]: Seeding random number generator class java.security.SecureRandom
2013-07-22 20:50:52 StandardManager[]: Seeding of random number generator has been completed
2013-07-22 20:50:52 StandardWrapper[:default]: Loading container servlet default
2013-07-22 20:50:52 StandardWrapper[:invoker]: Loading container servlet invoker
2013-07-22 20:50:52 HostConfig[localhost]: Deploying web application directory dods
2013-07-22 20:50:52 StandardHost[localhost]: Installing web application at context path /dods from URL file:/home/freeze/water_monitor/African_Drought_Monitor/LIBRARIES/gds-2.0/tomcat4/webapps/dods
2013-07-22 20:50:52 WebappLoader[/dods]: Deploying class repositories to work directory /home/freeze/water_monitor/African_Drought_Monitor/LIBRARIES/gds-2.0/tomcat4/work/Standalone/localhost/dods
2013-07-22 20:50:52 WebappLoader[/dods]: Deploy JAR /WEB-INF/lib/anagram.jar to /home/freeze/water_monitor/African_Drought_Monitor/LIBRARIES/gds-2.0/tomcat4/webapps/dods/WEB-INF/lib/anagram.jar
2013-07-22 20:50:52 WebappLoader[/dods]: Deploy JAR /WEB-INF/lib/dods-1.1.7.jar to /home/freeze/water_monitor/African_Drought_Monitor/LIBRARIES/gds-2.0/tomcat4/webapps/dods/WEB-INF/lib/dods-1.1.7.jar
2013-07-22 20:50:52 WebappLoader[/dods]: Deploy JAR /WEB-INF/lib/gds.jar to /home/freeze/water_monitor/African_Drought_Monitor/LIBRARIES/gds-2.0/tomcat4/webapps/dods/WEB-INF/lib/gds.jar
2013-07-22 20:50:52 WebappLoader[/dods]: Deploy JAR /WEB-INF/lib/gnu-getopt-1.0.6.jar to /home/freeze/water_monitor/African_Drought_Monitor/LIBRARIES/gds-2.0/tomcat4/webapps/dods/WEB-INF/lib/gnu-getopt-1.0.6.jar
2013-07-22 20:50:52 WebappLoader[/dods]: Deploy JAR /WEB-INF/lib/gnu-regexp-1.1.4.jar to /home/freeze/water_monitor/African_Drought_Monitor/LIBRARIES/gds-2.0/tomcat4/webapps/dods/WEB-INF/lib/gnu-regexp-1.1.4.jar
2013-07-22 20:50:52 StandardManager[/dods]: Seeding random number generator class java.security.SecureRandom
2013-07-22 20:50:52 StandardManager[/dods]: Seeding of random number generator has been completed
2013-07-22 20:50:52 StandardWrapper[/dods:default]: Loading container servlet default
2013-07-22 20:50:52 StandardContext[/dods]: Servlet /dods threw load() exception
javax.servlet.ServletException: 
	at org.iges.anagram.Server.fail(Server.java:310)
	at org.iges.anagram.Server.<init>(Server.java:247)
	at org.iges.anagram.AnagramServlet.init(AnagramServlet.java:138)
	at org.apache.catalina.core.StandardWrapper.loadServlet(StandardWrapper.java:934)
	at org.apache.catalina.core.StandardWrapper.load(StandardWrapper.java:821)
	at org.apache.catalina.core.StandardContext.loadOnStartup(StandardContext.java:3420)
	at org.apache.catalina.core.StandardContext.start(StandardContext.java:3608)
	at org.apache.catalina.core.ContainerBase.addChildInternal(ContainerBase.java:821)
	at org.apache.catalina.core.ContainerBase.addChild(ContainerBase.java:807)
	at org.apache.catalina.core.StandardHost.addChild(StandardHost.java:579)
	at org.apache.catalina.core.StandardHostDeployer.install(StandardHostDeployer.java:257)
	at org.apache.catalina.core.StandardHost.install(StandardHost.java:772)
	at org.apache.catalina.startup.HostConfig.deployDirectories(HostConfig.java:569)
	at org.apache.catalina.startup.HostConfig.deployApps(HostConfig.java:411)
	at org.apache.catalina.startup.HostConfig.start(HostConfig.java:879)
	at org.apache.catalina.startup.HostConfig.lifecycleEvent(HostConfig.java:368)
	at org.apache.catalina.util.LifecycleSupport.fireLifecycleEvent(LifecycleSupport.java:166)
	at org.apache.catalina.core.ContainerBase.start(ContainerBase.java:1196)
	at org.apache.catalina.core.StandardHost.start(StandardHost.java:738)
	at org.apache.catalina.core.ContainerBase.start(ContainerBase.java:1188)
	at org.apache.catalina.core.StandardEngine.start(StandardEngine.java:347)
	at org.apache.catalina.core.StandardService.start(StandardService.java:497)
	at org.apache.catalina.core.StandardServer.start(StandardServer.java:2189)
	at org.apache.catalina.startup.Catalina.start(Catalina.java:512)
	at org.apache.catalina.startup.Catalina.execute(Catalina.java:400)
	at org.apache.catalina.startup.Catalina.process(Catalina.java:180)
	at sun.reflect.NativeMethodAccessorImpl.invoke0(Native Method)
	at sun.reflect.NativeMethodAccessorImpl.invoke(NativeMethodAccessorImpl.java:57)
	at sun.reflect.DelegatingMethodAccessorImpl.invoke(DelegatingMethodAccessorImpl.java:43)
	at java.lang.reflect.Method.invoke(Method.java:601)
	at org.apache.catalina.startup.Bootstrap.main(Bootstrap.java:203)

2013-07-22 20:50:52 StandardWrapper[/dods:invoker]: Loading container servlet invoker
2013-07-22 20:50:53 StandardHost[localhost]: Removing web application at context path 
2013-07-22 20:50:53 StandardHost[localhost]: Removing web application at context path /dods
2013-07-22 20:50:53 StandardHost[localhost]: Removing web application at context path /doc
2013-07-22 20:53:02 WebappLoader[/doc]: Deploying class repositories to work directory /home/freeze/water_monitor/African_Drought_Monitor/LIBRARIES/gds-2.0/tomcat4/work/Standalone/localhost/doc
2013-07-22 20:53:02 ContextConfig[/doc]: Missing application web.xml, using defaults only
2013-07-22 20:53:02 StandardManager[/doc]: Seeding random number generator class java.security.SecureRandom
2013-07-22 20:53:02 StandardManager[/doc]: Seeding of random number generator has been completed
2013-07-22 20:53:02 StandardWrapper[/doc:default]: Loading container servlet default
2013-07-22 20:53:02 StandardWrapper[/doc:invoker]: Loading container servlet invoker
2013-07-22 20:53:02 HostConfig[localhost]: Deploying web application directory ROOT
2013-07-22 20:53:02 StandardHost[localhost]: Installing web application at context path  from URL file:/home/freeze/water_monitor/African_Drought_Monitor/LIBRARIES/gds-2.0/tomcat4/webapps/ROOT
2013-07-22 20:53:02 WebappLoader[]: Deploying class repositories to work directory /home/freeze/water_monitor/African_Drought_Monitor/LIBRARIES/gds-2.0/tomcat4/work/Standalone/localhost/_
2013-07-22 20:53:02 StandardManager[]: Seeding random number generator class java.security.SecureRandom
2013-07-22 20:53:02 StandardManager[]: Seeding of random number generator has been completed
2013-07-22 20:53:02 StandardWrapper[:default]: Loading container servlet default
2013-07-22 20:53:02 StandardWrapper[:invoker]: Loading container servlet invoker
2013-07-22 20:53:02 HostConfig[localhost]: Deploying web application directory dods
2013-07-22 20:53:02 StandardHost[localhost]: Installing web application at context path /dods from URL file:/home/freeze/water_monitor/African_Drought_Monitor/LIBRARIES/gds-2.0/tomcat4/webapps/dods
2013-07-22 20:53:02 WebappLoader[/dods]: Deploying class repositories to work directory /home/freeze/water_monitor/African_Drought_Monitor/LIBRARIES/gds-2.0/tomcat4/work/Standalone/localhost/dods
2013-07-22 20:53:02 WebappLoader[/dods]: Deploy JAR /WEB-INF/lib/anagram.jar to /home/freeze/water_monitor/African_Drought_Monitor/LIBRARIES/gds-2.0/tomcat4/webapps/dods/WEB-INF/lib/anagram.jar
2013-07-22 20:53:02 WebappLoader[/dods]: Deploy JAR /WEB-INF/lib/dods-1.1.7.jar to /home/freeze/water_monitor/African_Drought_Monitor/LIBRARIES/gds-2.0/tomcat4/webapps/dods/WEB-INF/lib/dods-1.1.7.jar
2013-07-22 20:53:02 WebappLoader[/dods]: Deploy JAR /WEB-INF/lib/gds.jar to /home/freeze/water_monitor/African_Drought_Monitor/LIBRARIES/gds-2.0/tomcat4/webapps/dods/WEB-INF/lib/gds.jar
2013-07-22 20:53:02 WebappLoader[/dods]: Deploy JAR /WEB-INF/lib/gnu-getopt-1.0.6.jar to /home/freeze/water_monitor/African_Drought_Monitor/LIBRARIES/gds-2.0/tomcat4/webapps/dods/WEB-INF/lib/gnu-getopt-1.0.6.jar
2013-07-22 20:53:02 WebappLoader[/dods]: Deploy JAR /WEB-INF/lib/gnu-regexp-1.1.4.jar to /home/freeze/water_monitor/African_Drought_Monitor/LIBRARIES/gds-2.0/tomcat4/webapps/dods/WEB-INF/lib/gnu-regexp-1.1.4.jar
2013-07-22 20:53:02 StandardManager[/dods]: Seeding random number generator class java.security.SecureRandom
2013-07-22 20:53:02 StandardManager[/dods]: Seeding of random number generator has been completed
2013-07-22 20:53:02 StandardWrapper[/dods:default]: Loading container servlet default
2013-07-22 20:53:03 StandardWrapper[/dods:invoker]: Loading container servlet invoker
2013-07-22 20:54:43 StandardHost[localhost]: Removing web application at context path 
2013-07-22 20:54:43 StandardHost[localhost]: Removing web application at context path /dods
2013-07-22 20:54:43 StandardHost[localhost]: Removing web application at context path /doc
2013-07-22 20:54:45 WebappLoader[/doc]: Deploying class repositories to work directory /home/freeze/water_monitor/African_Drought_Monitor/LIBRARIES/gds-2.0/tomcat4/work/Standalone/localhost/doc
2013-07-22 20:54:45 ContextConfig[/doc]: Missing application web.xml, using defaults only
2013-07-22 20:54:45 StandardManager[/doc]: Seeding random number generator class java.security.SecureRandom
2013-07-22 20:54:45 StandardManager[/doc]: Seeding of random number generator has been completed
2013-07-22 20:54:45 StandardWrapper[/doc:default]: Loading container servlet default
2013-07-22 20:54:45 StandardWrapper[/doc:invoker]: Loading container servlet invoker
2013-07-22 20:54:45 HostConfig[localhost]: Deploying web application directory ROOT
2013-07-22 20:54:45 StandardHost[localhost]: Installing web application at context path  from URL file:/home/freeze/water_monitor/African_Drought_Monitor/LIBRARIES/gds-2.0/tomcat4/webapps/ROOT
2013-07-22 20:54:45 WebappLoader[]: Deploying class repositories to work directory /home/freeze/water_monitor/African_Drought_Monitor/LIBRARIES/gds-2.0/tomcat4/work/Standalone/localhost/_
2013-07-22 20:54:45 StandardManager[]: Seeding random number generator class java.security.SecureRandom
2013-07-22 20:54:45 StandardManager[]: Seeding of random number generator has been completed
2013-07-22 20:54:45 StandardWrapper[:default]: Loading container servlet default
2013-07-22 20:54:45 StandardWrapper[:invoker]: Loading container servlet invoker
2013-07-22 20:54:45 HostConfig[localhost]: Deploying web application directory dods
2013-07-22 20:54:45 StandardHost[localhost]: Installing web application at context path /dods from URL file:/home/freeze/water_monitor/African_Drought_Monitor/LIBRARIES/gds-2.0/tomcat4/webapps/dods
2013-07-22 20:54:45 WebappLoader[/dods]: Deploying class repositories to work directory /home/freeze/water_monitor/African_Drought_Monitor/LIBRARIES/gds-2.0/tomcat4/work/Standalone/localhost/dods
2013-07-22 20:54:45 WebappLoader[/dods]: Deploy JAR /WEB-INF/lib/anagram.jar to /home/freeze/water_monitor/African_Drought_Monitor/LIBRARIES/gds-2.0/tomcat4/webapps/dods/WEB-INF/lib/anagram.jar
2013-07-22 20:54:45 WebappLoader[/dods]: Deploy JAR /WEB-INF/lib/dods-1.1.7.jar to /home/freeze/water_monitor/African_Drought_Monitor/LIBRARIES/gds-2.0/tomcat4/webapps/dods/WEB-INF/lib/dods-1.1.7.jar
2013-07-22 20:54:45 WebappLoader[/dods]: Deploy JAR /WEB-INF/lib/gds.jar to /home/freeze/water_monitor/African_Drought_Monitor/LIBRARIES/gds-2.0/tomcat4/webapps/dods/WEB-INF/lib/gds.jar
2013-07-22 20:54:45 WebappLoader[/dods]: Deploy JAR /WEB-INF/lib/gnu-getopt-1.0.6.jar to /home/freeze/water_monitor/African_Drought_Monitor/LIBRARIES/gds-2.0/tomcat4/webapps/dods/WEB-INF/lib/gnu-getopt-1.0.6.jar
2013-07-22 20:54:45 WebappLoader[/dods]: Deploy JAR /WEB-INF/lib/gnu-regexp-1.1.4.jar to /home/freeze/water_monitor/African_Drought_Monitor/LIBRARIES/gds-2.0/tomcat4/webapps/dods/WEB-INF/lib/gnu-regexp-1.1.4.jar
2013-07-22 20:54:45 StandardManager[/dods]: Seeding random number generator class java.security.SecureRandom
2013-07-22 20:54:45 StandardManager[/dods]: Seeding of random number generator has been completed
2013-07-22 20:54:45 StandardWrapper[/dods:default]: Loading container servlet default
2013-07-22 20:54:46 StandardWrapper[/dods:invoker]: Loading container servlet invoker
2013-07-22 20:56:02 StandardHost[localhost]: Removing web application at context path 
2013-07-22 20:56:02 StandardHost[localhost]: Removing web application at context path /dods
2013-07-22 20:56:02 StandardHost[localhost]: Removing web application at context path /doc
2013-07-22 20:56:03 WebappLoader[/doc]: Deploying class repositories to work directory /home/freeze/water_monitor/African_Drought_Monitor/LIBRARIES/gds-2.0/tomcat4/work/Standalone/localhost/doc
2013-07-22 20:56:04 ContextConfig[/doc]: Missing application web.xml, using defaults only
2013-07-22 20:56:04 StandardManager[/doc]: Seeding random number generator class java.security.SecureRandom
2013-07-22 20:56:04 StandardManager[/doc]: Seeding of random number generator has been completed
2013-07-22 20:56:04 StandardWrapper[/doc:default]: Loading container servlet default
2013-07-22 20:56:04 StandardWrapper[/doc:invoker]: Loading container servlet invoker
2013-07-22 20:56:04 HostConfig[localhost]: Deploying web application directory ROOT
2013-07-22 20:56:04 StandardHost[localhost]: Installing web application at context path  from URL file:/home/freeze/water_monitor/African_Drought_Monitor/LIBRARIES/gds-2.0/tomcat4/webapps/ROOT
2013-07-22 20:56:04 WebappLoader[]: Deploying class repositories to work directory /home/freeze/water_monitor/African_Drought_Monitor/LIBRARIES/gds-2.0/tomcat4/work/Standalone/localhost/_
2013-07-22 20:56:04 StandardManager[]: Seeding random number generator class java.security.SecureRandom
2013-07-22 20:56:04 StandardManager[]: Seeding of random number generator has been completed
2013-07-22 20:56:04 StandardWrapper[:default]: Loading container servlet default
2013-07-22 20:56:04 StandardWrapper[:invoker]: Loading container servlet invoker
2013-07-22 20:56:04 HostConfig[localhost]: Deploying web application directory dods
2013-07-22 20:56:04 StandardHost[localhost]: Installing web application at context path /dods from URL file:/home/freeze/water_monitor/African_Drought_Monitor/LIBRARIES/gds-2.0/tomcat4/webapps/dods
2013-07-22 20:56:04 WebappLoader[/dods]: Deploying class repositories to work directory /home/freeze/water_monitor/African_Drought_Monitor/LIBRARIES/gds-2.0/tomcat4/work/Standalone/localhost/dods
2013-07-22 20:56:04 WebappLoader[/dods]: Deploy JAR /WEB-INF/lib/anagram.jar to /home/freeze/water_monitor/African_Drought_Monitor/LIBRARIES/gds-2.0/tomcat4/webapps/dods/WEB-INF/lib/anagram.jar
2013-07-22 20:56:04 WebappLoader[/dods]: Deploy JAR /WEB-INF/lib/dods-1.1.7.jar to /home/freeze/water_monitor/African_Drought_Monitor/LIBRARIES/gds-2.0/tomcat4/webapps/dods/WEB-INF/lib/dods-1.1.7.jar
2013-07-22 20:56:04 WebappLoader[/dods]: Deploy JAR /WEB-INF/lib/gds.jar to /home/freeze/water_monitor/African_Drought_Monitor/LIBRARIES/gds-2.0/tomcat4/webapps/dods/WEB-INF/lib/gds.jar
2013-07-22 20:56:04 WebappLoader[/dods]: Deploy JAR /WEB-INF/lib/gnu-getopt-1.0.6.jar to /home/freeze/water_monitor/African_Drought_Monitor/LIBRARIES/gds-2.0/tomcat4/webapps/dods/WEB-INF/lib/gnu-getopt-1.0.6.jar
2013-07-22 20:56:04 WebappLoader[/dods]: Deploy JAR /WEB-INF/lib/gnu-regexp-1.1.4.jar to /home/freeze/water_monitor/African_Drought_Monitor/LIBRARIES/gds-2.0/tomcat4/webapps/dods/WEB-INF/lib/gnu-regexp-1.1.4.jar
2013-07-22 20:56:04 StandardManager[/dods]: Seeding random number generator class java.security.SecureRandom
2013-07-22 20:56:04 StandardManager[/dods]: Seeding of random number generator has been completed
2013-07-22 20:56:04 StandardWrapper[/dods:default]: Loading container servlet default
2013-07-22 20:56:04 StandardWrapper[/dods:invoker]: Loading container servlet invoker
2013-07-22 20:58:53 StandardHost[localhost]: Removing web application at context path 
2013-07-22 20:58:53 StandardHost[localhost]: Removing web application at context path /dods
2013-07-22 20:58:53 StandardHost[localhost]: Removing web application at context path /doc
2013-07-22 20:58:55 WebappLoader[/doc]: Deploying class repositories to work directory /home/freeze/water_monitor/African_Drought_Monitor/LIBRARIES/gds-2.0/tomcat4/work/Standalone/localhost/doc
2013-07-22 20:58:55 ContextConfig[/doc]: Missing application web.xml, using defaults only
2013-07-22 20:58:55 StandardManager[/doc]: Seeding random number generator class java.security.SecureRandom
2013-07-22 20:58:55 StandardManager[/doc]: Seeding of random number generator has been completed
2013-07-22 20:58:55 StandardWrapper[/doc:default]: Loading container servlet default
2013-07-22 20:58:55 StandardWrapper[/doc:invoker]: Loading container servlet invoker
2013-07-22 20:58:55 HostConfig[localhost]: Deploying web application directory ROOT
2013-07-22 20:58:55 StandardHost[localhost]: Installing web application at context path  from URL file:/home/freeze/water_monitor/African_Drought_Monitor/LIBRARIES/gds-2.0/tomcat4/webapps/ROOT
2013-07-22 20:58:55 WebappLoader[]: Deploying class repositories to work directory /home/freeze/water_monitor/African_Drought_Monitor/LIBRARIES/gds-2.0/tomcat4/work/Standalone/localhost/_
2013-07-22 20:58:55 StandardManager[]: Seeding random number generator class java.security.SecureRandom
2013-07-22 20:58:55 StandardManager[]: Seeding of random number generator has been completed
2013-07-22 20:58:55 StandardWrapper[:default]: Loading container servlet default
2013-07-22 20:58:55 StandardWrapper[:invoker]: Loading container servlet invoker
2013-07-22 20:58:55 HostConfig[localhost]: Deploying web application directory dods
2013-07-22 20:58:55 StandardHost[localhost]: Installing web application at context path /dods from URL file:/home/freeze/water_monitor/African_Drought_Monitor/LIBRARIES/gds-2.0/tomcat4/webapps/dods
2013-07-22 20:58:55 WebappLoader[/dods]: Deploying class repositories to work directory /home/freeze/water_monitor/African_Drought_Monitor/LIBRARIES/gds-2.0/tomcat4/work/Standalone/localhost/dods
2013-07-22 20:58:55 WebappLoader[/dods]: Deploy JAR /WEB-INF/lib/anagram.jar to /home/freeze/water_monitor/African_Drought_Monitor/LIBRARIES/gds-2.0/tomcat4/webapps/dods/WEB-INF/lib/anagram.jar
2013-07-22 20:58:55 WebappLoader[/dods]: Deploy JAR /WEB-INF/lib/dods-1.1.7.jar to /home/freeze/water_monitor/African_Drought_Monitor/LIBRARIES/gds-2.0/tomcat4/webapps/dods/WEB-INF/lib/dods-1.1.7.jar
2013-07-22 20:58:55 WebappLoader[/dods]: Deploy JAR /WEB-INF/lib/gds.jar to /home/freeze/water_monitor/African_Drought_Monitor/LIBRARIES/gds-2.0/tomcat4/webapps/dods/WEB-INF/lib/gds.jar
2013-07-22 20:58:55 WebappLoader[/dods]: Deploy JAR /WEB-INF/lib/gnu-getopt-1.0.6.jar to /home/freeze/water_monitor/African_Drought_Monitor/LIBRARIES/gds-2.0/tomcat4/webapps/dods/WEB-INF/lib/gnu-getopt-1.0.6.jar
2013-07-22 20:58:55 WebappLoader[/dods]: Deploy JAR /WEB-INF/lib/gnu-regexp-1.1.4.jar to /home/freeze/water_monitor/African_Drought_Monitor/LIBRARIES/gds-2.0/tomcat4/webapps/dods/WEB-INF/lib/gnu-regexp-1.1.4.jar
2013-07-22 20:58:55 StandardManager[/dods]: Seeding random number generator class java.security.SecureRandom
2013-07-22 20:58:55 StandardManager[/dods]: Seeding of random number generator has been completed
2013-07-22 20:58:55 StandardWrapper[/dods:default]: Loading container servlet default
2013-07-22 20:58:55 StandardWrapper[/dods:invoker]: Loading container servlet invoker
2013-07-22 21:00:18 StandardHost[localhost]: Removing web application at context path 
2013-07-22 21:00:18 StandardHost[localhost]: Removing web application at context path /dods
2013-07-22 21:00:18 StandardHost[localhost]: Removing web application at context path /doc
2013-07-22 21:00:20 WebappLoader[/doc]: Deploying class repositories to work directory /home/freeze/water_monitor/African_Drought_Monitor/LIBRARIES/gds-2.0/tomcat4/work/Standalone/localhost/doc
2013-07-22 21:00:20 ContextConfig[/doc]: Missing application web.xml, using defaults only
2013-07-22 21:00:20 StandardManager[/doc]: Seeding random number generator class java.security.SecureRandom
2013-07-22 21:00:20 StandardManager[/doc]: Seeding of random number generator has been completed
2013-07-22 21:00:20 StandardWrapper[/doc:default]: Loading container servlet default
2013-07-22 21:00:20 StandardWrapper[/doc:invoker]: Loading container servlet invoker
2013-07-22 21:00:20 HostConfig[localhost]: Deploying web application directory ROOT
2013-07-22 21:00:20 StandardHost[localhost]: Installing web application at context path  from URL file:/home/freeze/water_monitor/African_Drought_Monitor/LIBRARIES/gds-2.0/tomcat4/webapps/ROOT
2013-07-22 21:00:20 WebappLoader[]: Deploying class repositories to work directory /home/freeze/water_monitor/African_Drought_Monitor/LIBRARIES/gds-2.0/tomcat4/work/Standalone/localhost/_
2013-07-22 21:00:20 StandardManager[]: Seeding random number generator class java.security.SecureRandom
2013-07-22 21:00:20 StandardManager[]: Seeding of random number generator has been completed
2013-07-22 21:00:20 StandardWrapper[:default]: Loading container servlet default
2013-07-22 21:00:20 StandardWrapper[:invoker]: Loading container servlet invoker
2013-07-22 21:00:20 HostConfig[localhost]: Deploying web application directory dods
2013-07-22 21:00:20 StandardHost[localhost]: Installing web application at context path /dods from URL file:/home/freeze/water_monitor/African_Drought_Monitor/LIBRARIES/gds-2.0/tomcat4/webapps/dods
2013-07-22 21:00:20 WebappLoader[/dods]: Deploying class repositories to work directory /home/freeze/water_monitor/African_Drought_Monitor/LIBRARIES/gds-2.0/tomcat4/work/Standalone/localhost/dods
2013-07-22 21:00:20 WebappLoader[/dods]: Deploy JAR /WEB-INF/lib/anagram.jar to /home/freeze/water_monitor/African_Drought_Monitor/LIBRARIES/gds-2.0/tomcat4/webapps/dods/WEB-INF/lib/anagram.jar
2013-07-22 21:00:20 WebappLoader[/dods]: Deploy JAR /WEB-INF/lib/dods-1.1.7.jar to /home/freeze/water_monitor/African_Drought_Monitor/LIBRARIES/gds-2.0/tomcat4/webapps/dods/WEB-INF/lib/dods-1.1.7.jar
2013-07-22 21:00:20 WebappLoader[/dods]: Deploy JAR /WEB-INF/lib/gds.jar to /home/freeze/water_monitor/African_Drought_Monitor/LIBRARIES/gds-2.0/tomcat4/webapps/dods/WEB-INF/lib/gds.jar
2013-07-22 21:00:20 WebappLoader[/dods]: Deploy JAR /WEB-INF/lib/gnu-getopt-1.0.6.jar to /home/freeze/water_monitor/African_Drought_Monitor/LIBRARIES/gds-2.0/tomcat4/webapps/dods/WEB-INF/lib/gnu-getopt-1.0.6.jar
2013-07-22 21:00:20 WebappLoader[/dods]: Deploy JAR /WEB-INF/lib/gnu-regexp-1.1.4.jar to /home/freeze/water_monitor/African_Drought_Monitor/LIBRARIES/gds-2.0/tomcat4/webapps/dods/WEB-INF/lib/gnu-regexp-1.1.4.jar
2013-07-22 21:00:20 StandardManager[/dods]: Seeding random number generator class java.security.SecureRandom
2013-07-22 21:00:20 StandardManager[/dods]: Seeding of random number generator has been completed
2013-07-22 21:00:20 StandardWrapper[/dods:default]: Loading container servlet default
2013-07-22 21:00:20 StandardWrapper[/dods:invoker]: Loading container servlet invoker
2013-07-22 21:04:04 StandardHost[localhost]: Removing web application at context path 
2013-07-22 21:04:04 StandardHost[localhost]: Removing web application at context path /dods
2013-07-22 21:04:04 StandardHost[localhost]: Removing web application at context path /doc
2013-07-22 21:04:05 WebappLoader[/doc]: Deploying class repositories to work directory /home/freeze/water_monitor/African_Drought_Monitor/LIBRARIES/gds-2.0/tomcat4/work/Standalone/localhost/doc
2013-07-22 21:04:05 ContextConfig[/doc]: Missing application web.xml, using defaults only
2013-07-22 21:04:05 StandardManager[/doc]: Seeding random number generator class java.security.SecureRandom
2013-07-22 21:04:05 StandardManager[/doc]: Seeding of random number generator has been completed
2013-07-22 21:04:05 StandardWrapper[/doc:default]: Loading container servlet default
2013-07-22 21:04:05 StandardWrapper[/doc:invoker]: Loading container servlet invoker
2013-07-22 21:04:05 HostConfig[localhost]: Deploying web application directory ROOT
2013-07-22 21:04:05 StandardHost[localhost]: Installing web application at context path  from URL file:/home/freeze/water_monitor/African_Drought_Monitor/LIBRARIES/gds-2.0/tomcat4/webapps/ROOT
2013-07-22 21:04:05 WebappLoader[]: Deploying class repositories to work directory /home/freeze/water_monitor/African_Drought_Monitor/LIBRARIES/gds-2.0/tomcat4/work/Standalone/localhost/_
2013-07-22 21:04:06 StandardManager[]: Seeding random number generator class java.security.SecureRandom
2013-07-22 21:04:06 StandardManager[]: Seeding of random number generator has been completed
2013-07-22 21:04:06 StandardWrapper[:default]: Loading container servlet default
2013-07-22 21:04:06 StandardWrapper[:invoker]: Loading container servlet invoker
2013-07-22 21:04:06 HostConfig[localhost]: Deploying web application directory dods
2013-07-22 21:04:06 StandardHost[localhost]: Installing web application at context path /dods from URL file:/home/freeze/water_monitor/African_Drought_Monitor/LIBRARIES/gds-2.0/tomcat4/webapps/dods
2013-07-22 21:04:06 WebappLoader[/dods]: Deploying class repositories to work directory /home/freeze/water_monitor/African_Drought_Monitor/LIBRARIES/gds-2.0/tomcat4/work/Standalone/localhost/dods
2013-07-22 21:04:06 WebappLoader[/dods]: Deploy JAR /WEB-INF/lib/anagram.jar to /home/freeze/water_monitor/African_Drought_Monitor/LIBRARIES/gds-2.0/tomcat4/webapps/dods/WEB-INF/lib/anagram.jar
2013-07-22 21:04:06 WebappLoader[/dods]: Deploy JAR /WEB-INF/lib/dods-1.1.7.jar to /home/freeze/water_monitor/African_Drought_Monitor/LIBRARIES/gds-2.0/tomcat4/webapps/dods/WEB-INF/lib/dods-1.1.7.jar
2013-07-22 21:04:06 WebappLoader[/dods]: Deploy JAR /WEB-INF/lib/gds.jar to /home/freeze/water_monitor/African_Drought_Monitor/LIBRARIES/gds-2.0/tomcat4/webapps/dods/WEB-INF/lib/gds.jar
2013-07-22 21:04:06 WebappLoader[/dods]: Deploy JAR /WEB-INF/lib/gnu-getopt-1.0.6.jar to /home/freeze/water_monitor/African_Drought_Monitor/LIBRARIES/gds-2.0/tomcat4/webapps/dods/WEB-INF/lib/gnu-getopt-1.0.6.jar
2013-07-22 21:04:06 WebappLoader[/dods]: Deploy JAR /WEB-INF/lib/gnu-regexp-1.1.4.jar to /home/freeze/water_monitor/African_Drought_Monitor/LIBRARIES/gds-2.0/tomcat4/webapps/dods/WEB-INF/lib/gnu-regexp-1.1.4.jar
2013-07-22 21:04:06 StandardManager[/dods]: Seeding random number generator class java.security.SecureRandom
2013-07-22 21:04:06 StandardManager[/dods]: Seeding of random number generator has been completed
2013-07-22 21:04:06 StandardWrapper[/dods:default]: Loading container servlet default
2013-07-22 21:04:06 StandardWrapper[/dods:invoker]: Loading container servlet invoker
2013-07-22 21:06:29 StandardHost[localhost]: Removing web application at context path 
2013-07-22 21:06:29 StandardHost[localhost]: Removing web application at context path /dods
2013-07-22 21:06:29 StandardHost[localhost]: Removing web application at context path /doc
2013-07-22 21:06:31 WebappLoader[/doc]: Deploying class repositories to work directory /home/freeze/water_monitor/African_Drought_Monitor/LIBRARIES/gds-2.0/tomcat4/work/Standalone/localhost/doc
2013-07-22 21:06:31 ContextConfig[/doc]: Missing application web.xml, using defaults only
2013-07-22 21:06:31 StandardManager[/doc]: Seeding random number generator class java.security.SecureRandom
2013-07-22 21:06:31 StandardManager[/doc]: Seeding of random number generator has been completed
2013-07-22 21:06:31 StandardWrapper[/doc:default]: Loading container servlet default
2013-07-22 21:06:31 StandardWrapper[/doc:invoker]: Loading container servlet invoker
2013-07-22 21:06:31 HostConfig[localhost]: Deploying web application directory ROOT
2013-07-22 21:06:31 StandardHost[localhost]: Installing web application at context path  from URL file:/home/freeze/water_monitor/African_Drought_Monitor/LIBRARIES/gds-2.0/tomcat4/webapps/ROOT
2013-07-22 21:06:31 WebappLoader[]: Deploying class repositories to work directory /home/freeze/water_monitor/African_Drought_Monitor/LIBRARIES/gds-2.0/tomcat4/work/Standalone/localhost/_
2013-07-22 21:06:31 StandardManager[]: Seeding random number generator class java.security.SecureRandom
2013-07-22 21:06:31 StandardManager[]: Seeding of random number generator has been completed
2013-07-22 21:06:31 StandardWrapper[:default]: Loading container servlet default
2013-07-22 21:06:31 StandardWrapper[:invoker]: Loading container servlet invoker
2013-07-22 21:06:31 HostConfig[localhost]: Deploying web application directory dods
2013-07-22 21:06:31 StandardHost[localhost]: Installing web application at context path /dods from URL file:/home/freeze/water_monitor/African_Drought_Monitor/LIBRARIES/gds-2.0/tomcat4/webapps/dods
2013-07-22 21:06:31 WebappLoader[/dods]: Deploying class repositories to work directory /home/freeze/water_monitor/African_Drought_Monitor/LIBRARIES/gds-2.0/tomcat4/work/Standalone/localhost/dods
2013-07-22 21:06:31 WebappLoader[/dods]: Deploy JAR /WEB-INF/lib/anagram.jar to /home/freeze/water_monitor/African_Drought_Monitor/LIBRARIES/gds-2.0/tomcat4/webapps/dods/WEB-INF/lib/anagram.jar
2013-07-22 21:06:31 WebappLoader[/dods]: Deploy JAR /WEB-INF/lib/dods-1.1.7.jar to /home/freeze/water_monitor/African_Drought_Monitor/LIBRARIES/gds-2.0/tomcat4/webapps/dods/WEB-INF/lib/dods-1.1.7.jar
2013-07-22 21:06:31 WebappLoader[/dods]: Deploy JAR /WEB-INF/lib/gds.jar to /home/freeze/water_monitor/African_Drought_Monitor/LIBRARIES/gds-2.0/tomcat4/webapps/dods/WEB-INF/lib/gds.jar
2013-07-22 21:06:31 WebappLoader[/dods]: Deploy JAR /WEB-INF/lib/gnu-getopt-1.0.6.jar to /home/freeze/water_monitor/African_Drought_Monitor/LIBRARIES/gds-2.0/tomcat4/webapps/dods/WEB-INF/lib/gnu-getopt-1.0.6.jar
2013-07-22 21:06:31 WebappLoader[/dods]: Deploy JAR /WEB-INF/lib/gnu-regexp-1.1.4.jar to /home/freeze/water_monitor/African_Drought_Monitor/LIBRARIES/gds-2.0/tomcat4/webapps/dods/WEB-INF/lib/gnu-regexp-1.1.4.jar
2013-07-22 21:06:31 StandardManager[/dods]: Seeding random number generator class java.security.SecureRandom
2013-07-22 21:06:31 StandardManager[/dods]: Seeding of random number generator has been completed
2013-07-22 21:06:31 StandardWrapper[/dods:default]: Loading container servlet default
2013-07-22 21:06:31 StandardWrapper[/dods:invoker]: Loading container servlet invoker
2013-07-22 21:08:01 StandardHost[localhost]: Removing web application at context path 
2013-07-22 21:08:01 StandardHost[localhost]: Removing web application at context path /dods
2013-07-22 21:08:01 StandardHost[localhost]: Removing web application at context path /doc
2013-07-22 21:08:02 WebappLoader[/doc]: Deploying class repositories to work directory /home/freeze/water_monitor/African_Drought_Monitor/LIBRARIES/gds-2.0/tomcat4/work/Standalone/localhost/doc
2013-07-22 21:08:02 ContextConfig[/doc]: Missing application web.xml, using defaults only
2013-07-22 21:08:02 StandardManager[/doc]: Seeding random number generator class java.security.SecureRandom
2013-07-22 21:08:02 StandardManager[/doc]: Seeding of random number generator has been completed
2013-07-22 21:08:02 StandardWrapper[/doc:default]: Loading container servlet default
2013-07-22 21:08:02 StandardWrapper[/doc:invoker]: Loading container servlet invoker
2013-07-22 21:08:02 HostConfig[localhost]: Deploying web application directory ROOT
2013-07-22 21:08:02 StandardHost[localhost]: Installing web application at context path  from URL file:/home/freeze/water_monitor/African_Drought_Monitor/LIBRARIES/gds-2.0/tomcat4/webapps/ROOT
2013-07-22 21:08:02 WebappLoader[]: Deploying class repositories to work directory /home/freeze/water_monitor/African_Drought_Monitor/LIBRARIES/gds-2.0/tomcat4/work/Standalone/localhost/_
2013-07-22 21:08:02 StandardManager[]: Seeding random number generator class java.security.SecureRandom
2013-07-22 21:08:02 StandardManager[]: Seeding of random number generator has been completed
2013-07-22 21:08:02 StandardWrapper[:default]: Loading container servlet default
2013-07-22 21:08:02 StandardWrapper[:invoker]: Loading container servlet invoker
2013-07-22 21:08:02 HostConfig[localhost]: Deploying web application directory dods
2013-07-22 21:08:02 StandardHost[localhost]: Installing web application at context path /dods from URL file:/home/freeze/water_monitor/African_Drought_Monitor/LIBRARIES/gds-2.0/tomcat4/webapps/dods
2013-07-22 21:08:02 WebappLoader[/dods]: Deploying class repositories to work directory /home/freeze/water_monitor/African_Drought_Monitor/LIBRARIES/gds-2.0/tomcat4/work/Standalone/localhost/dods
2013-07-22 21:08:02 WebappLoader[/dods]: Deploy JAR /WEB-INF/lib/anagram.jar to /home/freeze/water_monitor/African_Drought_Monitor/LIBRARIES/gds-2.0/tomcat4/webapps/dods/WEB-INF/lib/anagram.jar
2013-07-22 21:08:02 WebappLoader[/dods]: Deploy JAR /WEB-INF/lib/dods-1.1.7.jar to /home/freeze/water_monitor/African_Drought_Monitor/LIBRARIES/gds-2.0/tomcat4/webapps/dods/WEB-INF/lib/dods-1.1.7.jar
2013-07-22 21:08:02 WebappLoader[/dods]: Deploy JAR /WEB-INF/lib/gds.jar to /home/freeze/water_monitor/African_Drought_Monitor/LIBRARIES/gds-2.0/tomcat4/webapps/dods/WEB-INF/lib/gds.jar
2013-07-22 21:08:02 WebappLoader[/dods]: Deploy JAR /WEB-INF/lib/gnu-getopt-1.0.6.jar to /home/freeze/water_monitor/African_Drought_Monitor/LIBRARIES/gds-2.0/tomcat4/webapps/dods/WEB-INF/lib/gnu-getopt-1.0.6.jar
2013-07-22 21:08:02 WebappLoader[/dods]: Deploy JAR /WEB-INF/lib/gnu-regexp-1.1.4.jar to /home/freeze/water_monitor/African_Drought_Monitor/LIBRARIES/gds-2.0/tomcat4/webapps/dods/WEB-INF/lib/gnu-regexp-1.1.4.jar
2013-07-22 21:08:02 StandardManager[/dods]: Seeding random number generator class java.security.SecureRandom
2013-07-22 21:08:02 StandardManager[/dods]: Seeding of random number generator has been completed
2013-07-22 21:08:02 StandardWrapper[/dods:default]: Loading container servlet default
2013-07-22 21:08:03 StandardWrapper[/dods:invoker]: Loading container servlet invoker
2013-07-22 21:08:33 StandardHost[localhost]: Removing web application at context path 
2013-07-22 21:08:33 StandardHost[localhost]: Removing web application at context path /dods
2013-07-22 21:08:33 StandardHost[localhost]: Removing web application at context path /doc
2013-07-22 21:08:35 WebappLoader[/doc]: Deploying class repositories to work directory /home/freeze/water_monitor/African_Drought_Monitor/LIBRARIES/gds-2.0/tomcat4/work/Standalone/localhost/doc
2013-07-22 21:08:35 ContextConfig[/doc]: Missing application web.xml, using defaults only
2013-07-22 21:08:35 StandardManager[/doc]: Seeding random number generator class java.security.SecureRandom
2013-07-22 21:08:35 StandardManager[/doc]: Seeding of random number generator has been completed
2013-07-22 21:08:35 StandardWrapper[/doc:default]: Loading container servlet default
2013-07-22 21:08:35 StandardWrapper[/doc:invoker]: Loading container servlet invoker
2013-07-22 21:08:35 HostConfig[localhost]: Deploying web application directory ROOT
2013-07-22 21:08:35 StandardHost[localhost]: Installing web application at context path  from URL file:/home/freeze/water_monitor/African_Drought_Monitor/LIBRARIES/gds-2.0/tomcat4/webapps/ROOT
2013-07-22 21:08:35 WebappLoader[]: Deploying class repositories to work directory /home/freeze/water_monitor/African_Drought_Monitor/LIBRARIES/gds-2.0/tomcat4/work/Standalone/localhost/_
2013-07-22 21:08:35 StandardManager[]: Seeding random number generator class java.security.SecureRandom
2013-07-22 21:08:35 StandardManager[]: Seeding of random number generator has been completed
2013-07-22 21:08:35 StandardWrapper[:default]: Loading container servlet default
2013-07-22 21:08:35 StandardWrapper[:invoker]: Loading container servlet invoker
2013-07-22 21:08:35 HostConfig[localhost]: Deploying web application directory dods
2013-07-22 21:08:35 StandardHost[localhost]: Installing web application at context path /dods from URL file:/home/freeze/water_monitor/African_Drought_Monitor/LIBRARIES/gds-2.0/tomcat4/webapps/dods
2013-07-22 21:08:35 WebappLoader[/dods]: Deploying class repositories to work directory /home/freeze/water_monitor/African_Drought_Monitor/LIBRARIES/gds-2.0/tomcat4/work/Standalone/localhost/dods
2013-07-22 21:08:35 WebappLoader[/dods]: Deploy JAR /WEB-INF/lib/anagram.jar to /home/freeze/water_monitor/African_Drought_Monitor/LIBRARIES/gds-2.0/tomcat4/webapps/dods/WEB-INF/lib/anagram.jar
2013-07-22 21:08:35 WebappLoader[/dods]: Deploy JAR /WEB-INF/lib/dods-1.1.7.jar to /home/freeze/water_monitor/African_Drought_Monitor/LIBRARIES/gds-2.0/tomcat4/webapps/dods/WEB-INF/lib/dods-1.1.7.jar
2013-07-22 21:08:35 WebappLoader[/dods]: Deploy JAR /WEB-INF/lib/gds.jar to /home/freeze/water_monitor/African_Drought_Monitor/LIBRARIES/gds-2.0/tomcat4/webapps/dods/WEB-INF/lib/gds.jar
2013-07-22 21:08:35 WebappLoader[/dods]: Deploy JAR /WEB-INF/lib/gnu-getopt-1.0.6.jar to /home/freeze/water_monitor/African_Drought_Monitor/LIBRARIES/gds-2.0/tomcat4/webapps/dods/WEB-INF/lib/gnu-getopt-1.0.6.jar
2013-07-22 21:08:35 WebappLoader[/dods]: Deploy JAR /WEB-INF/lib/gnu-regexp-1.1.4.jar to /home/freeze/water_monitor/African_Drought_Monitor/LIBRARIES/gds-2.0/tomcat4/webapps/dods/WEB-INF/lib/gnu-regexp-1.1.4.jar
2013-07-22 21:08:35 StandardManager[/dods]: Seeding random number generator class java.security.SecureRandom
2013-07-22 21:08:35 StandardManager[/dods]: Seeding of random number generator has been completed
2013-07-22 21:08:35 StandardWrapper[/dods:default]: Loading container servlet default
2013-07-22 21:08:36 StandardWrapper[/dods:invoker]: Loading container servlet invoker
2013-07-22 21:11:29 StandardHost[localhost]: Removing web application at context path 
2013-07-22 21:11:29 StandardHost[localhost]: Removing web application at context path /dods
2013-07-22 21:11:29 StandardHost[localhost]: Removing web application at context path /doc
2013-07-22 21:11:31 WebappLoader[/doc]: Deploying class repositories to work directory /home/freeze/water_monitor/African_Drought_Monitor/LIBRARIES/gds-2.0/tomcat4/work/Standalone/localhost/doc
2013-07-22 21:11:31 ContextConfig[/doc]: Missing application web.xml, using defaults only
2013-07-22 21:11:31 StandardManager[/doc]: Seeding random number generator class java.security.SecureRandom
2013-07-22 21:11:31 StandardManager[/doc]: Seeding of random number generator has been completed
2013-07-22 21:11:31 StandardWrapper[/doc:default]: Loading container servlet default
2013-07-22 21:11:31 StandardWrapper[/doc:invoker]: Loading container servlet invoker
2013-07-22 21:11:31 HostConfig[localhost]: Deploying web application directory ROOT
2013-07-22 21:11:31 StandardHost[localhost]: Installing web application at context path  from URL file:/home/freeze/water_monitor/African_Drought_Monitor/LIBRARIES/gds-2.0/tomcat4/webapps/ROOT
2013-07-22 21:11:31 WebappLoader[]: Deploying class repositories to work directory /home/freeze/water_monitor/African_Drought_Monitor/LIBRARIES/gds-2.0/tomcat4/work/Standalone/localhost/_
2013-07-22 21:11:31 StandardManager[]: Seeding random number generator class java.security.SecureRandom
2013-07-22 21:11:31 StandardManager[]: Seeding of random number generator has been completed
2013-07-22 21:11:31 StandardWrapper[:default]: Loading container servlet default
2013-07-22 21:11:31 StandardWrapper[:invoker]: Loading container servlet invoker
2013-07-22 21:11:31 HostConfig[localhost]: Deploying web application directory dods
2013-07-22 21:11:31 StandardHost[localhost]: Installing web application at context path /dods from URL file:/home/freeze/water_monitor/African_Drought_Monitor/LIBRARIES/gds-2.0/tomcat4/webapps/dods
2013-07-22 21:11:31 WebappLoader[/dods]: Deploying class repositories to work directory /home/freeze/water_monitor/African_Drought_Monitor/LIBRARIES/gds-2.0/tomcat4/work/Standalone/localhost/dods
2013-07-22 21:11:31 WebappLoader[/dods]: Deploy JAR /WEB-INF/lib/anagram.jar to /home/freeze/water_monitor/African_Drought_Monitor/LIBRARIES/gds-2.0/tomcat4/webapps/dods/WEB-INF/lib/anagram.jar
2013-07-22 21:11:31 WebappLoader[/dods]: Deploy JAR /WEB-INF/lib/dods-1.1.7.jar to /home/freeze/water_monitor/African_Drought_Monitor/LIBRARIES/gds-2.0/tomcat4/webapps/dods/WEB-INF/lib/dods-1.1.7.jar
2013-07-22 21:11:31 WebappLoader[/dods]: Deploy JAR /WEB-INF/lib/gds.jar to /home/freeze/water_monitor/African_Drought_Monitor/LIBRARIES/gds-2.0/tomcat4/webapps/dods/WEB-INF/lib/gds.jar
2013-07-22 21:11:31 WebappLoader[/dods]: Deploy JAR /WEB-INF/lib/gnu-getopt-1.0.6.jar to /home/freeze/water_monitor/African_Drought_Monitor/LIBRARIES/gds-2.0/tomcat4/webapps/dods/WEB-INF/lib/gnu-getopt-1.0.6.jar
2013-07-22 21:11:31 WebappLoader[/dods]: Deploy JAR /WEB-INF/lib/gnu-regexp-1.1.4.jar to /home/freeze/water_monitor/African_Drought_Monitor/LIBRARIES/gds-2.0/tomcat4/webapps/dods/WEB-INF/lib/gnu-regexp-1.1.4.jar
2013-07-22 21:11:31 StandardManager[/dods]: Seeding random number generator class java.security.SecureRandom
2013-07-22 21:11:31 StandardManager[/dods]: Seeding of random number generator has been completed
2013-07-22 21:11:31 StandardWrapper[/dods:default]: Loading container servlet default
2013-07-22 21:11:31 StandardWrapper[/dods:invoker]: Loading container servlet invoker
2013-07-22 21:14:12 StandardHost[localhost]: Removing web application at context path 
2013-07-22 21:14:12 StandardHost[localhost]: Removing web application at context path /dods
2013-07-22 21:14:12 StandardHost[localhost]: Removing web application at context path /doc
2013-07-22 21:14:13 WebappLoader[/doc]: Deploying class repositories to work directory /home/freeze/water_monitor/African_Drought_Monitor/LIBRARIES/gds-2.0/tomcat4/work/Standalone/localhost/doc
2013-07-22 21:14:13 ContextConfig[/doc]: Missing application web.xml, using defaults only
2013-07-22 21:14:13 StandardManager[/doc]: Seeding random number generator class java.security.SecureRandom
2013-07-22 21:14:13 StandardManager[/doc]: Seeding of random number generator has been completed
2013-07-22 21:14:13 StandardWrapper[/doc:default]: Loading container servlet default
2013-07-22 21:14:13 StandardWrapper[/doc:invoker]: Loading container servlet invoker
2013-07-22 21:14:13 HostConfig[localhost]: Deploying web application directory ROOT
2013-07-22 21:14:13 StandardHost[localhost]: Installing web application at context path  from URL file:/home/freeze/water_monitor/African_Drought_Monitor/LIBRARIES/gds-2.0/tomcat4/webapps/ROOT
2013-07-22 21:14:13 WebappLoader[]: Deploying class repositories to work directory /home/freeze/water_monitor/African_Drought_Monitor/LIBRARIES/gds-2.0/tomcat4/work/Standalone/localhost/_
2013-07-22 21:14:13 StandardManager[]: Seeding random number generator class java.security.SecureRandom
2013-07-22 21:14:13 StandardManager[]: Seeding of random number generator has been completed
2013-07-22 21:14:13 StandardWrapper[:default]: Loading container servlet default
2013-07-22 21:14:13 StandardWrapper[:invoker]: Loading container servlet invoker
2013-07-22 21:14:13 HostConfig[localhost]: Deploying web application directory dods
2013-07-22 21:14:13 StandardHost[localhost]: Installing web application at context path /dods from URL file:/home/freeze/water_monitor/African_Drought_Monitor/LIBRARIES/gds-2.0/tomcat4/webapps/dods
2013-07-22 21:14:13 WebappLoader[/dods]: Deploying class repositories to work directory /home/freeze/water_monitor/African_Drought_Monitor/LIBRARIES/gds-2.0/tomcat4/work/Standalone/localhost/dods
2013-07-22 21:14:13 WebappLoader[/dods]: Deploy JAR /WEB-INF/lib/anagram.jar to /home/freeze/water_monitor/African_Drought_Monitor/LIBRARIES/gds-2.0/tomcat4/webapps/dods/WEB-INF/lib/anagram.jar
2013-07-22 21:14:13 WebappLoader[/dods]: Deploy JAR /WEB-INF/lib/dods-1.1.7.jar to /home/freeze/water_monitor/African_Drought_Monitor/LIBRARIES/gds-2.0/tomcat4/webapps/dods/WEB-INF/lib/dods-1.1.7.jar
2013-07-22 21:14:13 WebappLoader[/dods]: Deploy JAR /WEB-INF/lib/gds.jar to /home/freeze/water_monitor/African_Drought_Monitor/LIBRARIES/gds-2.0/tomcat4/webapps/dods/WEB-INF/lib/gds.jar
2013-07-22 21:14:13 WebappLoader[/dods]: Deploy JAR /WEB-INF/lib/gnu-getopt-1.0.6.jar to /home/freeze/water_monitor/African_Drought_Monitor/LIBRARIES/gds-2.0/tomcat4/webapps/dods/WEB-INF/lib/gnu-getopt-1.0.6.jar
2013-07-22 21:14:13 WebappLoader[/dods]: Deploy JAR /WEB-INF/lib/gnu-regexp-1.1.4.jar to /home/freeze/water_monitor/African_Drought_Monitor/LIBRARIES/gds-2.0/tomcat4/webapps/dods/WEB-INF/lib/gnu-regexp-1.1.4.jar
2013-07-22 21:14:13 StandardManager[/dods]: Seeding random number generator class java.security.SecureRandom
2013-07-22 21:14:13 StandardManager[/dods]: Seeding of random number generator has been completed
2013-07-22 21:14:13 StandardWrapper[/dods:default]: Loading container servlet default
2013-07-22 21:14:14 StandardWrapper[/dods:invoker]: Loading container servlet invoker
2013-07-22 21:16:55 StandardHost[localhost]: Removing web application at context path 
2013-07-22 21:16:55 StandardHost[localhost]: Removing web application at context path /dods
2013-07-22 21:16:55 StandardHost[localhost]: Removing web application at context path /doc
2013-07-22 21:16:57 WebappLoader[/doc]: Deploying class repositories to work directory /home/freeze/water_monitor/African_Drought_Monitor/LIBRARIES/gds-2.0/tomcat4/work/Standalone/localhost/doc
2013-07-22 21:16:57 ContextConfig[/doc]: Missing application web.xml, using defaults only
2013-07-22 21:16:57 StandardManager[/doc]: Seeding random number generator class java.security.SecureRandom
2013-07-22 21:16:57 StandardManager[/doc]: Seeding of random number generator has been completed
2013-07-22 21:16:57 StandardWrapper[/doc:default]: Loading container servlet default
2013-07-22 21:16:57 StandardWrapper[/doc:invoker]: Loading container servlet invoker
2013-07-22 21:16:57 HostConfig[localhost]: Deploying web application directory ROOT
2013-07-22 21:16:57 StandardHost[localhost]: Installing web application at context path  from URL file:/home/freeze/water_monitor/African_Drought_Monitor/LIBRARIES/gds-2.0/tomcat4/webapps/ROOT
2013-07-22 21:16:57 WebappLoader[]: Deploying class repositories to work directory /home/freeze/water_monitor/African_Drought_Monitor/LIBRARIES/gds-2.0/tomcat4/work/Standalone/localhost/_
2013-07-22 21:16:57 StandardManager[]: Seeding random number generator class java.security.SecureRandom
2013-07-22 21:16:57 StandardManager[]: Seeding of random number generator has been completed
2013-07-22 21:16:57 StandardWrapper[:default]: Loading container servlet default
2013-07-22 21:16:57 StandardWrapper[:invoker]: Loading container servlet invoker
2013-07-22 21:16:57 HostConfig[localhost]: Deploying web application directory dods
2013-07-22 21:16:57 StandardHost[localhost]: Installing web application at context path /dods from URL file:/home/freeze/water_monitor/African_Drought_Monitor/LIBRARIES/gds-2.0/tomcat4/webapps/dods
2013-07-22 21:16:57 WebappLoader[/dods]: Deploying class repositories to work directory /home/freeze/water_monitor/African_Drought_Monitor/LIBRARIES/gds-2.0/tomcat4/work/Standalone/localhost/dods
2013-07-22 21:16:57 WebappLoader[/dods]: Deploy JAR /WEB-INF/lib/anagram.jar to /home/freeze/water_monitor/African_Drought_Monitor/LIBRARIES/gds-2.0/tomcat4/webapps/dods/WEB-INF/lib/anagram.jar
2013-07-22 21:16:57 WebappLoader[/dods]: Deploy JAR /WEB-INF/lib/dods-1.1.7.jar to /home/freeze/water_monitor/African_Drought_Monitor/LIBRARIES/gds-2.0/tomcat4/webapps/dods/WEB-INF/lib/dods-1.1.7.jar
2013-07-22 21:16:57 WebappLoader[/dods]: Deploy JAR /WEB-INF/lib/gds.jar to /home/freeze/water_monitor/African_Drought_Monitor/LIBRARIES/gds-2.0/tomcat4/webapps/dods/WEB-INF/lib/gds.jar
2013-07-22 21:16:57 WebappLoader[/dods]: Deploy JAR /WEB-INF/lib/gnu-getopt-1.0.6.jar to /home/freeze/water_monitor/African_Drought_Monitor/LIBRARIES/gds-2.0/tomcat4/webapps/dods/WEB-INF/lib/gnu-getopt-1.0.6.jar
2013-07-22 21:16:57 WebappLoader[/dods]: Deploy JAR /WEB-INF/lib/gnu-regexp-1.1.4.jar to /home/freeze/water_monitor/African_Drought_Monitor/LIBRARIES/gds-2.0/tomcat4/webapps/dods/WEB-INF/lib/gnu-regexp-1.1.4.jar
2013-07-22 21:16:57 StandardManager[/dods]: Seeding random number generator class java.security.SecureRandom
2013-07-22 21:16:57 StandardManager[/dods]: Seeding of random number generator has been completed
2013-07-22 21:16:57 StandardWrapper[/dods:default]: Loading container servlet default
2013-07-22 21:16:57 StandardWrapper[/dods:invoker]: Loading container servlet invoker
2013-07-22 21:22:28 StandardHost[localhost]: Removing web application at context path 
2013-07-22 21:22:28 StandardHost[localhost]: Removing web application at context path /dods
2013-07-22 21:22:28 StandardHost[localhost]: Removing web application at context path /doc
2013-07-22 21:22:30 WebappLoader[/doc]: Deploying class repositories to work directory /home/freeze/water_monitor/African_Drought_Monitor/LIBRARIES/gds-2.0/tomcat4/work/Standalone/localhost/doc
2013-07-22 21:22:30 ContextConfig[/doc]: Missing application web.xml, using defaults only
2013-07-22 21:22:30 StandardManager[/doc]: Seeding random number generator class java.security.SecureRandom
2013-07-22 21:22:30 StandardManager[/doc]: Seeding of random number generator has been completed
2013-07-22 21:22:30 StandardWrapper[/doc:default]: Loading container servlet default
2013-07-22 21:22:30 StandardWrapper[/doc:invoker]: Loading container servlet invoker
2013-07-22 21:22:30 HostConfig[localhost]: Deploying web application directory ROOT
2013-07-22 21:22:30 StandardHost[localhost]: Installing web application at context path  from URL file:/home/freeze/water_monitor/African_Drought_Monitor/LIBRARIES/gds-2.0/tomcat4/webapps/ROOT
2013-07-22 21:22:30 WebappLoader[]: Deploying class repositories to work directory /home/freeze/water_monitor/African_Drought_Monitor/LIBRARIES/gds-2.0/tomcat4/work/Standalone/localhost/_
2013-07-22 21:22:30 StandardManager[]: Seeding random number generator class java.security.SecureRandom
2013-07-22 21:22:30 StandardManager[]: Seeding of random number generator has been completed
2013-07-22 21:22:30 StandardWrapper[:default]: Loading container servlet default
2013-07-22 21:22:30 StandardWrapper[:invoker]: Loading container servlet invoker
2013-07-22 21:22:30 HostConfig[localhost]: Deploying web application directory dods
2013-07-22 21:22:30 StandardHost[localhost]: Installing web application at context path /dods from URL file:/home/freeze/water_monitor/African_Drought_Monitor/LIBRARIES/gds-2.0/tomcat4/webapps/dods
2013-07-22 21:22:30 WebappLoader[/dods]: Deploying class repositories to work directory /home/freeze/water_monitor/African_Drought_Monitor/LIBRARIES/gds-2.0/tomcat4/work/Standalone/localhost/dods
2013-07-22 21:22:30 WebappLoader[/dods]: Deploy JAR /WEB-INF/lib/anagram.jar to /home/freeze/water_monitor/African_Drought_Monitor/LIBRARIES/gds-2.0/tomcat4/webapps/dods/WEB-INF/lib/anagram.jar
2013-07-22 21:22:30 WebappLoader[/dods]: Deploy JAR /WEB-INF/lib/dods-1.1.7.jar to /home/freeze/water_monitor/African_Drought_Monitor/LIBRARIES/gds-2.0/tomcat4/webapps/dods/WEB-INF/lib/dods-1.1.7.jar
2013-07-22 21:22:30 WebappLoader[/dods]: Deploy JAR /WEB-INF/lib/gds.jar to /home/freeze/water_monitor/African_Drought_Monitor/LIBRARIES/gds-2.0/tomcat4/webapps/dods/WEB-INF/lib/gds.jar
2013-07-22 21:22:30 WebappLoader[/dods]: Deploy JAR /WEB-INF/lib/gnu-getopt-1.0.6.jar to /home/freeze/water_monitor/African_Drought_Monitor/LIBRARIES/gds-2.0/tomcat4/webapps/dods/WEB-INF/lib/gnu-getopt-1.0.6.jar
2013-07-22 21:22:30 WebappLoader[/dods]: Deploy JAR /WEB-INF/lib/gnu-regexp-1.1.4.jar to /home/freeze/water_monitor/African_Drought_Monitor/LIBRARIES/gds-2.0/tomcat4/webapps/dods/WEB-INF/lib/gnu-regexp-1.1.4.jar
2013-07-22 21:22:30 StandardManager[/dods]: Seeding random number generator class java.security.SecureRandom
2013-07-22 21:22:30 StandardManager[/dods]: Seeding of random number generator has been completed
2013-07-22 21:22:30 StandardWrapper[/dods:default]: Loading container servlet default
2013-07-22 21:22:31 StandardWrapper[/dods:invoker]: Loading container servlet invoker
2013-07-22 21:23:00 StandardHost[localhost]: Removing web application at context path 
2013-07-22 21:23:00 StandardHost[localhost]: Removing web application at context path /dods
2013-07-22 21:23:00 StandardHost[localhost]: Removing web application at context path /doc
2013-07-22 22:19:51 WebappLoader[/doc]: Deploying class repositories to work directory /home/freeze/water_monitor/African_Drought_Monitor/LIBRARIES/gds-2.0/tomcat4/work/Standalone/localhost/doc
2013-07-22 22:19:51 ContextConfig[/doc]: Missing application web.xml, using defaults only
2013-07-22 22:19:51 StandardManager[/doc]: Seeding random number generator class java.security.SecureRandom
2013-07-22 22:19:51 StandardManager[/doc]: Seeding of random number generator has been completed
2013-07-22 22:19:51 StandardWrapper[/doc:default]: Loading container servlet default
2013-07-22 22:19:51 StandardWrapper[/doc:invoker]: Loading container servlet invoker
2013-07-22 22:19:51 HostConfig[localhost]: Deploying web application directory ROOT
2013-07-22 22:19:51 StandardHost[localhost]: Installing web application at context path  from URL file:/home/freeze/water_monitor/African_Drought_Monitor/LIBRARIES/gds-2.0/tomcat4/webapps/ROOT
2013-07-22 22:19:51 WebappLoader[]: Deploying class repositories to work directory /home/freeze/water_monitor/African_Drought_Monitor/LIBRARIES/gds-2.0/tomcat4/work/Standalone/localhost/_
2013-07-22 22:19:51 StandardManager[]: Seeding random number generator class java.security.SecureRandom
2013-07-22 22:19:51 StandardManager[]: Seeding of random number generator has been completed
2013-07-22 22:19:51 StandardWrapper[:default]: Loading container servlet default
2013-07-22 22:19:51 StandardWrapper[:invoker]: Loading container servlet invoker
2013-07-22 22:19:51 HostConfig[localhost]: Deploying web application directory dods
2013-07-22 22:19:51 StandardHost[localhost]: Installing web application at context path /dods from URL file:/home/freeze/water_monitor/African_Drought_Monitor/LIBRARIES/gds-2.0/tomcat4/webapps/dods
2013-07-22 22:19:51 WebappLoader[/dods]: Deploying class repositories to work directory /home/freeze/water_monitor/African_Drought_Monitor/LIBRARIES/gds-2.0/tomcat4/work/Standalone/localhost/dods
2013-07-22 22:19:51 WebappLoader[/dods]: Deploy JAR /WEB-INF/lib/anagram.jar to /home/freeze/water_monitor/African_Drought_Monitor/LIBRARIES/gds-2.0/tomcat4/webapps/dods/WEB-INF/lib/anagram.jar
2013-07-22 22:19:51 WebappLoader[/dods]: Deploy JAR /WEB-INF/lib/dods-1.1.7.jar to /home/freeze/water_monitor/African_Drought_Monitor/LIBRARIES/gds-2.0/tomcat4/webapps/dods/WEB-INF/lib/dods-1.1.7.jar
2013-07-22 22:19:51 WebappLoader[/dods]: Deploy JAR /WEB-INF/lib/gds.jar to /home/freeze/water_monitor/African_Drought_Monitor/LIBRARIES/gds-2.0/tomcat4/webapps/dods/WEB-INF/lib/gds.jar
2013-07-22 22:19:51 WebappLoader[/dods]: Deploy JAR /WEB-INF/lib/gnu-getopt-1.0.6.jar to /home/freeze/water_monitor/African_Drought_Monitor/LIBRARIES/gds-2.0/tomcat4/webapps/dods/WEB-INF/lib/gnu-getopt-1.0.6.jar
2013-07-22 22:19:51 WebappLoader[/dods]: Deploy JAR /WEB-INF/lib/gnu-regexp-1.1.4.jar to /home/freeze/water_monitor/African_Drought_Monitor/LIBRARIES/gds-2.0/tomcat4/webapps/dods/WEB-INF/lib/gnu-regexp-1.1.4.jar
2013-07-22 22:19:51 StandardManager[/dods]: Seeding random number generator class java.security.SecureRandom
2013-07-22 22:19:51 StandardManager[/dods]: Seeding of random number generator has been completed
2013-07-22 22:19:51 StandardWrapper[/dods:default]: Loading container servlet default
2013-07-22 22:19:51 StandardWrapper[/dods:invoker]: Loading container servlet invoker
2013-07-22 22:21:48 StandardHost[localhost]: Removing web application at context path 
2013-07-22 22:21:48 StandardHost[localhost]: Removing web application at context path /dods
2013-07-22 22:21:48 StandardHost[localhost]: Removing web application at context path /doc
2013-07-22 22:21:50 WebappLoader[/doc]: Deploying class repositories to work directory /home/freeze/water_monitor/African_Drought_Monitor/LIBRARIES/gds-2.0/tomcat4/work/Standalone/localhost/doc
2013-07-22 22:21:50 ContextConfig[/doc]: Missing application web.xml, using defaults only
2013-07-22 22:21:50 StandardManager[/doc]: Seeding random number generator class java.security.SecureRandom
2013-07-22 22:21:50 StandardManager[/doc]: Seeding of random number generator has been completed
2013-07-22 22:21:50 StandardWrapper[/doc:default]: Loading container servlet default
2013-07-22 22:21:50 StandardWrapper[/doc:invoker]: Loading container servlet invoker
2013-07-22 22:21:50 HostConfig[localhost]: Deploying web application directory ROOT
2013-07-22 22:21:50 StandardHost[localhost]: Installing web application at context path  from URL file:/home/freeze/water_monitor/African_Drought_Monitor/LIBRARIES/gds-2.0/tomcat4/webapps/ROOT
2013-07-22 22:21:50 WebappLoader[]: Deploying class repositories to work directory /home/freeze/water_monitor/African_Drought_Monitor/LIBRARIES/gds-2.0/tomcat4/work/Standalone/localhost/_
2013-07-22 22:21:50 StandardManager[]: Seeding random number generator class java.security.SecureRandom
2013-07-22 22:21:50 StandardManager[]: Seeding of random number generator has been completed
2013-07-22 22:21:50 StandardWrapper[:default]: Loading container servlet default
2013-07-22 22:21:50 StandardWrapper[:invoker]: Loading container servlet invoker
2013-07-22 22:21:50 HostConfig[localhost]: Deploying web application directory dods
2013-07-22 22:21:50 StandardHost[localhost]: Installing web application at context path /dods from URL file:/home/freeze/water_monitor/African_Drought_Monitor/LIBRARIES/gds-2.0/tomcat4/webapps/dods
2013-07-22 22:21:50 WebappLoader[/dods]: Deploying class repositories to work directory /home/freeze/water_monitor/African_Drought_Monitor/LIBRARIES/gds-2.0/tomcat4/work/Standalone/localhost/dods
2013-07-22 22:21:50 WebappLoader[/dods]: Deploy JAR /WEB-INF/lib/anagram.jar to /home/freeze/water_monitor/African_Drought_Monitor/LIBRARIES/gds-2.0/tomcat4/webapps/dods/WEB-INF/lib/anagram.jar
2013-07-22 22:21:50 WebappLoader[/dods]: Deploy JAR /WEB-INF/lib/dods-1.1.7.jar to /home/freeze/water_monitor/African_Drought_Monitor/LIBRARIES/gds-2.0/tomcat4/webapps/dods/WEB-INF/lib/dods-1.1.7.jar
2013-07-22 22:21:50 WebappLoader[/dods]: Deploy JAR /WEB-INF/lib/gds.jar to /home/freeze/water_monitor/African_Drought_Monitor/LIBRARIES/gds-2.0/tomcat4/webapps/dods/WEB-INF/lib/gds.jar
2013-07-22 22:21:50 WebappLoader[/dods]: Deploy JAR /WEB-INF/lib/gnu-getopt-1.0.6.jar to /home/freeze/water_monitor/African_Drought_Monitor/LIBRARIES/gds-2.0/tomcat4/webapps/dods/WEB-INF/lib/gnu-getopt-1.0.6.jar
2013-07-22 22:21:50 WebappLoader[/dods]: Deploy JAR /WEB-INF/lib/gnu-regexp-1.1.4.jar to /home/freeze/water_monitor/African_Drought_Monitor/LIBRARIES/gds-2.0/tomcat4/webapps/dods/WEB-INF/lib/gnu-regexp-1.1.4.jar
2013-07-22 22:21:50 StandardManager[/dods]: Seeding random number generator class java.security.SecureRandom
2013-07-22 22:21:50 StandardManager[/dods]: Seeding of random number generator has been completed
2013-07-22 22:21:50 StandardWrapper[/dods:default]: Loading container servlet default
2013-07-22 22:21:51 StandardWrapper[/dods:invoker]: Loading container servlet invoker
